<?xml version="1.0" encoding="UTF-8"?>
<robot generator="Robot 3.2.2 (Python 3.9.0 on win32)" generated="20201114 08:07:07.275" rpa="false">
<suite id="s1" name="CP-010" source="C:\Users\cesar\PycharmProjects\prueba2\TestCases\casos-prueba-hipertic\Test Hipertensión\CP-010\CP-010.robot">
<test id="s1-t1" name="CP010 Hacer el test solo llenando un campo del formulario">
<kw name="Open Browser" library="Selenium2Library">
<doc>Opens a new browser instance to the optional ``url``.</doc>
<arguments>
<arg>http://localhost:8080/Crud-java-web-oracle-Cesar/</arg>
<arg>chrome</arg>
</arguments>
<msg timestamp="20201114 08:07:07.765" level="INFO">Opening browser 'chrome' to base url 'http://localhost:8080/Crud-java-web-oracle-Cesar/'.</msg>
<status status="PASS" starttime="20201114 08:07:07.764" endtime="20201114 08:07:20.500"></status>
</kw>
<kw name="Wait Until Element Is Visible" library="Selenium2Library">
<doc>Waits until the element ``locator`` is visible.</doc>
<arguments>
<arg>xpath=/html/body/div/div/div/div/form/div[4]/input</arg>
</arguments>
<status status="PASS" starttime="20201114 08:07:20.500" endtime="20201114 08:07:21.426"></status>
</kw>
<kw name="Set Screenshot Directory" library="Selenium2Library">
<doc>Sets the directory for captured screenshots.</doc>
<arguments>
<arg>Pruebas</arg>
</arguments>
<status status="PASS" starttime="20201114 08:07:21.427" endtime="20201114 08:07:21.428"></status>
</kw>
<kw name="Capture Page Screenshot" library="Selenium2Library">
<doc>Takes a screenshot of the current page and embeds it into a log file.</doc>
<arguments>
<arg>Paso1.png</arg>
</arguments>
<msg timestamp="20201114 08:07:24.491" level="INFO" html="yes">&lt;/td&gt;&lt;/tr&gt;&lt;tr&gt;&lt;td colspan="3"&gt;&lt;a href="Pruebas/Paso1.png"&gt;&lt;img src="Pruebas/Paso1.png" width="800px"&gt;&lt;/a&gt;</msg>
<status status="PASS" starttime="20201114 08:07:21.428" endtime="20201114 08:07:24.492"></status>
</kw>
<kw name="Input Text" library="Selenium2Library">
<doc>Types the given ``text`` into the text field identified by ``locator``.</doc>
<arguments>
<arg>xpath=/html/body/div/div/div/div/form/div[2]/input</arg>
<arg>usuario11</arg>
</arguments>
<msg timestamp="20201114 08:07:24.598" level="INFO">Typing text 'usuario11' into text field 'xpath=/html/body/div/div/div/div/form/div[2]/input'.</msg>
<status status="PASS" starttime="20201114 08:07:24.598" endtime="20201114 08:07:30.516"></status>
</kw>
<kw name="Input Text" library="Selenium2Library">
<doc>Types the given ``text`` into the text field identified by ``locator``.</doc>
<arguments>
<arg>xpath=/html/body/div/div/div/div/form/div[3]/input</arg>
<arg>1234+1234</arg>
</arguments>
<msg timestamp="20201114 08:07:30.517" level="INFO">Typing text '1234+1234' into text field 'xpath=/html/body/div/div/div/div/form/div[3]/input'.</msg>
<status status="PASS" starttime="20201114 08:07:30.517" endtime="20201114 08:07:31.219"></status>
</kw>
<kw name="Capture Page Screenshot" library="Selenium2Library">
<doc>Takes a screenshot of the current page and embeds it into a log file.</doc>
<arguments>
<arg>Paso2.png</arg>
</arguments>
<msg timestamp="20201114 08:07:31.859" level="INFO" html="yes">&lt;/td&gt;&lt;/tr&gt;&lt;tr&gt;&lt;td colspan="3"&gt;&lt;a href="Pruebas/Paso2.png"&gt;&lt;img src="Pruebas/Paso2.png" width="800px"&gt;&lt;/a&gt;</msg>
<status status="PASS" starttime="20201114 08:07:31.228" endtime="20201114 08:07:31.860"></status>
</kw>
<kw name="Sleep" library="BuiltIn">
<doc>Pauses the test executed for the given time.</doc>
<arguments>
<arg>2s</arg>
</arguments>
<msg timestamp="20201114 08:07:33.868" level="INFO">Slept 2 seconds</msg>
<status status="PASS" starttime="20201114 08:07:31.866" endtime="20201114 08:07:33.868"></status>
</kw>
<kw name="Click Element" library="Selenium2Library">
<doc>Click the element identified by ``locator``.</doc>
<arguments>
<arg>xpath=/html/body/div/div/div/div/form/div[4]/input</arg>
</arguments>
<msg timestamp="20201114 08:07:33.868" level="INFO">Clicking element 'xpath=/html/body/div/div/div/div/form/div[4]/input'.</msg>
<status status="PASS" starttime="20201114 08:07:33.868" endtime="20201114 08:07:38.938"></status>
</kw>
<kw name="Sleep" library="BuiltIn">
<doc>Pauses the test executed for the given time.</doc>
<arguments>
<arg>5s</arg>
</arguments>
<msg timestamp="20201114 08:07:43.943" level="INFO">Slept 5 seconds</msg>
<status status="PASS" starttime="20201114 08:07:38.940" endtime="20201114 08:07:43.943"></status>
</kw>
<kw name="Title Should Be" library="Selenium2Library">
<doc>Verifies that the current page title equals ``title``.</doc>
<arguments>
<arg>Inicio</arg>
</arguments>
<msg timestamp="20201114 08:07:43.953" level="INFO">Page title is 'Inicio'.</msg>
<status status="PASS" starttime="20201114 08:07:43.944" endtime="20201114 08:07:43.953"></status>
</kw>
<kw name="Page Should Contain" library="Selenium2Library">
<doc>Verifies that current page contains ``text``.</doc>
<arguments>
<arg>Test de hipertensión</arg>
</arguments>
<msg timestamp="20201114 08:07:44.028" level="INFO">Current page contains text 'Test de hipertensión'.</msg>
<status status="PASS" starttime="20201114 08:07:43.954" endtime="20201114 08:07:44.028"></status>
</kw>
<kw name="Wait Until Element Is Visible" library="Selenium2Library">
<doc>Waits until the element ``locator`` is visible.</doc>
<arguments>
<arg>xpath=/html/body/div/div[1]/div/div[2]/a</arg>
</arguments>
<status status="PASS" starttime="20201114 08:07:44.029" endtime="20201114 08:07:44.070"></status>
</kw>
<kw name="Capture Page Screenshot" library="Selenium2Library">
<doc>Takes a screenshot of the current page and embeds it into a log file.</doc>
<arguments>
<arg>Paso3.png</arg>
</arguments>
<msg timestamp="20201114 08:07:44.494" level="INFO" html="yes">&lt;/td&gt;&lt;/tr&gt;&lt;tr&gt;&lt;td colspan="3"&gt;&lt;a href="Pruebas/Paso3.png"&gt;&lt;img src="Pruebas/Paso3.png" width="800px"&gt;&lt;/a&gt;</msg>
<status status="PASS" starttime="20201114 08:07:44.070" endtime="20201114 08:07:44.495"></status>
</kw>
<kw name="Click Element" library="Selenium2Library">
<doc>Click the element identified by ``locator``.</doc>
<arguments>
<arg>xpath=/html/body/div/div[1]/div/div[2]/a</arg>
</arguments>
<msg timestamp="20201114 08:07:44.496" level="INFO">Clicking element 'xpath=/html/body/div/div[1]/div/div[2]/a'.</msg>
<status status="PASS" starttime="20201114 08:07:44.495" endtime="20201114 08:07:45.259"></status>
</kw>
<kw name="Title Should Be" library="Selenium2Library">
<doc>Verifies that the current page title equals ``title``.</doc>
<arguments>
<arg>JSP Page</arg>
</arguments>
<msg timestamp="20201114 08:07:45.265" level="INFO">Page title is 'JSP Page'.</msg>
<status status="PASS" starttime="20201114 08:07:45.260" endtime="20201114 08:07:45.266"></status>
</kw>
<kw name="Capture Page Screenshot" library="Selenium2Library">
<doc>Takes a screenshot of the current page and embeds it into a log file.</doc>
<arguments>
<arg>Paso4.png</arg>
</arguments>
<msg timestamp="20201114 08:07:46.154" level="INFO" html="yes">&lt;/td&gt;&lt;/tr&gt;&lt;tr&gt;&lt;td colspan="3"&gt;&lt;a href="Pruebas/Paso4.png"&gt;&lt;img src="Pruebas/Paso4.png" width="800px"&gt;&lt;/a&gt;</msg>
<status status="PASS" starttime="20201114 08:07:45.266" endtime="20201114 08:07:46.154"></status>
</kw>
<kw name="Click Element" library="Selenium2Library">
<doc>Click the element identified by ``locator``.</doc>
<arguments>
<arg>xpath=/html/body/div/form/div[1]/label[1]/input</arg>
</arguments>
<msg timestamp="20201114 08:07:46.156" level="INFO">Clicking element 'xpath=/html/body/div/form/div[1]/label[1]/input'.</msg>
<status status="PASS" starttime="20201114 08:07:46.155" endtime="20201114 08:07:46.234"></status>
</kw>
<kw name="Sleep" library="BuiltIn">
<doc>Pauses the test executed for the given time.</doc>
<arguments>
<arg>2s</arg>
</arguments>
<msg timestamp="20201114 08:07:48.236" level="INFO">Slept 2 seconds</msg>
<status status="PASS" starttime="20201114 08:07:46.235" endtime="20201114 08:07:48.236"></status>
</kw>
<kw name="Click Element" library="Selenium2Library">
<doc>Click the element identified by ``locator``.</doc>
<arguments>
<arg>xpath=/html/body/div/form/div[1]/label[3]/input</arg>
</arguments>
<msg timestamp="20201114 08:07:48.250" level="INFO">Clicking element 'xpath=/html/body/div/form/div[1]/label[3]/input'.</msg>
<status status="PASS" starttime="20201114 08:07:48.250" endtime="20201114 08:07:48.321"></status>
</kw>
<kw name="Sleep" library="BuiltIn">
<doc>Pauses the test executed for the given time.</doc>
<arguments>
<arg>2s</arg>
</arguments>
<msg timestamp="20201114 08:07:50.324" level="INFO">Slept 2 seconds</msg>
<status status="PASS" starttime="20201114 08:07:48.322" endtime="20201114 08:07:50.324"></status>
</kw>
<kw name="Click Element" library="Selenium2Library">
<doc>Click the element identified by ``locator``.</doc>
<arguments>
<arg>xpath=/html/body/div/form/div[1]/label[8]/input</arg>
</arguments>
<msg timestamp="20201114 08:07:50.325" level="INFO">Clicking element 'xpath=/html/body/div/form/div[1]/label[8]/input'.</msg>
<status status="PASS" starttime="20201114 08:07:50.324" endtime="20201114 08:07:50.399"></status>
</kw>
<kw name="Capture Page Screenshot" library="Selenium2Library">
<doc>Takes a screenshot of the current page and embeds it into a log file.</doc>
<arguments>
<arg>Paso5.png</arg>
</arguments>
<msg timestamp="20201114 08:07:50.880" level="INFO" html="yes">&lt;/td&gt;&lt;/tr&gt;&lt;tr&gt;&lt;td colspan="3"&gt;&lt;a href="Pruebas/Paso5.png"&gt;&lt;img src="Pruebas/Paso5.png" width="800px"&gt;&lt;/a&gt;</msg>
<status status="PASS" starttime="20201114 08:07:50.400" endtime="20201114 08:07:50.880"></status>
</kw>
<kw name="Sleep" library="BuiltIn">
<doc>Pauses the test executed for the given time.</doc>
<arguments>
<arg>3s</arg>
</arguments>
<msg timestamp="20201114 08:07:53.883" level="INFO">Slept 3 seconds</msg>
<status status="PASS" starttime="20201114 08:07:50.881" endtime="20201114 08:07:53.883"></status>
</kw>
<kw name="Click Element" library="Selenium2Library">
<doc>Click the element identified by ``locator``.</doc>
<arguments>
<arg>xpath=/html/body/div/form/div[4]/input</arg>
</arguments>
<msg timestamp="20201114 08:07:53.884" level="INFO">Clicking element 'xpath=/html/body/div/form/div[4]/input'.</msg>
<status status="PASS" starttime="20201114 08:07:53.884" endtime="20201114 08:07:53.987"></status>
</kw>
<kw name="Capture Page Screenshot" library="Selenium2Library">
<doc>Takes a screenshot of the current page and embeds it into a log file.</doc>
<arguments>
<arg>Paso6.png</arg>
</arguments>
<msg timestamp="20201114 08:07:56.894" level="INFO" html="yes">&lt;/td&gt;&lt;/tr&gt;&lt;tr&gt;&lt;td colspan="3"&gt;&lt;a href="Pruebas/Paso6.png"&gt;&lt;img src="Pruebas/Paso6.png" width="800px"&gt;&lt;/a&gt;</msg>
<status status="PASS" starttime="20201114 08:07:53.991" endtime="20201114 08:07:56.894"></status>
</kw>
<kw name="Sleep" library="BuiltIn">
<doc>Pauses the test executed for the given time.</doc>
<arguments>
<arg>5s</arg>
</arguments>
<msg timestamp="20201114 08:08:01.898" level="INFO">Slept 5 seconds</msg>
<status status="PASS" starttime="20201114 08:07:56.896" endtime="20201114 08:08:01.898"></status>
</kw>
<kw name="Close Browser" library="Selenium2Library">
<doc>Closes the current browser.</doc>
<status status="PASS" starttime="20201114 08:08:01.899" endtime="20201114 08:08:04.258"></status>
</kw>
<status status="PASS" starttime="20201114 08:07:07.763" endtime="20201114 08:08:04.259" critical="yes"></status>
</test>
<doc>Hacer el test solo llenando un campo del formulario</doc>
<status status="PASS" starttime="20201114 08:07:07.280" endtime="20201114 08:08:04.353"></status>
</suite>
<statistics>
<total>
<stat pass="1" fail="0">Critical Tests</stat>
<stat pass="1" fail="0">All Tests</stat>
</total>
<tag>
</tag>
<suite>
<stat pass="1" fail="0" id="s1" name="CP-010">CP-010</stat>
</suite>
</statistics>
<errors>
</errors>
</robot>
