<?xml version="1.0" encoding="UTF-8"?>
<robot generator="Robot 3.2.2 (Python 3.9.0 on win32)" generated="20201105 15:37:07.638" rpa="false">
<suite id="s1" name="CP-010" source="C:\Users\Usuario\Desktop\Automatización pruebas\Test Hipertensión\CP-010\CP-010.robot">
<test id="s1-t1" name="CP009 Hacer correctamente el test de Hipertension">
<kw name="Open Browser" library="Selenium2Library">
<doc>Opens a new browser instance to the optional ``url``.</doc>
<arguments>
<arg>http://localhost:8080/Crud-java-web-oracle-Cesar/</arg>
<arg>chrome</arg>
</arguments>
<msg timestamp="20201105 15:37:07.814" level="INFO">Opening browser 'chrome' to base url 'http://localhost:8080/Crud-java-web-oracle-Cesar/'.</msg>
<status status="PASS" starttime="20201105 15:37:07.814" endtime="20201105 15:37:10.756"></status>
</kw>
<kw name="Wait Until Element Is Visible" library="Selenium2Library">
<doc>Waits until the element ``locator`` is visible.</doc>
<arguments>
<arg>xpath=/html/body/div/div/div/div/form/div[4]/input</arg>
</arguments>
<status status="PASS" starttime="20201105 15:37:10.756" endtime="20201105 15:37:10.819"></status>
</kw>
<kw name="Set Screenshot Directory" library="Selenium2Library">
<doc>Sets the directory for captured screenshots.</doc>
<arguments>
<arg>Pruebas</arg>
</arguments>
<status status="PASS" starttime="20201105 15:37:10.819" endtime="20201105 15:37:10.820"></status>
</kw>
<kw name="Capture Page Screenshot" library="Selenium2Library">
<doc>Takes a screenshot of the current page and embeds it into a log file.</doc>
<arguments>
<arg>Paso1.png</arg>
</arguments>
<msg timestamp="20201105 15:37:11.231" level="INFO" html="yes">&lt;/td&gt;&lt;/tr&gt;&lt;tr&gt;&lt;td colspan="3"&gt;&lt;a href="Pruebas/Paso1.png"&gt;&lt;img src="Pruebas/Paso1.png" width="800px"&gt;&lt;/a&gt;</msg>
<status status="PASS" starttime="20201105 15:37:10.820" endtime="20201105 15:37:11.231"></status>
</kw>
<kw name="Input Text" library="Selenium2Library">
<doc>Types the given ``text`` into the text field identified by ``locator``.</doc>
<arguments>
<arg>xpath=/html/body/div/div/div/div/form/div[2]/input</arg>
<arg>usuario11</arg>
</arguments>
<msg timestamp="20201105 15:37:11.232" level="INFO">Typing text 'usuario11' into text field 'xpath=/html/body/div/div/div/div/form/div[2]/input'.</msg>
<status status="PASS" starttime="20201105 15:37:11.231" endtime="20201105 15:37:11.380"></status>
</kw>
<kw name="Input Text" library="Selenium2Library">
<doc>Types the given ``text`` into the text field identified by ``locator``.</doc>
<arguments>
<arg>xpath=/html/body/div/div/div/div/form/div[3]/input</arg>
<arg>1234+1234</arg>
</arguments>
<msg timestamp="20201105 15:37:11.381" level="INFO">Typing text '1234+1234' into text field 'xpath=/html/body/div/div/div/div/form/div[3]/input'.</msg>
<status status="PASS" starttime="20201105 15:37:11.380" endtime="20201105 15:37:11.520"></status>
</kw>
<kw name="Capture Page Screenshot" library="Selenium2Library">
<doc>Takes a screenshot of the current page and embeds it into a log file.</doc>
<arguments>
<arg>Paso2.png</arg>
</arguments>
<msg timestamp="20201105 15:37:11.862" level="INFO" html="yes">&lt;/td&gt;&lt;/tr&gt;&lt;tr&gt;&lt;td colspan="3"&gt;&lt;a href="Pruebas/Paso2.png"&gt;&lt;img src="Pruebas/Paso2.png" width="800px"&gt;&lt;/a&gt;</msg>
<status status="PASS" starttime="20201105 15:37:11.520" endtime="20201105 15:37:11.862"></status>
</kw>
<kw name="Sleep" library="BuiltIn">
<doc>Pauses the test executed for the given time.</doc>
<arguments>
<arg>2s</arg>
</arguments>
<msg timestamp="20201105 15:37:13.864" level="INFO">Slept 2 seconds</msg>
<status status="PASS" starttime="20201105 15:37:11.863" endtime="20201105 15:37:13.864"></status>
</kw>
<kw name="Click Element" library="Selenium2Library">
<doc>Click the element identified by ``locator``.</doc>
<arguments>
<arg>xpath=/html/body/div/div/div/div/form/div[4]/input</arg>
</arguments>
<msg timestamp="20201105 15:37:13.865" level="INFO">Clicking element 'xpath=/html/body/div/div/div/div/form/div[4]/input'.</msg>
<status status="PASS" starttime="20201105 15:37:13.864" endtime="20201105 15:37:14.429"></status>
</kw>
<kw name="Sleep" library="BuiltIn">
<doc>Pauses the test executed for the given time.</doc>
<arguments>
<arg>5s</arg>
</arguments>
<msg timestamp="20201105 15:37:19.431" level="INFO">Slept 5 seconds</msg>
<status status="PASS" starttime="20201105 15:37:14.430" endtime="20201105 15:37:19.431"></status>
</kw>
<kw name="Title Should Be" library="Selenium2Library">
<doc>Verifies that the current page title equals ``title``.</doc>
<arguments>
<arg>Inicio</arg>
</arguments>
<msg timestamp="20201105 15:37:19.439" level="INFO">Page title is 'Inicio'.</msg>
<status status="PASS" starttime="20201105 15:37:19.431" endtime="20201105 15:37:19.439"></status>
</kw>
<kw name="Page Should Contain" library="Selenium2Library">
<doc>Verifies that current page contains ``text``.</doc>
<arguments>
<arg>Test de hipertensión</arg>
</arguments>
<msg timestamp="20201105 15:37:19.456" level="INFO">Current page contains text 'Test de hipertensión'.</msg>
<status status="PASS" starttime="20201105 15:37:19.440" endtime="20201105 15:37:19.456"></status>
</kw>
<kw name="Wait Until Element Is Visible" library="Selenium2Library">
<doc>Waits until the element ``locator`` is visible.</doc>
<arguments>
<arg>xpath=/html/body/div/div[1]/div/div[2]/a</arg>
</arguments>
<status status="PASS" starttime="20201105 15:37:19.456" endtime="20201105 15:37:19.485"></status>
</kw>
<kw name="Capture Page Screenshot" library="Selenium2Library">
<doc>Takes a screenshot of the current page and embeds it into a log file.</doc>
<arguments>
<arg>Paso3.png</arg>
</arguments>
<msg timestamp="20201105 15:37:19.798" level="INFO" html="yes">&lt;/td&gt;&lt;/tr&gt;&lt;tr&gt;&lt;td colspan="3"&gt;&lt;a href="Pruebas/Paso3.png"&gt;&lt;img src="Pruebas/Paso3.png" width="800px"&gt;&lt;/a&gt;</msg>
<status status="PASS" starttime="20201105 15:37:19.485" endtime="20201105 15:37:19.798"></status>
</kw>
<kw name="Click Element" library="Selenium2Library">
<doc>Click the element identified by ``locator``.</doc>
<arguments>
<arg>xpath=/html/body/div/div[1]/div/div[2]/a</arg>
</arguments>
<msg timestamp="20201105 15:37:19.798" level="INFO">Clicking element 'xpath=/html/body/div/div[1]/div/div[2]/a'.</msg>
<status status="PASS" starttime="20201105 15:37:19.798" endtime="20201105 15:37:19.951"></status>
</kw>
<kw name="Title Should Be" library="Selenium2Library">
<doc>Verifies that the current page title equals ``title``.</doc>
<arguments>
<arg>JSP Page</arg>
</arguments>
<msg timestamp="20201105 15:37:19.957" level="INFO">Page title is 'JSP Page'.</msg>
<status status="PASS" starttime="20201105 15:37:19.952" endtime="20201105 15:37:19.958"></status>
</kw>
<kw name="Capture Page Screenshot" library="Selenium2Library">
<doc>Takes a screenshot of the current page and embeds it into a log file.</doc>
<arguments>
<arg>Paso4.png</arg>
</arguments>
<msg timestamp="20201105 15:37:20.313" level="INFO" html="yes">&lt;/td&gt;&lt;/tr&gt;&lt;tr&gt;&lt;td colspan="3"&gt;&lt;a href="Pruebas/Paso4.png"&gt;&lt;img src="Pruebas/Paso4.png" width="800px"&gt;&lt;/a&gt;</msg>
<status status="PASS" starttime="20201105 15:37:19.959" endtime="20201105 15:37:20.313"></status>
</kw>
<kw name="Click Element" library="Selenium2Library">
<doc>Click the element identified by ``locator``.</doc>
<arguments>
<arg>xpath=/html/body/div/form/div[1]/label[1]/input</arg>
</arguments>
<msg timestamp="20201105 15:37:20.314" level="INFO">Clicking element 'xpath=/html/body/div/form/div[1]/label[1]/input'.</msg>
<status status="PASS" starttime="20201105 15:37:20.314" endtime="20201105 15:37:20.397"></status>
</kw>
<kw name="Sleep" library="BuiltIn">
<doc>Pauses the test executed for the given time.</doc>
<arguments>
<arg>2s</arg>
</arguments>
<msg timestamp="20201105 15:37:22.399" level="INFO">Slept 2 seconds</msg>
<status status="PASS" starttime="20201105 15:37:20.397" endtime="20201105 15:37:22.399"></status>
</kw>
<kw name="Click Element" library="Selenium2Library">
<doc>Click the element identified by ``locator``.</doc>
<arguments>
<arg>xpath=/html/body/div/form/div[1]/label[3]/input</arg>
</arguments>
<msg timestamp="20201105 15:37:22.400" level="INFO">Clicking element 'xpath=/html/body/div/form/div[1]/label[3]/input'.</msg>
<status status="PASS" starttime="20201105 15:37:22.399" endtime="20201105 15:37:22.468"></status>
</kw>
<kw name="Sleep" library="BuiltIn">
<doc>Pauses the test executed for the given time.</doc>
<arguments>
<arg>2s</arg>
</arguments>
<msg timestamp="20201105 15:37:24.469" level="INFO">Slept 2 seconds</msg>
<status status="PASS" starttime="20201105 15:37:22.469" endtime="20201105 15:37:24.469"></status>
</kw>
<kw name="Click Element" library="Selenium2Library">
<doc>Click the element identified by ``locator``.</doc>
<arguments>
<arg>xpath=/html/body/div/form/div[1]/label[8]/input</arg>
</arguments>
<msg timestamp="20201105 15:37:24.470" level="INFO">Clicking element 'xpath=/html/body/div/form/div[1]/label[8]/input'.</msg>
<status status="PASS" starttime="20201105 15:37:24.469" endtime="20201105 15:37:24.532"></status>
</kw>
<kw name="Capture Page Screenshot" library="Selenium2Library">
<doc>Takes a screenshot of the current page and embeds it into a log file.</doc>
<arguments>
<arg>Paso5.png</arg>
</arguments>
<msg timestamp="20201105 15:37:24.886" level="INFO" html="yes">&lt;/td&gt;&lt;/tr&gt;&lt;tr&gt;&lt;td colspan="3"&gt;&lt;a href="Pruebas/Paso5.png"&gt;&lt;img src="Pruebas/Paso5.png" width="800px"&gt;&lt;/a&gt;</msg>
<status status="PASS" starttime="20201105 15:37:24.532" endtime="20201105 15:37:24.886"></status>
</kw>
<kw name="Sleep" library="BuiltIn">
<doc>Pauses the test executed for the given time.</doc>
<arguments>
<arg>3s</arg>
</arguments>
<msg timestamp="20201105 15:37:27.889" level="INFO">Slept 3 seconds</msg>
<status status="PASS" starttime="20201105 15:37:24.887" endtime="20201105 15:37:27.889"></status>
</kw>
<kw name="Click Element" library="Selenium2Library">
<doc>Click the element identified by ``locator``.</doc>
<arguments>
<arg>xpath=/html/body/div/form/div[4]/input</arg>
</arguments>
<msg timestamp="20201105 15:37:27.890" level="INFO">Clicking element 'xpath=/html/body/div/form/div[4]/input'.</msg>
<status status="PASS" starttime="20201105 15:37:27.889" endtime="20201105 15:37:27.968"></status>
</kw>
<kw name="Capture Page Screenshot" library="Selenium2Library">
<doc>Takes a screenshot of the current page and embeds it into a log file.</doc>
<arguments>
<arg>Paso6.png</arg>
</arguments>
<msg timestamp="20201105 15:37:28.450" level="INFO" html="yes">&lt;/td&gt;&lt;/tr&gt;&lt;tr&gt;&lt;td colspan="3"&gt;&lt;a href="Pruebas/Paso6.png"&gt;&lt;img src="Pruebas/Paso6.png" width="800px"&gt;&lt;/a&gt;</msg>
<status status="PASS" starttime="20201105 15:37:27.968" endtime="20201105 15:37:28.450"></status>
</kw>
<kw name="Sleep" library="BuiltIn">
<doc>Pauses the test executed for the given time.</doc>
<arguments>
<arg>5s</arg>
</arguments>
<msg timestamp="20201105 15:37:33.451" level="INFO">Slept 5 seconds</msg>
<status status="PASS" starttime="20201105 15:37:28.451" endtime="20201105 15:37:33.451"></status>
</kw>
<kw name="Close Browser" library="Selenium2Library">
<doc>Closes the current browser.</doc>
<status status="PASS" starttime="20201105 15:37:33.451" endtime="20201105 15:37:35.562"></status>
</kw>
<status status="PASS" starttime="20201105 15:37:07.813" endtime="20201105 15:37:35.562" critical="yes"></status>
</test>
<doc>Hacer correctamente el test de Hipertension</doc>
<status status="PASS" starttime="20201105 15:37:07.640" endtime="20201105 15:37:35.564"></status>
</suite>
<statistics>
<total>
<stat pass="1" fail="0">Critical Tests</stat>
<stat pass="1" fail="0">All Tests</stat>
</total>
<tag>
</tag>
<suite>
<stat pass="1" fail="0" id="s1" name="CP-010">CP-010</stat>
</suite>
</statistics>
<errors>
</errors>
</robot>
