<?xml version="1.0" encoding="UTF-8"?>
<robot generator="Robot 3.2.2 (Python 3.9.0 on win32)" generated="20201114 10:27:21.782" rpa="false">
<suite id="s1" name="CP014" source="C:\Users\Usuario\Documents\GitHub\casos-prueba-hipertic\Funciones Admin\CP-014\CP014.robot">
<test id="s1-t1" name="CP 014 El administrador elimina un usuario (paciente) desde su perfil de administrador">
<kw name="Open Browser" library="Selenium2Library">
<doc>Opens a new browser instance to the optional ``url``.</doc>
<arguments>
<arg>http://localhost:8080/Crud-java-web-oracle-Cesar/</arg>
<arg>chrome</arg>
</arguments>
<msg timestamp="20201114 10:27:21.987" level="INFO">Opening browser 'chrome' to base url 'http://localhost:8080/Crud-java-web-oracle-Cesar/'.</msg>
<status status="PASS" starttime="20201114 10:27:21.987" endtime="20201114 10:27:27.571"></status>
</kw>
<kw name="Wait Until Element Is Visible" library="Selenium2Library">
<doc>Waits until the element ``locator`` is visible.</doc>
<arguments>
<arg>xpath=/html/body/div/div/div/div/form/div[4]/input</arg>
</arguments>
<status status="PASS" starttime="20201114 10:27:27.587" endtime="20201114 10:27:27.632"></status>
</kw>
<kw name="Set Screenshot Directory" library="Selenium2Library">
<doc>Sets the directory for captured screenshots.</doc>
<arguments>
<arg>Pruebas</arg>
</arguments>
<status status="PASS" starttime="20201114 10:27:27.632" endtime="20201114 10:27:27.632"></status>
</kw>
<kw name="Capture Page Screenshot" library="Selenium2Library">
<doc>Takes a screenshot of the current page and embeds it into a log file.</doc>
<arguments>
<arg>Paso1y2.png</arg>
</arguments>
<msg timestamp="20201114 10:27:28.108" level="INFO" html="yes">&lt;/td&gt;&lt;/tr&gt;&lt;tr&gt;&lt;td colspan="3"&gt;&lt;a href="Pruebas/Paso1y2.png"&gt;&lt;img src="Pruebas/Paso1y2.png" width="800px"&gt;&lt;/a&gt;</msg>
<status status="PASS" starttime="20201114 10:27:27.633" endtime="20201114 10:27:28.108"></status>
</kw>
<kw name="Input Text" library="Selenium2Library">
<doc>Types the given ``text`` into the text field identified by ``locator``.</doc>
<arguments>
<arg>xpath=/html/body/div/div/div/div/form/div[2]/input</arg>
<arg>Admin</arg>
</arguments>
<msg timestamp="20201114 10:27:28.109" level="INFO">Typing text 'Admin' into text field 'xpath=/html/body/div/div/div/div/form/div[2]/input'.</msg>
<status status="PASS" starttime="20201114 10:27:28.109" endtime="20201114 10:27:28.303"></status>
</kw>
<kw name="Input Text" library="Selenium2Library">
<doc>Types the given ``text`` into the text field identified by ``locator``.</doc>
<arguments>
<arg>xpath=/html/body/div/div/div/div/form/div[3]/input</arg>
<arg>123</arg>
</arguments>
<msg timestamp="20201114 10:27:28.304" level="INFO">Typing text '123' into text field 'xpath=/html/body/div/div/div/div/form/div[3]/input'.</msg>
<status status="PASS" starttime="20201114 10:27:28.303" endtime="20201114 10:27:28.459"></status>
</kw>
<kw name="Sleep" library="BuiltIn">
<doc>Pauses the test executed for the given time.</doc>
<arguments>
<arg>2s</arg>
</arguments>
<msg timestamp="20201114 10:27:30.460" level="INFO">Slept 2 seconds</msg>
<status status="PASS" starttime="20201114 10:27:28.460" endtime="20201114 10:27:30.460"></status>
</kw>
<kw name="Capture Page Screenshot" library="Selenium2Library">
<doc>Takes a screenshot of the current page and embeds it into a log file.</doc>
<arguments>
<arg>Paso3.png</arg>
</arguments>
<msg timestamp="20201114 10:27:30.779" level="INFO" html="yes">&lt;/td&gt;&lt;/tr&gt;&lt;tr&gt;&lt;td colspan="3"&gt;&lt;a href="Pruebas/Paso3.png"&gt;&lt;img src="Pruebas/Paso3.png" width="800px"&gt;&lt;/a&gt;</msg>
<status status="PASS" starttime="20201114 10:27:30.461" endtime="20201114 10:27:30.780"></status>
</kw>
<kw name="Click Element" library="Selenium2Library">
<doc>Click the element identified by ``locator``.</doc>
<arguments>
<arg>xpath=/html/body/div/div/div/div/form/div[4]/input</arg>
</arguments>
<msg timestamp="20201114 10:27:30.780" level="INFO">Clicking element 'xpath=/html/body/div/div/div/div/form/div[4]/input'.</msg>
<status status="PASS" starttime="20201114 10:27:30.780" endtime="20201114 10:27:33.798"></status>
</kw>
<kw name="Sleep" library="BuiltIn">
<doc>Pauses the test executed for the given time.</doc>
<arguments>
<arg>5s</arg>
</arguments>
<msg timestamp="20201114 10:27:38.805" level="INFO">Slept 5 seconds</msg>
<status status="PASS" starttime="20201114 10:27:33.803" endtime="20201114 10:27:38.805"></status>
</kw>
<kw name="Title Should Be" library="Selenium2Library">
<doc>Verifies that the current page title equals ``title``.</doc>
<arguments>
<arg>Inicio</arg>
</arguments>
<msg timestamp="20201114 10:27:38.949" level="INFO">Page title is 'Inicio'.</msg>
<status status="PASS" starttime="20201114 10:27:38.805" endtime="20201114 10:27:38.950"></status>
</kw>
<kw name="Capture Page Screenshot" library="Selenium2Library">
<doc>Takes a screenshot of the current page and embeds it into a log file.</doc>
<arguments>
<arg>Paso3-2.png</arg>
</arguments>
<msg timestamp="20201114 10:27:39.318" level="INFO" html="yes">&lt;/td&gt;&lt;/tr&gt;&lt;tr&gt;&lt;td colspan="3"&gt;&lt;a href="Pruebas/Paso3-2.png"&gt;&lt;img src="Pruebas/Paso3-2.png" width="800px"&gt;&lt;/a&gt;</msg>
<status status="PASS" starttime="20201114 10:27:38.950" endtime="20201114 10:27:39.318"></status>
</kw>
<kw name="Click Element" library="Selenium2Library">
<doc>Click the element identified by ``locator``.</doc>
<arguments>
<arg>xpath=/html/body/nav/ul/li[4]/a</arg>
</arguments>
<msg timestamp="20201114 10:27:39.319" level="INFO">Clicking element 'xpath=/html/body/nav/ul/li[4]/a'.</msg>
<status status="PASS" starttime="20201114 10:27:39.319" endtime="20201114 10:27:43.271"></status>
</kw>
<kw name="Sleep" library="BuiltIn">
<doc>Pauses the test executed for the given time.</doc>
<arguments>
<arg>3s</arg>
</arguments>
<msg timestamp="20201114 10:27:46.272" level="INFO">Slept 3 seconds</msg>
<status status="PASS" starttime="20201114 10:27:43.272" endtime="20201114 10:27:46.272"></status>
</kw>
<kw name="Capture Page Screenshot" library="Selenium2Library">
<doc>Takes a screenshot of the current page and embeds it into a log file.</doc>
<arguments>
<arg>Paso4.png</arg>
</arguments>
<msg timestamp="20201114 10:27:46.549" level="INFO" html="yes">&lt;/td&gt;&lt;/tr&gt;&lt;tr&gt;&lt;td colspan="3"&gt;&lt;a href="Pruebas/Paso4.png"&gt;&lt;img src="Pruebas/Paso4.png" width="800px"&gt;&lt;/a&gt;</msg>
<status status="PASS" starttime="20201114 10:27:46.273" endtime="20201114 10:27:46.550"></status>
</kw>
<kw name="Click Element" library="Selenium2Library">
<doc>Click the element identified by ``locator``.</doc>
<arguments>
<arg>xpath=//*[@id="form-list-client"]/input[1]</arg>
</arguments>
<msg timestamp="20201114 10:27:46.550" level="INFO">Clicking element 'xpath=//*[@id="form-list-client"]/input[1]'.</msg>
<status status="PASS" starttime="20201114 10:27:46.550" endtime="20201114 10:27:46.804"></status>
</kw>
<kw name="Sleep" library="BuiltIn">
<doc>Pauses the test executed for the given time.</doc>
<arguments>
<arg>3s</arg>
</arguments>
<msg timestamp="20201114 10:27:49.806" level="INFO">Slept 3 seconds</msg>
<status status="PASS" starttime="20201114 10:27:46.804" endtime="20201114 10:27:49.806"></status>
</kw>
<kw name="Capture Page Screenshot" library="Selenium2Library">
<doc>Takes a screenshot of the current page and embeds it into a log file.</doc>
<arguments>
<arg>Paso5.png</arg>
</arguments>
<msg timestamp="20201114 10:27:50.062" level="INFO" html="yes">&lt;/td&gt;&lt;/tr&gt;&lt;tr&gt;&lt;td colspan="3"&gt;&lt;a href="Pruebas/Paso5.png"&gt;&lt;img src="Pruebas/Paso5.png" width="800px"&gt;&lt;/a&gt;</msg>
<status status="PASS" starttime="20201114 10:27:49.807" endtime="20201114 10:27:50.062"></status>
</kw>
<kw name="Click Element" library="Selenium2Library">
<doc>Click the element identified by ``locator``.</doc>
<arguments>
<arg>xpath=//*[@id="form-list-client-body"]/tr[2]/td[7]/form/input[3]</arg>
</arguments>
<msg timestamp="20201114 10:27:50.063" level="INFO">Clicking element 'xpath=//*[@id="form-list-client-body"]/tr[2]/td[7]/form/input[3]'.</msg>
<status status="PASS" starttime="20201114 10:27:50.063" endtime="20201114 10:27:50.407"></status>
</kw>
<kw name="Sleep" library="BuiltIn">
<doc>Pauses the test executed for the given time.</doc>
<arguments>
<arg>20s</arg>
</arguments>
<msg timestamp="20201114 10:28:10.408" level="INFO">Slept 20 seconds</msg>
<status status="PASS" starttime="20201114 10:27:50.408" endtime="20201114 10:28:10.408"></status>
</kw>
<kw name="Capture Page Screenshot" library="Selenium2Library">
<doc>Takes a screenshot of the current page and embeds it into a log file.</doc>
<arguments>
<arg>Paso6.png</arg>
</arguments>
<kw name="Capture Page Screenshot" library="Selenium2Library">
<doc>Takes a screenshot of the current page and embeds it into a log file.</doc>
<msg timestamp="20201114 10:28:10.870" level="FAIL">NoSuchWindowException: Message: no such window: target window already closed
from unknown error: web view not found
  (Session info: chrome=86.0.4240.193)
</msg>
<status status="FAIL" starttime="20201114 10:28:10.619" endtime="20201114 10:28:10.870"></status>
</kw>
<msg timestamp="20201114 10:28:10.870" level="WARN">Keyword 'Capture Page Screenshot' could not be run on failure: NoSuchWindowException: Message: no such window: target window already closed
from unknown error: web view not found
  (Session info: chrome=86.0.4240.193)
</msg>
<msg timestamp="20201114 10:28:10.871" level="FAIL">AttributeError: 'NoneType' object has no attribute 'encode'</msg>
<status status="FAIL" starttime="20201114 10:28:10.408" endtime="20201114 10:28:10.872"></status>
</kw>
<status status="FAIL" starttime="20201114 10:27:21.985" endtime="20201114 10:28:10.872" critical="yes">AttributeError: 'NoneType' object has no attribute 'encode'</status>
</test>
<doc>El administrador elimina un usuario (paciente) desde su perfil de administrador</doc>
<status status="FAIL" starttime="20201114 10:27:21.784" endtime="20201114 10:28:10.874"></status>
</suite>
<statistics>
<total>
<stat pass="0" fail="1">Critical Tests</stat>
<stat pass="0" fail="1">All Tests</stat>
</total>
<tag>
</tag>
<suite>
<stat pass="0" fail="1" id="s1" name="CP014">CP014</stat>
</suite>
</statistics>
<errors>
<msg timestamp="20201114 10:28:10.870" level="WARN">Keyword 'Capture Page Screenshot' could not be run on failure: NoSuchWindowException: Message: no such window: target window already closed
from unknown error: web view not found
  (Session info: chrome=86.0.4240.193)
</msg>
</errors>
</robot>
