<?xml version="1.0" encoding="UTF-8"?>
<robot generator="Robot 3.2.2 (Python 3.9.0 on win32)" generated="20201106 17:14:32.908" rpa="false">
<suite id="s1" name="CP-014" source="C:\Users\Usuario\Desktop\Automatización pruebas\Funciones Admin\CP-014\CP-014.robot">
<test id="s1-t1" name="CP 014 El administrador elimina un usuario (paciente) desde su perfil de administrador">
<kw name="Open Browser" library="Selenium2Library">
<doc>Opens a new browser instance to the optional ``url``.</doc>
<arguments>
<arg>http://localhost:8080/Crud-java-web-oracle-Cesar/</arg>
<arg>chrome</arg>
</arguments>
<msg timestamp="20201106 17:14:33.127" level="INFO">Opening browser 'chrome' to base url 'http://localhost:8080/Crud-java-web-oracle-Cesar/'.</msg>
<status status="PASS" starttime="20201106 17:14:33.127" endtime="20201106 17:14:36.080"></status>
</kw>
<kw name="Wait Until Element Is Visible" library="Selenium2Library">
<doc>Waits until the element ``locator`` is visible.</doc>
<arguments>
<arg>xpath=/html/body/div/div/div/div/form/div[4]/input</arg>
</arguments>
<status status="PASS" starttime="20201106 17:14:36.081" endtime="20201106 17:14:36.147"></status>
</kw>
<kw name="Set Screenshot Directory" library="Selenium2Library">
<doc>Sets the directory for captured screenshots.</doc>
<arguments>
<arg>Pruebas</arg>
</arguments>
<status status="PASS" starttime="20201106 17:14:36.147" endtime="20201106 17:14:36.148"></status>
</kw>
<kw name="Capture Page Screenshot" library="Selenium2Library">
<doc>Takes a screenshot of the current page and embeds it into a log file.</doc>
<arguments>
<arg>Paso1y2.png</arg>
</arguments>
<msg timestamp="20201106 17:14:36.595" level="INFO" html="yes">&lt;/td&gt;&lt;/tr&gt;&lt;tr&gt;&lt;td colspan="3"&gt;&lt;a href="Pruebas/Paso1y2.png"&gt;&lt;img src="Pruebas/Paso1y2.png" width="800px"&gt;&lt;/a&gt;</msg>
<status status="PASS" starttime="20201106 17:14:36.148" endtime="20201106 17:14:36.596"></status>
</kw>
<kw name="Input Text" library="Selenium2Library">
<doc>Types the given ``text`` into the text field identified by ``locator``.</doc>
<arguments>
<arg>xpath=/html/body/div/div/div/div/form/div[2]/input</arg>
<arg>Admin</arg>
</arguments>
<msg timestamp="20201106 17:14:36.597" level="INFO">Typing text 'Admin' into text field 'xpath=/html/body/div/div/div/div/form/div[2]/input'.</msg>
<status status="PASS" starttime="20201106 17:14:36.596" endtime="20201106 17:14:36.717"></status>
</kw>
<kw name="Input Text" library="Selenium2Library">
<doc>Types the given ``text`` into the text field identified by ``locator``.</doc>
<arguments>
<arg>xpath=/html/body/div/div/div/div/form/div[3]/input</arg>
<arg>1234+1234</arg>
</arguments>
<msg timestamp="20201106 17:14:36.718" level="INFO">Typing text '1234+1234' into text field 'xpath=/html/body/div/div/div/div/form/div[3]/input'.</msg>
<status status="PASS" starttime="20201106 17:14:36.717" endtime="20201106 17:14:36.854"></status>
</kw>
<kw name="Sleep" library="BuiltIn">
<doc>Pauses the test executed for the given time.</doc>
<arguments>
<arg>2s</arg>
</arguments>
<msg timestamp="20201106 17:14:38.855" level="INFO">Slept 2 seconds</msg>
<status status="PASS" starttime="20201106 17:14:36.854" endtime="20201106 17:14:38.855"></status>
</kw>
<kw name="Capture Page Screenshot" library="Selenium2Library">
<doc>Takes a screenshot of the current page and embeds it into a log file.</doc>
<arguments>
<arg>Paso3.png</arg>
</arguments>
<msg timestamp="20201106 17:14:39.204" level="INFO" html="yes">&lt;/td&gt;&lt;/tr&gt;&lt;tr&gt;&lt;td colspan="3"&gt;&lt;a href="Pruebas/Paso3.png"&gt;&lt;img src="Pruebas/Paso3.png" width="800px"&gt;&lt;/a&gt;</msg>
<status status="PASS" starttime="20201106 17:14:38.855" endtime="20201106 17:14:39.204"></status>
</kw>
<kw name="Click Element" library="Selenium2Library">
<doc>Click the element identified by ``locator``.</doc>
<arguments>
<arg>xpath=/html/body/div/div/div/div/form/div[4]/input</arg>
</arguments>
<msg timestamp="20201106 17:14:39.205" level="INFO">Clicking element 'xpath=/html/body/div/div/div/div/form/div[4]/input'.</msg>
<status status="PASS" starttime="20201106 17:14:39.205" endtime="20201106 17:14:39.738"></status>
</kw>
<kw name="Sleep" library="BuiltIn">
<doc>Pauses the test executed for the given time.</doc>
<arguments>
<arg>5s</arg>
</arguments>
<msg timestamp="20201106 17:14:44.739" level="INFO">Slept 5 seconds</msg>
<status status="PASS" starttime="20201106 17:14:39.739" endtime="20201106 17:14:44.739"></status>
</kw>
<kw name="Title Should Be" library="Selenium2Library">
<doc>Verifies that the current page title equals ``title``.</doc>
<arguments>
<arg>Inicio</arg>
</arguments>
<msg timestamp="20201106 17:14:44.747" level="INFO">Page title is 'Inicio'.</msg>
<status status="PASS" starttime="20201106 17:14:44.739" endtime="20201106 17:14:44.748"></status>
</kw>
<kw name="Capture Page Screenshot" library="Selenium2Library">
<doc>Takes a screenshot of the current page and embeds it into a log file.</doc>
<arguments>
<arg>Paso3-2.png</arg>
</arguments>
<msg timestamp="20201106 17:14:45.082" level="INFO" html="yes">&lt;/td&gt;&lt;/tr&gt;&lt;tr&gt;&lt;td colspan="3"&gt;&lt;a href="Pruebas/Paso3-2.png"&gt;&lt;img src="Pruebas/Paso3-2.png" width="800px"&gt;&lt;/a&gt;</msg>
<status status="PASS" starttime="20201106 17:14:44.748" endtime="20201106 17:14:45.082"></status>
</kw>
<kw name="Click Element" library="Selenium2Library">
<doc>Click the element identified by ``locator``.</doc>
<arguments>
<arg>xpath=/html/body/nav/ul/li[4]/a</arg>
</arguments>
<msg timestamp="20201106 17:14:45.083" level="INFO">Clicking element 'xpath=/html/body/nav/ul/li[4]/a'.</msg>
<status status="PASS" starttime="20201106 17:14:45.082" endtime="20201106 17:14:45.450"></status>
</kw>
<kw name="Sleep" library="BuiltIn">
<doc>Pauses the test executed for the given time.</doc>
<arguments>
<arg>3s</arg>
</arguments>
<msg timestamp="20201106 17:14:48.451" level="INFO">Slept 3 seconds</msg>
<status status="PASS" starttime="20201106 17:14:45.451" endtime="20201106 17:14:48.451"></status>
</kw>
<kw name="Capture Page Screenshot" library="Selenium2Library">
<doc>Takes a screenshot of the current page and embeds it into a log file.</doc>
<arguments>
<arg>Paso4.png</arg>
</arguments>
<msg timestamp="20201106 17:14:48.714" level="INFO" html="yes">&lt;/td&gt;&lt;/tr&gt;&lt;tr&gt;&lt;td colspan="3"&gt;&lt;a href="Pruebas/Paso4.png"&gt;&lt;img src="Pruebas/Paso4.png" width="800px"&gt;&lt;/a&gt;</msg>
<status status="PASS" starttime="20201106 17:14:48.451" endtime="20201106 17:14:48.714"></status>
</kw>
<kw name="Click Element" library="Selenium2Library">
<doc>Click the element identified by ``locator``.</doc>
<arguments>
<arg>xpath=//*[@id="form-list-client"]/input[1]</arg>
</arguments>
<msg timestamp="20201106 17:14:48.715" level="INFO">Clicking element 'xpath=//*[@id="form-list-client"]/input[1]'.</msg>
<status status="PASS" starttime="20201106 17:14:48.715" endtime="20201106 17:14:48.892"></status>
</kw>
<kw name="Sleep" library="BuiltIn">
<doc>Pauses the test executed for the given time.</doc>
<arguments>
<arg>3s</arg>
</arguments>
<msg timestamp="20201106 17:14:51.896" level="INFO">Slept 3 seconds</msg>
<status status="PASS" starttime="20201106 17:14:48.893" endtime="20201106 17:14:51.896"></status>
</kw>
<kw name="Capture Page Screenshot" library="Selenium2Library">
<doc>Takes a screenshot of the current page and embeds it into a log file.</doc>
<arguments>
<arg>Paso5.png</arg>
</arguments>
<msg timestamp="20201106 17:14:52.151" level="INFO" html="yes">&lt;/td&gt;&lt;/tr&gt;&lt;tr&gt;&lt;td colspan="3"&gt;&lt;a href="Pruebas/Paso5.png"&gt;&lt;img src="Pruebas/Paso5.png" width="800px"&gt;&lt;/a&gt;</msg>
<status status="PASS" starttime="20201106 17:14:51.897" endtime="20201106 17:14:52.151"></status>
</kw>
<kw name="Click Element" library="Selenium2Library">
<doc>Click the element identified by ``locator``.</doc>
<arguments>
<arg>xpath=//*[@id="form-list-client-body"]/tr[8]/td[7]/form/input[3]</arg>
</arguments>
<msg timestamp="20201106 17:14:52.152" level="INFO">Clicking element 'xpath=//*[@id="form-list-client-body"]/tr[8]/td[7]/form/input[3]'.</msg>
<status status="PASS" starttime="20201106 17:14:52.151" endtime="20201106 17:14:52.335"></status>
</kw>
<kw name="Sleep" library="BuiltIn">
<doc>Pauses the test executed for the given time.</doc>
<arguments>
<arg>3s</arg>
</arguments>
<msg timestamp="20201106 17:14:55.337" level="INFO">Slept 3 seconds</msg>
<status status="PASS" starttime="20201106 17:14:52.336" endtime="20201106 17:14:55.337"></status>
</kw>
<kw name="Capture Page Screenshot" library="Selenium2Library">
<doc>Takes a screenshot of the current page and embeds it into a log file.</doc>
<arguments>
<arg>Paso6.png</arg>
</arguments>
<msg timestamp="20201106 17:14:55.595" level="INFO" html="yes">&lt;/td&gt;&lt;/tr&gt;&lt;tr&gt;&lt;td colspan="3"&gt;&lt;a href="Pruebas/Paso6.png"&gt;&lt;img src="Pruebas/Paso6.png" width="800px"&gt;&lt;/a&gt;</msg>
<status status="PASS" starttime="20201106 17:14:55.337" endtime="20201106 17:14:55.596"></status>
</kw>
<kw name="Close Browser" library="Selenium2Library">
<doc>Closes the current browser.</doc>
<status status="PASS" starttime="20201106 17:14:55.596" endtime="20201106 17:14:57.715"></status>
</kw>
<status status="PASS" starttime="20201106 17:14:33.126" endtime="20201106 17:14:57.715" critical="yes"></status>
</test>
<doc>El administrador elimina un usuario (paciente) desde su perfil de administrador</doc>
<status status="PASS" starttime="20201106 17:14:32.911" endtime="20201106 17:14:57.717"></status>
</suite>
<statistics>
<total>
<stat pass="1" fail="0">Critical Tests</stat>
<stat pass="1" fail="0">All Tests</stat>
</total>
<tag>
</tag>
<suite>
<stat pass="1" fail="0" id="s1" name="CP-014">CP-014</stat>
</suite>
</statistics>
<errors>
</errors>
</robot>
