<?xml version="1.0" encoding="UTF-8"?>
<robot generator="Robot 3.2.2 (Python 3.9.0 on win32)" generated="20201114 07:35:07.667" rpa="false">
<suite id="s1" name="CP001" source="C:\Users\cesar\PycharmProjects\prueba2\TestCases\casos-prueba-hipertic\registro\CP001\CP001.robot">
<test id="s1-t1" name="CP001 Hacer un registro llenando todos los campos obligatorios">
<kw name="Open Browser" library="Selenium2Library">
<doc>Opens a new browser instance to the optional ``url``.</doc>
<arguments>
<arg>http://localhost:8080/Crud-java-web-oracle-Cesar/</arg>
<arg>chrome</arg>
</arguments>
<msg timestamp="20201114 07:35:08.264" level="INFO">Opening browser 'chrome' to base url 'http://localhost:8080/Crud-java-web-oracle-Cesar/'.</msg>
<status status="PASS" starttime="20201114 07:35:08.264" endtime="20201114 07:35:27.527"></status>
</kw>
<kw name="Wait Until Element Is Visible" library="Selenium2Library">
<doc>Waits until the element ``locator`` is visible.</doc>
<arguments>
<arg>xpath=/html/body/div/div/div/div/form/div[5]/a[1]</arg>
</arguments>
<status status="PASS" starttime="20201114 07:35:27.528" endtime="20201114 07:35:28.029"></status>
</kw>
<kw name="Click Element" library="Selenium2Library">
<doc>Click the element identified by ``locator``.</doc>
<arguments>
<arg>xpath=/html/body/div/div/div/div/form/div[5]/a[1]</arg>
</arguments>
<msg timestamp="20201114 07:35:28.031" level="INFO">Clicking element 'xpath=/html/body/div/div/div/div/form/div[5]/a[1]'.</msg>
<status status="PASS" starttime="20201114 07:35:28.030" endtime="20201114 07:35:33.718"></status>
</kw>
<kw name="Set Screenshot Directory" library="Selenium2Library">
<doc>Sets the directory for captured screenshots.</doc>
<arguments>
<arg>Pruebas</arg>
</arguments>
<status status="PASS" starttime="20201114 07:35:33.719" endtime="20201114 07:35:33.720"></status>
</kw>
<kw name="Capture Page Screenshot" library="Selenium2Library">
<doc>Takes a screenshot of the current page and embeds it into a log file.</doc>
<arguments>
<arg>1.png</arg>
</arguments>
<msg timestamp="20201114 07:35:34.621" level="INFO" html="yes">&lt;/td&gt;&lt;/tr&gt;&lt;tr&gt;&lt;td colspan="3"&gt;&lt;a href="Pruebas/1.png"&gt;&lt;img src="Pruebas/1.png" width="800px"&gt;&lt;/a&gt;</msg>
<status status="PASS" starttime="20201114 07:35:33.720" endtime="20201114 07:35:34.621"></status>
</kw>
<kw name="Sleep" library="BuiltIn">
<doc>Pauses the test executed for the given time.</doc>
<arguments>
<arg>3s</arg>
</arguments>
<msg timestamp="20201114 07:35:37.626" level="INFO">Slept 3 seconds</msg>
<status status="PASS" starttime="20201114 07:35:34.623" endtime="20201114 07:35:37.626"></status>
</kw>
<kw name="Input Text" library="Selenium2Library">
<doc>Types the given ``text`` into the text field identified by ``locator``.</doc>
<arguments>
<arg>xpath=/html/body/div/div/div/form/div[2]/input</arg>
<arg>usuario11</arg>
</arguments>
<msg timestamp="20201114 07:35:37.627" level="INFO">Typing text 'usuario11' into text field 'xpath=/html/body/div/div/div/form/div[2]/input'.</msg>
<status status="PASS" starttime="20201114 07:35:37.627" endtime="20201114 07:35:38.898"></status>
</kw>
<kw name="Capture Page Screenshot" library="Selenium2Library">
<doc>Takes a screenshot of the current page and embeds it into a log file.</doc>
<arguments>
<arg>2.png</arg>
</arguments>
<msg timestamp="20201114 07:35:39.262" level="INFO" html="yes">&lt;/td&gt;&lt;/tr&gt;&lt;tr&gt;&lt;td colspan="3"&gt;&lt;a href="Pruebas/2.png"&gt;&lt;img src="Pruebas/2.png" width="800px"&gt;&lt;/a&gt;</msg>
<status status="PASS" starttime="20201114 07:35:38.899" endtime="20201114 07:35:39.262"></status>
</kw>
<kw name="Input Text" library="Selenium2Library">
<doc>Types the given ``text`` into the text field identified by ``locator``.</doc>
<arguments>
<arg>xpath=/html/body/div/div/div/form/div[3]/input</arg>
<arg>cxzcxz@gmail.com</arg>
</arguments>
<msg timestamp="20201114 07:35:39.265" level="INFO">Typing text 'cxzcxz@gmail.com' into text field 'xpath=/html/body/div/div/div/form/div[3]/input'.</msg>
<status status="PASS" starttime="20201114 07:35:39.264" endtime="20201114 07:35:39.585"></status>
</kw>
<kw name="Capture Page Screenshot" library="Selenium2Library">
<doc>Takes a screenshot of the current page and embeds it into a log file.</doc>
<arguments>
<arg>3.png</arg>
</arguments>
<msg timestamp="20201114 07:35:39.993" level="INFO" html="yes">&lt;/td&gt;&lt;/tr&gt;&lt;tr&gt;&lt;td colspan="3"&gt;&lt;a href="Pruebas/3.png"&gt;&lt;img src="Pruebas/3.png" width="800px"&gt;&lt;/a&gt;</msg>
<status status="PASS" starttime="20201114 07:35:39.586" endtime="20201114 07:35:39.993"></status>
</kw>
<kw name="Input Text" library="Selenium2Library">
<doc>Types the given ``text`` into the text field identified by ``locator``.</doc>
<arguments>
<arg>xpath=/html/body/div/div/div/form/div[4]/input</arg>
<arg>cxzcxzz</arg>
</arguments>
<msg timestamp="20201114 07:35:39.994" level="INFO">Typing text 'cxzcxzz' into text field 'xpath=/html/body/div/div/div/form/div[4]/input'.</msg>
<status status="PASS" starttime="20201114 07:35:39.993" endtime="20201114 07:35:40.130"></status>
</kw>
<kw name="Capture Page Screenshot" library="Selenium2Library">
<doc>Takes a screenshot of the current page and embeds it into a log file.</doc>
<arguments>
<arg>4.png</arg>
</arguments>
<msg timestamp="20201114 07:35:40.509" level="INFO" html="yes">&lt;/td&gt;&lt;/tr&gt;&lt;tr&gt;&lt;td colspan="3"&gt;&lt;a href="Pruebas/4.png"&gt;&lt;img src="Pruebas/4.png" width="800px"&gt;&lt;/a&gt;</msg>
<status status="PASS" starttime="20201114 07:35:40.132" endtime="20201114 07:35:40.509"></status>
</kw>
<kw name="Input Text" library="Selenium2Library">
<doc>Types the given ``text`` into the text field identified by ``locator``.</doc>
<arguments>
<arg>xpath=/html/body/div/div/div/form/div[5]/input</arg>
<arg>1234+1234</arg>
</arguments>
<msg timestamp="20201114 07:35:40.510" level="INFO">Typing text '1234+1234' into text field 'xpath=/html/body/div/div/div/form/div[5]/input'.</msg>
<status status="PASS" starttime="20201114 07:35:40.510" endtime="20201114 07:35:40.819"></status>
</kw>
<kw name="Capture Page Screenshot" library="Selenium2Library">
<doc>Takes a screenshot of the current page and embeds it into a log file.</doc>
<arguments>
<arg>5.png</arg>
</arguments>
<msg timestamp="20201114 07:35:41.442" level="INFO" html="yes">&lt;/td&gt;&lt;/tr&gt;&lt;tr&gt;&lt;td colspan="3"&gt;&lt;a href="Pruebas/5.png"&gt;&lt;img src="Pruebas/5.png" width="800px"&gt;&lt;/a&gt;</msg>
<status status="PASS" starttime="20201114 07:35:40.820" endtime="20201114 07:35:41.442"></status>
</kw>
<kw name="Input Text" library="Selenium2Library">
<doc>Types the given ``text`` into the text field identified by ``locator``.</doc>
<arguments>
<arg>xpath=/html/body/div/div/div/form/div[6]/input</arg>
<arg>1234+1234</arg>
</arguments>
<msg timestamp="20201114 07:35:41.443" level="INFO">Typing text '1234+1234' into text field 'xpath=/html/body/div/div/div/form/div[6]/input'.</msg>
<status status="PASS" starttime="20201114 07:35:41.443" endtime="20201114 07:35:41.586"></status>
</kw>
<kw name="Capture Page Screenshot" library="Selenium2Library">
<doc>Takes a screenshot of the current page and embeds it into a log file.</doc>
<arguments>
<arg>6.png</arg>
</arguments>
<msg timestamp="20201114 07:35:41.959" level="INFO" html="yes">&lt;/td&gt;&lt;/tr&gt;&lt;tr&gt;&lt;td colspan="3"&gt;&lt;a href="Pruebas/6.png"&gt;&lt;img src="Pruebas/6.png" width="800px"&gt;&lt;/a&gt;</msg>
<status status="PASS" starttime="20201114 07:35:41.587" endtime="20201114 07:35:41.959"></status>
</kw>
<kw name="Sleep" library="BuiltIn">
<doc>Pauses the test executed for the given time.</doc>
<arguments>
<arg>5s</arg>
</arguments>
<msg timestamp="20201114 07:35:46.961" level="INFO">Slept 5 seconds</msg>
<status status="PASS" starttime="20201114 07:35:41.960" endtime="20201114 07:35:46.961"></status>
</kw>
<kw name="Click Element" library="Selenium2Library">
<doc>Click the element identified by ``locator``.</doc>
<arguments>
<arg>xpath=/html/body/div/div/div/form/div[7]/input</arg>
</arguments>
<msg timestamp="20201114 07:35:46.982" level="INFO">Clicking element 'xpath=/html/body/div/div/div/form/div[7]/input'.</msg>
<status status="PASS" starttime="20201114 07:35:46.962" endtime="20201114 07:35:57.499"></status>
</kw>
<kw name="Capture Page Screenshot" library="Selenium2Library">
<doc>Takes a screenshot of the current page and embeds it into a log file.</doc>
<arguments>
<arg>7.png</arg>
</arguments>
<msg timestamp="20201114 07:35:57.916" level="INFO" html="yes">&lt;/td&gt;&lt;/tr&gt;&lt;tr&gt;&lt;td colspan="3"&gt;&lt;a href="Pruebas/7.png"&gt;&lt;img src="Pruebas/7.png" width="800px"&gt;&lt;/a&gt;</msg>
<status status="PASS" starttime="20201114 07:35:57.499" endtime="20201114 07:35:57.916"></status>
</kw>
<kw name="Element Text Should Be" library="Selenium2Library">
<doc>Verifies that element ``locator`` contains exact the text ``expected``.</doc>
<arguments>
<arg>//p[@class='text-danger']</arg>
<arg>Te registraste con éxito</arg>
</arguments>
<msg timestamp="20201114 07:35:57.918" level="INFO">Verifying element '//p[@class='text-danger']' contains exact text 'Te registraste con éxito'.</msg>
<status status="PASS" starttime="20201114 07:35:57.917" endtime="20201114 07:35:58.055"></status>
</kw>
<kw name="Sleep" library="BuiltIn">
<doc>Pauses the test executed for the given time.</doc>
<arguments>
<arg>3s</arg>
</arguments>
<msg timestamp="20201114 07:36:01.060" level="INFO">Slept 3 seconds</msg>
<status status="PASS" starttime="20201114 07:35:58.058" endtime="20201114 07:36:01.060"></status>
</kw>
<kw name="Title Should Be" library="Selenium2Library">
<doc>Verifies that the current page title equals ``title``.</doc>
<arguments>
<arg>JSP Page</arg>
</arguments>
<msg timestamp="20201114 07:36:01.068" level="INFO">Page title is 'JSP Page'.</msg>
<status status="PASS" starttime="20201114 07:36:01.061" endtime="20201114 07:36:01.068"></status>
</kw>
<kw name="Page Should Contain" library="Selenium2Library">
<doc>Verifies that current page contains ``text``.</doc>
<arguments>
<arg>Registro</arg>
</arguments>
<msg timestamp="20201114 07:36:01.133" level="INFO">Current page contains text 'Registro'.</msg>
<status status="PASS" starttime="20201114 07:36:01.069" endtime="20201114 07:36:01.134"></status>
</kw>
<kw name="Capture Page Screenshot" library="Selenium2Library">
<doc>Takes a screenshot of the current page and embeds it into a log file.</doc>
<arguments>
<arg>8.png</arg>
</arguments>
<msg timestamp="20201114 07:36:01.545" level="INFO" html="yes">&lt;/td&gt;&lt;/tr&gt;&lt;tr&gt;&lt;td colspan="3"&gt;&lt;a href="Pruebas/8.png"&gt;&lt;img src="Pruebas/8.png" width="800px"&gt;&lt;/a&gt;</msg>
<status status="PASS" starttime="20201114 07:36:01.134" endtime="20201114 07:36:01.546"></status>
</kw>
<kw name="Sleep" library="BuiltIn">
<doc>Pauses the test executed for the given time.</doc>
<arguments>
<arg>3s</arg>
</arguments>
<msg timestamp="20201114 07:36:04.552" level="INFO">Slept 3 seconds</msg>
<status status="PASS" starttime="20201114 07:36:01.550" endtime="20201114 07:36:04.552"></status>
</kw>
<kw name="Close Browser" library="Selenium2Library">
<doc>Closes the current browser.</doc>
<status status="PASS" starttime="20201114 07:36:04.554" endtime="20201114 07:36:15.279"></status>
</kw>
<status status="PASS" starttime="20201114 07:35:08.263" endtime="20201114 07:36:15.281" critical="yes"></status>
</test>
<doc>Hacer un registro llenando todos los campos obligatorios</doc>
<status status="PASS" starttime="20201114 07:35:07.671" endtime="20201114 07:36:15.317"></status>
</suite>
<statistics>
<total>
<stat pass="1" fail="0">Critical Tests</stat>
<stat pass="1" fail="0">All Tests</stat>
</total>
<tag>
</tag>
<suite>
<stat pass="1" fail="0" id="s1" name="CP001">CP001</stat>
</suite>
</statistics>
<errors>
</errors>
</robot>
