<?xml version="1.0" encoding="UTF-8"?>
<robot generator="Robot 3.2.2 (Python 3.9.0 on win32)" generated="20201113 21:06:13.741" rpa="false">
<suite id="s1" name="CP001" source="C:\Users\cesar\PycharmProjects\prueba2\TestCases\casos-prueba-hipertic\registro\CP001\CP001.robot">
<test id="s1-t1" name="CP001 Hacer un registro llenando todos los campos obligatorios">
<kw name="Open Browser" library="Selenium2Library">
<doc>Opens a new browser instance to the optional ``url``.</doc>
<arguments>
<arg>http://localhost:8080/Crud-java-web-oracle-Cesar/</arg>
<arg>chrome</arg>
</arguments>
<msg timestamp="20201113 21:06:14.041" level="INFO">Opening browser 'chrome' to base url 'http://localhost:8080/Crud-java-web-oracle-Cesar/'.</msg>
<kw name="Capture Page Screenshot" library="Selenium2Library">
<doc>Takes a screenshot of the current page and embeds it into a log file.</doc>
<msg timestamp="20201113 21:06:29.269" level="INFO" html="yes">&lt;/td&gt;&lt;/tr&gt;&lt;tr&gt;&lt;td colspan="3"&gt;&lt;a href="selenium-screenshot-3.png"&gt;&lt;img src="selenium-screenshot-3.png" width="800px"&gt;&lt;/a&gt;</msg>
<status status="PASS" starttime="20201113 21:06:28.921" endtime="20201113 21:06:29.269"></status>
</kw>
<msg timestamp="20201113 21:06:29.882" level="FAIL">WebDriverException: Message: unknown error: net::ERR_CONNECTION_REFUSED
  (Session info: chrome=86.0.4240.198)
</msg>
<status status="FAIL" starttime="20201113 21:06:14.041" endtime="20201113 21:06:29.882"></status>
</kw>
<status status="FAIL" starttime="20201113 21:06:14.040" endtime="20201113 21:06:29.883" critical="yes">WebDriverException: Message: unknown error: net::ERR_CONNECTION_REFUSED
  (Session info: chrome=86.0.4240.198)
</status>
</test>
<doc>Hacer un registro llenando todos los campos obligatorios</doc>
<status status="FAIL" starttime="20201113 21:06:13.745" endtime="20201113 21:06:29.886"></status>
</suite>
<statistics>
<total>
<stat pass="0" fail="1">Critical Tests</stat>
<stat pass="0" fail="1">All Tests</stat>
</total>
<tag>
</tag>
<suite>
<stat pass="0" fail="1" id="s1" name="CP001">CP001</stat>
</suite>
</statistics>
<errors>
</errors>
</robot>
