<?xml version="1.0" encoding="UTF-8"?>
<robot generator="Robot 3.2.2 (Python 3.9.0 on win32)" generated="20201114 08:08:09.307" rpa="false">
<suite id="s1" name="CP-011" source="C:\Users\cesar\PycharmProjects\prueba2\TestCases\casos-prueba-hipertic\Test Hipertensión\CP-011\CP-011.robot">
<test id="s1-t1" name="CP011 Hacer el test sin llenar ningún campo del formulario">
<kw name="Open Browser" library="Selenium2Library">
<doc>Opens a new browser instance to the optional ``url``.</doc>
<arguments>
<arg>http://localhost:8080/Crud-java-web-oracle-Cesar/</arg>
<arg>chrome</arg>
</arguments>
<msg timestamp="20201114 08:08:09.975" level="INFO">Opening browser 'chrome' to base url 'http://localhost:8080/Crud-java-web-oracle-Cesar/'.</msg>
<status status="PASS" starttime="20201114 08:08:09.975" endtime="20201114 08:08:15.789"></status>
</kw>
<kw name="Wait Until Element Is Visible" library="Selenium2Library">
<doc>Waits until the element ``locator`` is visible.</doc>
<arguments>
<arg>xpath=/html/body/div/div/div/div/form/div[4]/input</arg>
</arguments>
<status status="PASS" starttime="20201114 08:08:15.789" endtime="20201114 08:08:15.845"></status>
</kw>
<kw name="Set Screenshot Directory" library="Selenium2Library">
<doc>Sets the directory for captured screenshots.</doc>
<arguments>
<arg>Pruebas</arg>
</arguments>
<status status="PASS" starttime="20201114 08:08:15.845" endtime="20201114 08:08:15.846"></status>
</kw>
<kw name="Capture Page Screenshot" library="Selenium2Library">
<doc>Takes a screenshot of the current page and embeds it into a log file.</doc>
<arguments>
<arg>Paso1.png</arg>
</arguments>
<msg timestamp="20201114 08:08:16.419" level="INFO" html="yes">&lt;/td&gt;&lt;/tr&gt;&lt;tr&gt;&lt;td colspan="3"&gt;&lt;a href="Pruebas/Paso1.png"&gt;&lt;img src="Pruebas/Paso1.png" width="800px"&gt;&lt;/a&gt;</msg>
<status status="PASS" starttime="20201114 08:08:15.847" endtime="20201114 08:08:16.420"></status>
</kw>
<kw name="Input Text" library="Selenium2Library">
<doc>Types the given ``text`` into the text field identified by ``locator``.</doc>
<arguments>
<arg>xpath=/html/body/div/div/div/div/form/div[2]/input</arg>
<arg>usuario11</arg>
</arguments>
<msg timestamp="20201114 08:08:16.421" level="INFO">Typing text 'usuario11' into text field 'xpath=/html/body/div/div/div/div/form/div[2]/input'.</msg>
<status status="PASS" starttime="20201114 08:08:16.421" endtime="20201114 08:08:16.605"></status>
</kw>
<kw name="Input Text" library="Selenium2Library">
<doc>Types the given ``text`` into the text field identified by ``locator``.</doc>
<arguments>
<arg>xpath=/html/body/div/div/div/div/form/div[3]/input</arg>
<arg>1234+1234</arg>
</arguments>
<msg timestamp="20201114 08:08:16.608" level="INFO">Typing text '1234+1234' into text field 'xpath=/html/body/div/div/div/div/form/div[3]/input'.</msg>
<status status="PASS" starttime="20201114 08:08:16.607" endtime="20201114 08:08:16.767"></status>
</kw>
<kw name="Capture Page Screenshot" library="Selenium2Library">
<doc>Takes a screenshot of the current page and embeds it into a log file.</doc>
<arguments>
<arg>Paso2.png</arg>
</arguments>
<msg timestamp="20201114 08:08:17.184" level="INFO" html="yes">&lt;/td&gt;&lt;/tr&gt;&lt;tr&gt;&lt;td colspan="3"&gt;&lt;a href="Pruebas/Paso2.png"&gt;&lt;img src="Pruebas/Paso2.png" width="800px"&gt;&lt;/a&gt;</msg>
<status status="PASS" starttime="20201114 08:08:16.768" endtime="20201114 08:08:17.184"></status>
</kw>
<kw name="Sleep" library="BuiltIn">
<doc>Pauses the test executed for the given time.</doc>
<arguments>
<arg>2s</arg>
</arguments>
<msg timestamp="20201114 08:08:19.186" level="INFO">Slept 2 seconds</msg>
<status status="PASS" starttime="20201114 08:08:17.185" endtime="20201114 08:08:19.186"></status>
</kw>
<kw name="Click Element" library="Selenium2Library">
<doc>Click the element identified by ``locator``.</doc>
<arguments>
<arg>xpath=/html/body/div/div/div/div/form/div[4]/input</arg>
</arguments>
<msg timestamp="20201114 08:08:19.187" level="INFO">Clicking element 'xpath=/html/body/div/div/div/div/form/div[4]/input'.</msg>
<status status="PASS" starttime="20201114 08:08:19.187" endtime="20201114 08:08:20.161"></status>
</kw>
<kw name="Sleep" library="BuiltIn">
<doc>Pauses the test executed for the given time.</doc>
<arguments>
<arg>5s</arg>
</arguments>
<msg timestamp="20201114 08:08:25.163" level="INFO">Slept 5 seconds</msg>
<status status="PASS" starttime="20201114 08:08:20.162" endtime="20201114 08:08:25.163"></status>
</kw>
<kw name="Title Should Be" library="Selenium2Library">
<doc>Verifies that the current page title equals ``title``.</doc>
<arguments>
<arg>Inicio</arg>
</arguments>
<msg timestamp="20201114 08:08:25.176" level="INFO">Page title is 'Inicio'.</msg>
<status status="PASS" starttime="20201114 08:08:25.164" endtime="20201114 08:08:25.176"></status>
</kw>
<kw name="Page Should Contain" library="Selenium2Library">
<doc>Verifies that current page contains ``text``.</doc>
<arguments>
<arg>Test de hipertensión</arg>
</arguments>
<msg timestamp="20201114 08:08:25.229" level="INFO">Current page contains text 'Test de hipertensión'.</msg>
<status status="PASS" starttime="20201114 08:08:25.177" endtime="20201114 08:08:25.229"></status>
</kw>
<kw name="Wait Until Element Is Visible" library="Selenium2Library">
<doc>Waits until the element ``locator`` is visible.</doc>
<arguments>
<arg>xpath=/html/body/div/div[1]/div/div[2]/a</arg>
</arguments>
<status status="PASS" starttime="20201114 08:08:25.230" endtime="20201114 08:08:25.271"></status>
</kw>
<kw name="Capture Page Screenshot" library="Selenium2Library">
<doc>Takes a screenshot of the current page and embeds it into a log file.</doc>
<arguments>
<arg>Paso3.png</arg>
</arguments>
<msg timestamp="20201114 08:08:25.672" level="INFO" html="yes">&lt;/td&gt;&lt;/tr&gt;&lt;tr&gt;&lt;td colspan="3"&gt;&lt;a href="Pruebas/Paso3.png"&gt;&lt;img src="Pruebas/Paso3.png" width="800px"&gt;&lt;/a&gt;</msg>
<status status="PASS" starttime="20201114 08:08:25.272" endtime="20201114 08:08:25.672"></status>
</kw>
<kw name="Click Element" library="Selenium2Library">
<doc>Click the element identified by ``locator``.</doc>
<arguments>
<arg>xpath=/html/body/div/div[1]/div/div[2]/a</arg>
</arguments>
<msg timestamp="20201114 08:08:25.675" level="INFO">Clicking element 'xpath=/html/body/div/div[1]/div/div[2]/a'.</msg>
<status status="PASS" starttime="20201114 08:08:25.674" endtime="20201114 08:08:26.155"></status>
</kw>
<kw name="Title Should Be" library="Selenium2Library">
<doc>Verifies that the current page title equals ``title``.</doc>
<arguments>
<arg>JSP Page</arg>
</arguments>
<msg timestamp="20201114 08:08:26.162" level="INFO">Page title is 'JSP Page'.</msg>
<status status="PASS" starttime="20201114 08:08:26.156" endtime="20201114 08:08:26.162"></status>
</kw>
<kw name="Capture Page Screenshot" library="Selenium2Library">
<doc>Takes a screenshot of the current page and embeds it into a log file.</doc>
<arguments>
<arg>Paso4.png</arg>
</arguments>
<msg timestamp="20201114 08:08:27.160" level="INFO" html="yes">&lt;/td&gt;&lt;/tr&gt;&lt;tr&gt;&lt;td colspan="3"&gt;&lt;a href="Pruebas/Paso4.png"&gt;&lt;img src="Pruebas/Paso4.png" width="800px"&gt;&lt;/a&gt;</msg>
<status status="PASS" starttime="20201114 08:08:26.163" endtime="20201114 08:08:27.160"></status>
</kw>
<kw name="Sleep" library="BuiltIn">
<doc>Pauses the test executed for the given time.</doc>
<arguments>
<arg>3s</arg>
</arguments>
<msg timestamp="20201114 08:08:30.162" level="INFO">Slept 3 seconds</msg>
<status status="PASS" starttime="20201114 08:08:27.161" endtime="20201114 08:08:30.162"></status>
</kw>
<kw name="Click Element" library="Selenium2Library">
<doc>Click the element identified by ``locator``.</doc>
<arguments>
<arg>xpath=/html/body/div/form/div[4]/input</arg>
</arguments>
<msg timestamp="20201114 08:08:30.163" level="INFO">Clicking element 'xpath=/html/body/div/form/div[4]/input'.</msg>
<status status="PASS" starttime="20201114 08:08:30.163" endtime="20201114 08:08:30.277"></status>
</kw>
<kw name="Capture Page Screenshot" library="Selenium2Library">
<doc>Takes a screenshot of the current page and embeds it into a log file.</doc>
<arguments>
<arg>Paso8.png</arg>
</arguments>
<msg timestamp="20201114 08:08:31.375" level="INFO" html="yes">&lt;/td&gt;&lt;/tr&gt;&lt;tr&gt;&lt;td colspan="3"&gt;&lt;a href="Pruebas/Paso8.png"&gt;&lt;img src="Pruebas/Paso8.png" width="800px"&gt;&lt;/a&gt;</msg>
<status status="PASS" starttime="20201114 08:08:30.295" endtime="20201114 08:08:31.375"></status>
</kw>
<kw name="Sleep" library="BuiltIn">
<doc>Pauses the test executed for the given time.</doc>
<arguments>
<arg>5s</arg>
</arguments>
<msg timestamp="20201114 08:08:36.383" level="INFO">Slept 5 seconds</msg>
<status status="PASS" starttime="20201114 08:08:31.382" endtime="20201114 08:08:36.383"></status>
</kw>
<kw name="Close Browser" library="Selenium2Library">
<doc>Closes the current browser.</doc>
<status status="PASS" starttime="20201114 08:08:36.384" endtime="20201114 08:08:38.683"></status>
</kw>
<status status="PASS" starttime="20201114 08:08:09.974" endtime="20201114 08:08:38.685" critical="yes"></status>
</test>
<doc>Hacer el test sin llenar ningún campo del formulario</doc>
<status status="PASS" starttime="20201114 08:08:09.312" endtime="20201114 08:08:38.739"></status>
</suite>
<statistics>
<total>
<stat pass="1" fail="0">Critical Tests</stat>
<stat pass="1" fail="0">All Tests</stat>
</total>
<tag>
</tag>
<suite>
<stat pass="1" fail="0" id="s1" name="CP-011">CP-011</stat>
</suite>
</statistics>
<errors>
</errors>
</robot>
