<?xml version="1.0" encoding="UTF-8"?>
<robot generator="Robot 3.2.2 (Python 3.9.0 on win32)" generated="20201105 15:24:07.652" rpa="false">
<suite id="s1" name="CP-009" source="C:\Users\Usuario\Desktop\Automatización pruebas\Test Hipertensión\CP-009\CP-009.robot">
<test id="s1-t1" name="CP009 Hacer correctamente el test de Hipertension">
<kw name="Open Browser" library="Selenium2Library">
<doc>Opens a new browser instance to the optional ``url``.</doc>
<arguments>
<arg>http://localhost:8080/Crud-java-web-oracle-Cesar/</arg>
<arg>chrome</arg>
</arguments>
<msg timestamp="20201105 15:24:07.829" level="INFO">Opening browser 'chrome' to base url 'http://localhost:8080/Crud-java-web-oracle-Cesar/'.</msg>
<status status="PASS" starttime="20201105 15:24:07.829" endtime="20201105 15:24:10.698"></status>
</kw>
<kw name="Wait Until Element Is Visible" library="Selenium2Library">
<doc>Waits until the element ``locator`` is visible.</doc>
<arguments>
<arg>xpath=/html/body/div/div/div/div/form/div[4]/input</arg>
</arguments>
<status status="PASS" starttime="20201105 15:24:10.698" endtime="20201105 15:24:10.757"></status>
</kw>
<kw name="Set Screenshot Directory" library="Selenium2Library">
<doc>Sets the directory for captured screenshots.</doc>
<arguments>
<arg>Pruebas</arg>
</arguments>
<status status="PASS" starttime="20201105 15:24:10.758" endtime="20201105 15:24:10.758"></status>
</kw>
<kw name="Capture Page Screenshot" library="Selenium2Library">
<doc>Takes a screenshot of the current page and embeds it into a log file.</doc>
<arguments>
<arg>Paso1.png</arg>
</arguments>
<msg timestamp="20201105 15:24:11.164" level="INFO" html="yes">&lt;/td&gt;&lt;/tr&gt;&lt;tr&gt;&lt;td colspan="3"&gt;&lt;a href="Pruebas/Paso1.png"&gt;&lt;img src="Pruebas/Paso1.png" width="800px"&gt;&lt;/a&gt;</msg>
<status status="PASS" starttime="20201105 15:24:10.759" endtime="20201105 15:24:11.164"></status>
</kw>
<kw name="Input Text" library="Selenium2Library">
<doc>Types the given ``text`` into the text field identified by ``locator``.</doc>
<arguments>
<arg>xpath=/html/body/div/div/div/div/form/div[2]/input</arg>
<arg>usuario11</arg>
</arguments>
<msg timestamp="20201105 15:24:11.165" level="INFO">Typing text 'usuario11' into text field 'xpath=/html/body/div/div/div/div/form/div[2]/input'.</msg>
<status status="PASS" starttime="20201105 15:24:11.165" endtime="20201105 15:24:11.274"></status>
</kw>
<kw name="Input Text" library="Selenium2Library">
<doc>Types the given ``text`` into the text field identified by ``locator``.</doc>
<arguments>
<arg>xpath=/html/body/div/div/div/div/form/div[3]/input</arg>
<arg>1234+1234</arg>
</arguments>
<msg timestamp="20201105 15:24:11.274" level="INFO">Typing text '1234+1234' into text field 'xpath=/html/body/div/div/div/div/form/div[3]/input'.</msg>
<status status="PASS" starttime="20201105 15:24:11.274" endtime="20201105 15:24:11.420"></status>
</kw>
<kw name="Capture Page Screenshot" library="Selenium2Library">
<doc>Takes a screenshot of the current page and embeds it into a log file.</doc>
<arguments>
<arg>Paso2.png</arg>
</arguments>
<msg timestamp="20201105 15:24:11.775" level="INFO" html="yes">&lt;/td&gt;&lt;/tr&gt;&lt;tr&gt;&lt;td colspan="3"&gt;&lt;a href="Pruebas/Paso2.png"&gt;&lt;img src="Pruebas/Paso2.png" width="800px"&gt;&lt;/a&gt;</msg>
<status status="PASS" starttime="20201105 15:24:11.420" endtime="20201105 15:24:11.775"></status>
</kw>
<kw name="Sleep" library="BuiltIn">
<doc>Pauses the test executed for the given time.</doc>
<arguments>
<arg>2s</arg>
</arguments>
<msg timestamp="20201105 15:24:13.777" level="INFO">Slept 2 seconds</msg>
<status status="PASS" starttime="20201105 15:24:11.776" endtime="20201105 15:24:13.777"></status>
</kw>
<kw name="Click Element" library="Selenium2Library">
<doc>Click the element identified by ``locator``.</doc>
<arguments>
<arg>xpath=/html/body/div/div/div/div/form/div[4]/input</arg>
</arguments>
<msg timestamp="20201105 15:24:13.778" level="INFO">Clicking element 'xpath=/html/body/div/div/div/div/form/div[4]/input'.</msg>
<status status="PASS" starttime="20201105 15:24:13.777" endtime="20201105 15:24:14.309"></status>
</kw>
<kw name="Sleep" library="BuiltIn">
<doc>Pauses the test executed for the given time.</doc>
<arguments>
<arg>5s</arg>
</arguments>
<msg timestamp="20201105 15:24:19.312" level="INFO">Slept 5 seconds</msg>
<status status="PASS" starttime="20201105 15:24:14.311" endtime="20201105 15:24:19.312"></status>
</kw>
<kw name="Title Should Be" library="Selenium2Library">
<doc>Verifies that the current page title equals ``title``.</doc>
<arguments>
<arg>Inicio</arg>
</arguments>
<msg timestamp="20201105 15:24:19.321" level="INFO">Page title is 'Inicio'.</msg>
<status status="PASS" starttime="20201105 15:24:19.312" endtime="20201105 15:24:19.321"></status>
</kw>
<kw name="Page Should Contain" library="Selenium2Library">
<doc>Verifies that current page contains ``text``.</doc>
<arguments>
<arg>Test de hipertensión</arg>
</arguments>
<msg timestamp="20201105 15:24:19.345" level="INFO">Current page contains text 'Test de hipertensión'.</msg>
<status status="PASS" starttime="20201105 15:24:19.322" endtime="20201105 15:24:19.345"></status>
</kw>
<kw name="Wait Until Element Is Visible" library="Selenium2Library">
<doc>Waits until the element ``locator`` is visible.</doc>
<arguments>
<arg>xpath=/html/body/div/div[1]/div/div[2]/a</arg>
</arguments>
<status status="PASS" starttime="20201105 15:24:19.346" endtime="20201105 15:24:19.374"></status>
</kw>
<kw name="Capture Page Screenshot" library="Selenium2Library">
<doc>Takes a screenshot of the current page and embeds it into a log file.</doc>
<arguments>
<arg>Paso3.png</arg>
</arguments>
<msg timestamp="20201105 15:24:19.685" level="INFO" html="yes">&lt;/td&gt;&lt;/tr&gt;&lt;tr&gt;&lt;td colspan="3"&gt;&lt;a href="Pruebas/Paso3.png"&gt;&lt;img src="Pruebas/Paso3.png" width="800px"&gt;&lt;/a&gt;</msg>
<status status="PASS" starttime="20201105 15:24:19.375" endtime="20201105 15:24:19.686"></status>
</kw>
<kw name="Click Element" library="Selenium2Library">
<doc>Click the element identified by ``locator``.</doc>
<arguments>
<arg>xpath=/html/body/div/div[1]/div/div[2]/a</arg>
</arguments>
<msg timestamp="20201105 15:24:19.686" level="INFO">Clicking element 'xpath=/html/body/div/div[1]/div/div[2]/a'.</msg>
<status status="PASS" starttime="20201105 15:24:19.686" endtime="20201105 15:24:19.833"></status>
</kw>
<kw name="Title Should Be" library="Selenium2Library">
<doc>Verifies that the current page title equals ``title``.</doc>
<arguments>
<arg>JSP Page</arg>
</arguments>
<msg timestamp="20201105 15:24:19.841" level="INFO">Page title is 'JSP Page'.</msg>
<status status="PASS" starttime="20201105 15:24:19.833" endtime="20201105 15:24:19.841"></status>
</kw>
<kw name="Capture Page Screenshot" library="Selenium2Library">
<doc>Takes a screenshot of the current page and embeds it into a log file.</doc>
<arguments>
<arg>Paso4.png</arg>
</arguments>
<msg timestamp="20201105 15:24:20.664" level="INFO" html="yes">&lt;/td&gt;&lt;/tr&gt;&lt;tr&gt;&lt;td colspan="3"&gt;&lt;a href="Pruebas/Paso4.png"&gt;&lt;img src="Pruebas/Paso4.png" width="800px"&gt;&lt;/a&gt;</msg>
<status status="PASS" starttime="20201105 15:24:19.842" endtime="20201105 15:24:20.664"></status>
</kw>
<kw name="Click Element" library="Selenium2Library">
<doc>Click the element identified by ``locator``.</doc>
<arguments>
<arg>xpath=/html/body/div/form/div[1]/label[1]/input</arg>
</arguments>
<msg timestamp="20201105 15:24:20.665" level="INFO">Clicking element 'xpath=/html/body/div/form/div[1]/label[1]/input'.</msg>
<status status="PASS" starttime="20201105 15:24:20.664" endtime="20201105 15:24:20.776"></status>
</kw>
<kw name="Sleep" library="BuiltIn">
<doc>Pauses the test executed for the given time.</doc>
<arguments>
<arg>2s</arg>
</arguments>
<msg timestamp="20201105 15:24:22.779" level="INFO">Slept 2 seconds</msg>
<status status="PASS" starttime="20201105 15:24:20.777" endtime="20201105 15:24:22.779"></status>
</kw>
<kw name="Click Element" library="Selenium2Library">
<doc>Click the element identified by ``locator``.</doc>
<arguments>
<arg>xpath=/html/body/div/form/div[1]/label[3]/input</arg>
</arguments>
<msg timestamp="20201105 15:24:22.780" level="INFO">Clicking element 'xpath=/html/body/div/form/div[1]/label[3]/input'.</msg>
<status status="PASS" starttime="20201105 15:24:22.779" endtime="20201105 15:24:22.840"></status>
</kw>
<kw name="Sleep" library="BuiltIn">
<doc>Pauses the test executed for the given time.</doc>
<arguments>
<arg>2s</arg>
</arguments>
<msg timestamp="20201105 15:24:24.843" level="INFO">Slept 2 seconds</msg>
<status status="PASS" starttime="20201105 15:24:22.840" endtime="20201105 15:24:24.843"></status>
</kw>
<kw name="Click Element" library="Selenium2Library">
<doc>Click the element identified by ``locator``.</doc>
<arguments>
<arg>xpath=/html/body/div/form/div[1]/label[8]/input</arg>
</arguments>
<msg timestamp="20201105 15:24:24.844" level="INFO">Clicking element 'xpath=/html/body/div/form/div[1]/label[8]/input'.</msg>
<status status="PASS" starttime="20201105 15:24:24.843" endtime="20201105 15:24:24.908"></status>
</kw>
<kw name="Capture Page Screenshot" library="Selenium2Library">
<doc>Takes a screenshot of the current page and embeds it into a log file.</doc>
<arguments>
<arg>Paso5.png</arg>
</arguments>
<msg timestamp="20201105 15:24:25.226" level="INFO" html="yes">&lt;/td&gt;&lt;/tr&gt;&lt;tr&gt;&lt;td colspan="3"&gt;&lt;a href="Pruebas/Paso5.png"&gt;&lt;img src="Pruebas/Paso5.png" width="800px"&gt;&lt;/a&gt;</msg>
<status status="PASS" starttime="20201105 15:24:24.909" endtime="20201105 15:24:25.226"></status>
</kw>
<kw name="Sleep" library="BuiltIn">
<doc>Pauses the test executed for the given time.</doc>
<arguments>
<arg>2s</arg>
</arguments>
<msg timestamp="20201105 15:24:27.228" level="INFO">Slept 2 seconds</msg>
<status status="PASS" starttime="20201105 15:24:25.227" endtime="20201105 15:24:27.228"></status>
</kw>
<kw name="Click Element" library="Selenium2Library">
<doc>Click the element identified by ``locator``.</doc>
<arguments>
<arg>xpath=/html/body/div/form/div[2]/label[1]/input</arg>
</arguments>
<msg timestamp="20201105 15:24:27.229" level="INFO">Clicking element 'xpath=/html/body/div/form/div[2]/label[1]/input'.</msg>
<status status="PASS" starttime="20201105 15:24:27.228" endtime="20201105 15:24:27.293"></status>
</kw>
<kw name="Capture Page Screenshot" library="Selenium2Library">
<doc>Takes a screenshot of the current page and embeds it into a log file.</doc>
<arguments>
<arg>Paso6.png</arg>
</arguments>
<msg timestamp="20201105 15:24:27.661" level="INFO" html="yes">&lt;/td&gt;&lt;/tr&gt;&lt;tr&gt;&lt;td colspan="3"&gt;&lt;a href="Pruebas/Paso6.png"&gt;&lt;img src="Pruebas/Paso6.png" width="800px"&gt;&lt;/a&gt;</msg>
<status status="PASS" starttime="20201105 15:24:27.294" endtime="20201105 15:24:27.661"></status>
</kw>
<kw name="Sleep" library="BuiltIn">
<doc>Pauses the test executed for the given time.</doc>
<arguments>
<arg>2s</arg>
</arguments>
<msg timestamp="20201105 15:24:29.664" level="INFO">Slept 2 seconds</msg>
<status status="PASS" starttime="20201105 15:24:27.662" endtime="20201105 15:24:29.664"></status>
</kw>
<kw name="Input Text" library="Selenium2Library">
<doc>Types the given ``text`` into the text field identified by ``locator``.</doc>
<arguments>
<arg>xpath=/html/body/div/form/div[3]/label[1]/input</arg>
<arg>70</arg>
</arguments>
<msg timestamp="20201105 15:24:29.665" level="INFO">Typing text '70' into text field 'xpath=/html/body/div/form/div[3]/label[1]/input'.</msg>
<status status="PASS" starttime="20201105 15:24:29.664" endtime="20201105 15:24:29.790"></status>
</kw>
<kw name="Sleep" library="BuiltIn">
<doc>Pauses the test executed for the given time.</doc>
<arguments>
<arg>2s</arg>
</arguments>
<msg timestamp="20201105 15:24:31.793" level="INFO">Slept 2 seconds</msg>
<status status="PASS" starttime="20201105 15:24:29.791" endtime="20201105 15:24:31.793"></status>
</kw>
<kw name="Input Text" library="Selenium2Library">
<doc>Types the given ``text`` into the text field identified by ``locator``.</doc>
<arguments>
<arg>xpath=/html/body/div/form/div[3]/label[2]/input</arg>
<arg>1,75</arg>
</arguments>
<msg timestamp="20201105 15:24:31.794" level="INFO">Typing text '1,75' into text field 'xpath=/html/body/div/form/div[3]/label[2]/input'.</msg>
<status status="PASS" starttime="20201105 15:24:31.793" endtime="20201105 15:24:31.897"></status>
</kw>
<kw name="Capture Page Screenshot" library="Selenium2Library">
<doc>Takes a screenshot of the current page and embeds it into a log file.</doc>
<arguments>
<arg>Paso7.png</arg>
</arguments>
<msg timestamp="20201105 15:24:32.210" level="INFO" html="yes">&lt;/td&gt;&lt;/tr&gt;&lt;tr&gt;&lt;td colspan="3"&gt;&lt;a href="Pruebas/Paso7.png"&gt;&lt;img src="Pruebas/Paso7.png" width="800px"&gt;&lt;/a&gt;</msg>
<status status="PASS" starttime="20201105 15:24:31.898" endtime="20201105 15:24:32.211"></status>
</kw>
<kw name="Sleep" library="BuiltIn">
<doc>Pauses the test executed for the given time.</doc>
<arguments>
<arg>3s</arg>
</arguments>
<msg timestamp="20201105 15:24:35.213" level="INFO">Slept 3 seconds</msg>
<status status="PASS" starttime="20201105 15:24:32.211" endtime="20201105 15:24:35.213"></status>
</kw>
<kw name="Click Element" library="Selenium2Library">
<doc>Click the element identified by ``locator``.</doc>
<arguments>
<arg>xpath=/html/body/div/form/div[4]/input</arg>
</arguments>
<msg timestamp="20201105 15:24:35.214" level="INFO">Clicking element 'xpath=/html/body/div/form/div[4]/input'.</msg>
<status status="PASS" starttime="20201105 15:24:35.213" endtime="20201105 15:24:35.359"></status>
</kw>
<kw name="Sleep" library="BuiltIn">
<doc>Pauses the test executed for the given time.</doc>
<arguments>
<arg>5s</arg>
</arguments>
<msg timestamp="20201105 15:24:40.361" level="INFO">Slept 5 seconds</msg>
<status status="PASS" starttime="20201105 15:24:35.360" endtime="20201105 15:24:40.361"></status>
</kw>
<kw name="Capture Page Screenshot" library="Selenium2Library">
<doc>Takes a screenshot of the current page and embeds it into a log file.</doc>
<arguments>
<arg>Paso8.png</arg>
</arguments>
<msg timestamp="20201105 15:24:40.644" level="INFO" html="yes">&lt;/td&gt;&lt;/tr&gt;&lt;tr&gt;&lt;td colspan="3"&gt;&lt;a href="Pruebas/Paso8.png"&gt;&lt;img src="Pruebas/Paso8.png" width="800px"&gt;&lt;/a&gt;</msg>
<status status="PASS" starttime="20201105 15:24:40.361" endtime="20201105 15:24:40.644"></status>
</kw>
<kw name="Close Browser" library="Selenium2Library">
<doc>Closes the current browser.</doc>
<status status="PASS" starttime="20201105 15:24:40.644" endtime="20201105 15:24:42.738"></status>
</kw>
<status status="PASS" starttime="20201105 15:24:07.828" endtime="20201105 15:24:42.738" critical="yes"></status>
</test>
<doc>Hacer correctamente el test de Hipertension</doc>
<status status="PASS" starttime="20201105 15:24:07.654" endtime="20201105 15:24:42.740"></status>
</suite>
<statistics>
<total>
<stat pass="1" fail="0">Critical Tests</stat>
<stat pass="1" fail="0">All Tests</stat>
</total>
<tag>
</tag>
<suite>
<stat pass="1" fail="0" id="s1" name="CP-009">CP-009</stat>
</suite>
</statistics>
<errors>
</errors>
</robot>
