<?xml version="1.0" encoding="UTF-8"?>
<robot generator="Robot 3.2.2 (Python 3.9.0 on win32)" generated="20201114 08:05:41.521" rpa="false">
<suite id="s1" name="CP-009" source="C:\Users\cesar\PycharmProjects\prueba2\TestCases\casos-prueba-hipertic\Test Hipertensión\CP-009\CP-009.robot">
<test id="s1-t1" name="CP009 Hacer correctamente el test de Hipertension">
<kw name="Open Browser" library="Selenium2Library">
<doc>Opens a new browser instance to the optional ``url``.</doc>
<arguments>
<arg>http://localhost:8080/Crud-java-web-oracle-Cesar/</arg>
<arg>chrome</arg>
</arguments>
<msg timestamp="20201114 08:05:42.178" level="INFO">Opening browser 'chrome' to base url 'http://localhost:8080/Crud-java-web-oracle-Cesar/'.</msg>
<status status="PASS" starttime="20201114 08:05:42.177" endtime="20201114 08:06:10.811"></status>
</kw>
<kw name="Wait Until Element Is Visible" library="Selenium2Library">
<doc>Waits until the element ``locator`` is visible.</doc>
<arguments>
<arg>xpath=/html/body/div/div/div/div/form/div[4]/input</arg>
</arguments>
<status status="PASS" starttime="20201114 08:06:10.812" endtime="20201114 08:06:11.699"></status>
</kw>
<kw name="Set Screenshot Directory" library="Selenium2Library">
<doc>Sets the directory for captured screenshots.</doc>
<arguments>
<arg>Pruebas</arg>
</arguments>
<status status="PASS" starttime="20201114 08:06:11.700" endtime="20201114 08:06:11.735"></status>
</kw>
<kw name="Capture Page Screenshot" library="Selenium2Library">
<doc>Takes a screenshot of the current page and embeds it into a log file.</doc>
<arguments>
<arg>Paso1.png</arg>
</arguments>
<msg timestamp="20201114 08:06:12.676" level="INFO" html="yes">&lt;/td&gt;&lt;/tr&gt;&lt;tr&gt;&lt;td colspan="3"&gt;&lt;a href="Pruebas/Paso1.png"&gt;&lt;img src="Pruebas/Paso1.png" width="800px"&gt;&lt;/a&gt;</msg>
<status status="PASS" starttime="20201114 08:06:11.736" endtime="20201114 08:06:12.676"></status>
</kw>
<kw name="Input Text" library="Selenium2Library">
<doc>Types the given ``text`` into the text field identified by ``locator``.</doc>
<arguments>
<arg>xpath=/html/body/div/div/div/div/form/div[2]/input</arg>
<arg>usuario11</arg>
</arguments>
<msg timestamp="20201114 08:06:12.678" level="INFO">Typing text 'usuario11' into text field 'xpath=/html/body/div/div/div/div/form/div[2]/input'.</msg>
<status status="PASS" starttime="20201114 08:06:12.677" endtime="20201114 08:06:14.233"></status>
</kw>
<kw name="Input Text" library="Selenium2Library">
<doc>Types the given ``text`` into the text field identified by ``locator``.</doc>
<arguments>
<arg>xpath=/html/body/div/div/div/div/form/div[3]/input</arg>
<arg>1234+1234</arg>
</arguments>
<msg timestamp="20201114 08:06:14.234" level="INFO">Typing text '1234+1234' into text field 'xpath=/html/body/div/div/div/div/form/div[3]/input'.</msg>
<status status="PASS" starttime="20201114 08:06:14.234" endtime="20201114 08:06:14.456"></status>
</kw>
<kw name="Capture Page Screenshot" library="Selenium2Library">
<doc>Takes a screenshot of the current page and embeds it into a log file.</doc>
<arguments>
<arg>Paso2.png</arg>
</arguments>
<msg timestamp="20201114 08:06:14.878" level="INFO" html="yes">&lt;/td&gt;&lt;/tr&gt;&lt;tr&gt;&lt;td colspan="3"&gt;&lt;a href="Pruebas/Paso2.png"&gt;&lt;img src="Pruebas/Paso2.png" width="800px"&gt;&lt;/a&gt;</msg>
<status status="PASS" starttime="20201114 08:06:14.457" endtime="20201114 08:06:14.879"></status>
</kw>
<kw name="Sleep" library="BuiltIn">
<doc>Pauses the test executed for the given time.</doc>
<arguments>
<arg>2s</arg>
</arguments>
<msg timestamp="20201114 08:06:16.882" level="INFO">Slept 2 seconds</msg>
<status status="PASS" starttime="20201114 08:06:14.879" endtime="20201114 08:06:16.883"></status>
</kw>
<kw name="Click Element" library="Selenium2Library">
<doc>Click the element identified by ``locator``.</doc>
<arguments>
<arg>xpath=/html/body/div/div/div/div/form/div[4]/input</arg>
</arguments>
<msg timestamp="20201114 08:06:16.884" level="INFO">Clicking element 'xpath=/html/body/div/div/div/div/form/div[4]/input'.</msg>
<status status="PASS" starttime="20201114 08:06:16.883" endtime="20201114 08:06:21.433"></status>
</kw>
<kw name="Sleep" library="BuiltIn">
<doc>Pauses the test executed for the given time.</doc>
<arguments>
<arg>5s</arg>
</arguments>
<msg timestamp="20201114 08:06:26.450" level="INFO">Slept 5 seconds</msg>
<status status="PASS" starttime="20201114 08:06:21.449" endtime="20201114 08:06:26.450"></status>
</kw>
<kw name="Title Should Be" library="Selenium2Library">
<doc>Verifies that the current page title equals ``title``.</doc>
<arguments>
<arg>Inicio</arg>
</arguments>
<msg timestamp="20201114 08:06:26.545" level="INFO">Page title is 'Inicio'.</msg>
<status status="PASS" starttime="20201114 08:06:26.451" endtime="20201114 08:06:26.545"></status>
</kw>
<kw name="Page Should Contain" library="Selenium2Library">
<doc>Verifies that current page contains ``text``.</doc>
<arguments>
<arg>Test de hipertensión</arg>
</arguments>
<msg timestamp="20201114 08:06:26.567" level="INFO">Current page contains text 'Test de hipertensión'.</msg>
<status status="PASS" starttime="20201114 08:06:26.546" endtime="20201114 08:06:26.568"></status>
</kw>
<kw name="Wait Until Element Is Visible" library="Selenium2Library">
<doc>Waits until the element ``locator`` is visible.</doc>
<arguments>
<arg>xpath=/html/body/div/div[1]/div/div[2]/a</arg>
</arguments>
<status status="PASS" starttime="20201114 08:06:26.568" endtime="20201114 08:06:26.606"></status>
</kw>
<kw name="Capture Page Screenshot" library="Selenium2Library">
<doc>Takes a screenshot of the current page and embeds it into a log file.</doc>
<arguments>
<arg>Paso3.png</arg>
</arguments>
<msg timestamp="20201114 08:06:27.108" level="INFO" html="yes">&lt;/td&gt;&lt;/tr&gt;&lt;tr&gt;&lt;td colspan="3"&gt;&lt;a href="Pruebas/Paso3.png"&gt;&lt;img src="Pruebas/Paso3.png" width="800px"&gt;&lt;/a&gt;</msg>
<status status="PASS" starttime="20201114 08:06:26.607" endtime="20201114 08:06:27.108"></status>
</kw>
<kw name="Click Element" library="Selenium2Library">
<doc>Click the element identified by ``locator``.</doc>
<arguments>
<arg>xpath=/html/body/div/div[1]/div/div[2]/a</arg>
</arguments>
<msg timestamp="20201114 08:06:27.110" level="INFO">Clicking element 'xpath=/html/body/div/div[1]/div/div[2]/a'.</msg>
<status status="PASS" starttime="20201114 08:06:27.109" endtime="20201114 08:06:39.193"></status>
</kw>
<kw name="Title Should Be" library="Selenium2Library">
<doc>Verifies that the current page title equals ``title``.</doc>
<arguments>
<arg>JSP Page</arg>
</arguments>
<msg timestamp="20201114 08:06:39.236" level="INFO">Page title is 'JSP Page'.</msg>
<status status="PASS" starttime="20201114 08:06:39.196" endtime="20201114 08:06:39.236"></status>
</kw>
<kw name="Capture Page Screenshot" library="Selenium2Library">
<doc>Takes a screenshot of the current page and embeds it into a log file.</doc>
<arguments>
<arg>Paso4.png</arg>
</arguments>
<msg timestamp="20201114 08:06:39.700" level="INFO" html="yes">&lt;/td&gt;&lt;/tr&gt;&lt;tr&gt;&lt;td colspan="3"&gt;&lt;a href="Pruebas/Paso4.png"&gt;&lt;img src="Pruebas/Paso4.png" width="800px"&gt;&lt;/a&gt;</msg>
<status status="PASS" starttime="20201114 08:06:39.237" endtime="20201114 08:06:39.700"></status>
</kw>
<kw name="Click Element" library="Selenium2Library">
<doc>Click the element identified by ``locator``.</doc>
<arguments>
<arg>xpath=/html/body/div/form/div[1]/label[1]/input</arg>
</arguments>
<msg timestamp="20201114 08:06:39.702" level="INFO">Clicking element 'xpath=/html/body/div/form/div[1]/label[1]/input'.</msg>
<status status="PASS" starttime="20201114 08:06:39.701" endtime="20201114 08:06:39.825"></status>
</kw>
<kw name="Sleep" library="BuiltIn">
<doc>Pauses the test executed for the given time.</doc>
<arguments>
<arg>2s</arg>
</arguments>
<msg timestamp="20201114 08:06:41.828" level="INFO">Slept 2 seconds</msg>
<status status="PASS" starttime="20201114 08:06:39.825" endtime="20201114 08:06:41.828"></status>
</kw>
<kw name="Click Element" library="Selenium2Library">
<doc>Click the element identified by ``locator``.</doc>
<arguments>
<arg>xpath=/html/body/div/form/div[1]/label[3]/input</arg>
</arguments>
<msg timestamp="20201114 08:06:41.850" level="INFO">Clicking element 'xpath=/html/body/div/form/div[1]/label[3]/input'.</msg>
<status status="PASS" starttime="20201114 08:06:41.850" endtime="20201114 08:06:41.967"></status>
</kw>
<kw name="Sleep" library="BuiltIn">
<doc>Pauses the test executed for the given time.</doc>
<arguments>
<arg>2s</arg>
</arguments>
<msg timestamp="20201114 08:06:43.970" level="INFO">Slept 2 seconds</msg>
<status status="PASS" starttime="20201114 08:06:41.969" endtime="20201114 08:06:43.970"></status>
</kw>
<kw name="Click Element" library="Selenium2Library">
<doc>Click the element identified by ``locator``.</doc>
<arguments>
<arg>xpath=/html/body/div/form/div[1]/label[8]/input</arg>
</arguments>
<msg timestamp="20201114 08:06:43.971" level="INFO">Clicking element 'xpath=/html/body/div/form/div[1]/label[8]/input'.</msg>
<status status="PASS" starttime="20201114 08:06:43.971" endtime="20201114 08:06:44.038"></status>
</kw>
<kw name="Capture Page Screenshot" library="Selenium2Library">
<doc>Takes a screenshot of the current page and embeds it into a log file.</doc>
<arguments>
<arg>Paso5.png</arg>
</arguments>
<msg timestamp="20201114 08:06:44.445" level="INFO" html="yes">&lt;/td&gt;&lt;/tr&gt;&lt;tr&gt;&lt;td colspan="3"&gt;&lt;a href="Pruebas/Paso5.png"&gt;&lt;img src="Pruebas/Paso5.png" width="800px"&gt;&lt;/a&gt;</msg>
<status status="PASS" starttime="20201114 08:06:44.039" endtime="20201114 08:06:44.445"></status>
</kw>
<kw name="Sleep" library="BuiltIn">
<doc>Pauses the test executed for the given time.</doc>
<arguments>
<arg>2s</arg>
</arguments>
<msg timestamp="20201114 08:06:46.447" level="INFO">Slept 2 seconds</msg>
<status status="PASS" starttime="20201114 08:06:44.446" endtime="20201114 08:06:46.448"></status>
</kw>
<kw name="Click Element" library="Selenium2Library">
<doc>Click the element identified by ``locator``.</doc>
<arguments>
<arg>xpath=/html/body/div/form/div[2]/label[1]/input</arg>
</arguments>
<msg timestamp="20201114 08:06:46.451" level="INFO">Clicking element 'xpath=/html/body/div/form/div[2]/label[1]/input'.</msg>
<status status="PASS" starttime="20201114 08:06:46.449" endtime="20201114 08:06:46.576"></status>
</kw>
<kw name="Capture Page Screenshot" library="Selenium2Library">
<doc>Takes a screenshot of the current page and embeds it into a log file.</doc>
<arguments>
<arg>Paso6.png</arg>
</arguments>
<msg timestamp="20201114 08:06:46.949" level="INFO" html="yes">&lt;/td&gt;&lt;/tr&gt;&lt;tr&gt;&lt;td colspan="3"&gt;&lt;a href="Pruebas/Paso6.png"&gt;&lt;img src="Pruebas/Paso6.png" width="800px"&gt;&lt;/a&gt;</msg>
<status status="PASS" starttime="20201114 08:06:46.577" endtime="20201114 08:06:46.949"></status>
</kw>
<kw name="Sleep" library="BuiltIn">
<doc>Pauses the test executed for the given time.</doc>
<arguments>
<arg>2s</arg>
</arguments>
<msg timestamp="20201114 08:06:48.951" level="INFO">Slept 2 seconds</msg>
<status status="PASS" starttime="20201114 08:06:46.949" endtime="20201114 08:06:48.951"></status>
</kw>
<kw name="Input Text" library="Selenium2Library">
<doc>Types the given ``text`` into the text field identified by ``locator``.</doc>
<arguments>
<arg>xpath=/html/body/div/form/div[3]/label[1]/input</arg>
<arg>70</arg>
</arguments>
<msg timestamp="20201114 08:06:48.953" level="INFO">Typing text '70' into text field 'xpath=/html/body/div/form/div[3]/label[1]/input'.</msg>
<status status="PASS" starttime="20201114 08:06:48.952" endtime="20201114 08:06:49.288"></status>
</kw>
<kw name="Sleep" library="BuiltIn">
<doc>Pauses the test executed for the given time.</doc>
<arguments>
<arg>2s</arg>
</arguments>
<msg timestamp="20201114 08:06:51.291" level="INFO">Slept 2 seconds</msg>
<status status="PASS" starttime="20201114 08:06:49.289" endtime="20201114 08:06:51.292"></status>
</kw>
<kw name="Input Text" library="Selenium2Library">
<doc>Types the given ``text`` into the text field identified by ``locator``.</doc>
<arguments>
<arg>xpath=/html/body/div/form/div[3]/label[2]/input</arg>
<arg>1,75</arg>
</arguments>
<msg timestamp="20201114 08:06:51.295" level="INFO">Typing text '1,75' into text field 'xpath=/html/body/div/form/div[3]/label[2]/input'.</msg>
<status status="PASS" starttime="20201114 08:06:51.294" endtime="20201114 08:06:51.476"></status>
</kw>
<kw name="Capture Page Screenshot" library="Selenium2Library">
<doc>Takes a screenshot of the current page and embeds it into a log file.</doc>
<arguments>
<arg>Paso7.png</arg>
</arguments>
<msg timestamp="20201114 08:06:51.852" level="INFO" html="yes">&lt;/td&gt;&lt;/tr&gt;&lt;tr&gt;&lt;td colspan="3"&gt;&lt;a href="Pruebas/Paso7.png"&gt;&lt;img src="Pruebas/Paso7.png" width="800px"&gt;&lt;/a&gt;</msg>
<status status="PASS" starttime="20201114 08:06:51.477" endtime="20201114 08:06:51.853"></status>
</kw>
<kw name="Sleep" library="BuiltIn">
<doc>Pauses the test executed for the given time.</doc>
<arguments>
<arg>3s</arg>
</arguments>
<msg timestamp="20201114 08:06:54.855" level="INFO">Slept 3 seconds</msg>
<status status="PASS" starttime="20201114 08:06:51.854" endtime="20201114 08:06:54.855"></status>
</kw>
<kw name="Click Element" library="Selenium2Library">
<doc>Click the element identified by ``locator``.</doc>
<arguments>
<arg>xpath=/html/body/div/form/div[4]/input</arg>
</arguments>
<msg timestamp="20201114 08:06:54.857" level="INFO">Clicking element 'xpath=/html/body/div/form/div[4]/input'.</msg>
<status status="PASS" starttime="20201114 08:06:54.856" endtime="20201114 08:06:55.418"></status>
</kw>
<kw name="Sleep" library="BuiltIn">
<doc>Pauses the test executed for the given time.</doc>
<arguments>
<arg>5s</arg>
</arguments>
<msg timestamp="20201114 08:07:00.422" level="INFO">Slept 5 seconds</msg>
<status status="PASS" starttime="20201114 08:06:55.420" endtime="20201114 08:07:00.422"></status>
</kw>
<kw name="Capture Page Screenshot" library="Selenium2Library">
<doc>Takes a screenshot of the current page and embeds it into a log file.</doc>
<arguments>
<arg>Paso8.png</arg>
</arguments>
<msg timestamp="20201114 08:07:00.836" level="INFO" html="yes">&lt;/td&gt;&lt;/tr&gt;&lt;tr&gt;&lt;td colspan="3"&gt;&lt;a href="Pruebas/Paso8.png"&gt;&lt;img src="Pruebas/Paso8.png" width="800px"&gt;&lt;/a&gt;</msg>
<status status="PASS" starttime="20201114 08:07:00.423" endtime="20201114 08:07:00.836"></status>
</kw>
<kw name="Close Browser" library="Selenium2Library">
<doc>Closes the current browser.</doc>
<status status="PASS" starttime="20201114 08:07:00.837" endtime="20201114 08:07:03.430"></status>
</kw>
<status status="PASS" starttime="20201114 08:05:42.175" endtime="20201114 08:07:03.431" critical="yes"></status>
</test>
<doc>Hacer correctamente el test de Hipertension</doc>
<status status="PASS" starttime="20201114 08:05:41.527" endtime="20201114 08:07:03.451"></status>
</suite>
<statistics>
<total>
<stat pass="1" fail="0">Critical Tests</stat>
<stat pass="1" fail="0">All Tests</stat>
</total>
<tag>
</tag>
<suite>
<stat pass="1" fail="0" id="s1" name="CP-009">CP-009</stat>
</suite>
</statistics>
<errors>
</errors>
</robot>
