<?xml version="1.0" encoding="UTF-8"?>
<robot generator="Robot 3.2.2 (Python 3.9.0 on win32)" generated="20201114 07:36:23.494" rpa="false">
<suite id="s1" name="CP002" source="C:\Users\cesar\PycharmProjects\prueba2\TestCases\casos-prueba-hipertic\registro\CP002\CP002.robot">
<test id="s1-t1" name="CP002 Hacer un registro sin llenar los campos requeridos">
<kw name="Open Browser" library="Selenium2Library">
<doc>Opens a new browser instance to the optional ``url``.</doc>
<arguments>
<arg>http://localhost:8080/Crud-java-web-oracle-Cesar/</arg>
<arg>chrome</arg>
</arguments>
<msg timestamp="20201114 07:36:25.395" level="INFO">Opening browser 'chrome' to base url 'http://localhost:8080/Crud-java-web-oracle-Cesar/'.</msg>
<status status="PASS" starttime="20201114 07:36:25.395" endtime="20201114 07:37:11.103"></status>
</kw>
<kw name="Wait Until Element Is Visible" library="Selenium2Library">
<doc>Waits until the element ``locator`` is visible.</doc>
<arguments>
<arg>xpath=/html/body/div/div/div/div/form/div[5]/a[1]</arg>
</arguments>
<status status="PASS" starttime="20201114 07:37:11.106" endtime="20201114 07:37:12.083"></status>
</kw>
<kw name="Set Screenshot Directory" library="Selenium2Library">
<doc>Sets the directory for captured screenshots.</doc>
<arguments>
<arg>Pruebas</arg>
</arguments>
<status status="PASS" starttime="20201114 07:37:12.084" endtime="20201114 07:37:12.084"></status>
</kw>
<kw name="Capture Page Screenshot" library="Selenium2Library">
<doc>Takes a screenshot of the current page and embeds it into a log file.</doc>
<arguments>
<arg>1.png</arg>
</arguments>
<msg timestamp="20201114 07:37:13.422" level="INFO" html="yes">&lt;/td&gt;&lt;/tr&gt;&lt;tr&gt;&lt;td colspan="3"&gt;&lt;a href="Pruebas/1.png"&gt;&lt;img src="Pruebas/1.png" width="800px"&gt;&lt;/a&gt;</msg>
<status status="PASS" starttime="20201114 07:37:12.085" endtime="20201114 07:37:13.422"></status>
</kw>
<kw name="Click Element" library="Selenium2Library">
<doc>Click the element identified by ``locator``.</doc>
<arguments>
<arg>xpath=/html/body/div/div/div/div/form/div[5]/a[1]</arg>
</arguments>
<msg timestamp="20201114 07:37:13.423" level="INFO">Clicking element 'xpath=/html/body/div/div/div/div/form/div[5]/a[1]'.</msg>
<status status="PASS" starttime="20201114 07:37:13.423" endtime="20201114 07:37:15.915"></status>
</kw>
<kw name="Sleep" library="BuiltIn">
<doc>Pauses the test executed for the given time.</doc>
<arguments>
<arg>3s</arg>
</arguments>
<msg timestamp="20201114 07:37:18.937" level="INFO">Slept 3 seconds</msg>
<status status="PASS" starttime="20201114 07:37:15.916" endtime="20201114 07:37:18.937"></status>
</kw>
<kw name="Capture Page Screenshot" library="Selenium2Library">
<doc>Takes a screenshot of the current page and embeds it into a log file.</doc>
<arguments>
<arg>2.png</arg>
</arguments>
<msg timestamp="20201114 07:37:19.304" level="INFO" html="yes">&lt;/td&gt;&lt;/tr&gt;&lt;tr&gt;&lt;td colspan="3"&gt;&lt;a href="Pruebas/2.png"&gt;&lt;img src="Pruebas/2.png" width="800px"&gt;&lt;/a&gt;</msg>
<status status="PASS" starttime="20201114 07:37:18.937" endtime="20201114 07:37:19.305"></status>
</kw>
<kw name="Click Element" library="Selenium2Library">
<doc>Click the element identified by ``locator``.</doc>
<arguments>
<arg>xpath=/html/body/div/div/div/form/div[7]/input</arg>
</arguments>
<msg timestamp="20201114 07:37:19.306" level="INFO">Clicking element 'xpath=/html/body/div/div/div/form/div[7]/input'.</msg>
<status status="PASS" starttime="20201114 07:37:19.305" endtime="20201114 07:37:20.203"></status>
</kw>
<kw name="Capture Page Screenshot" library="Selenium2Library">
<doc>Takes a screenshot of the current page and embeds it into a log file.</doc>
<arguments>
<arg>3.png</arg>
</arguments>
<msg timestamp="20201114 07:37:21.503" level="INFO" html="yes">&lt;/td&gt;&lt;/tr&gt;&lt;tr&gt;&lt;td colspan="3"&gt;&lt;a href="Pruebas/3.png"&gt;&lt;img src="Pruebas/3.png" width="800px"&gt;&lt;/a&gt;</msg>
<status status="PASS" starttime="20201114 07:37:20.205" endtime="20201114 07:37:21.503"></status>
</kw>
<kw name="Sleep" library="BuiltIn">
<doc>Pauses the test executed for the given time.</doc>
<arguments>
<arg>5s</arg>
</arguments>
<msg timestamp="20201114 07:37:26.506" level="INFO">Slept 5 seconds</msg>
<status status="PASS" starttime="20201114 07:37:21.505" endtime="20201114 07:37:26.506"></status>
</kw>
<kw name="Title Should Be" library="Selenium2Library">
<doc>Verifies that the current page title equals ``title``.</doc>
<arguments>
<arg>JSP Page</arg>
</arguments>
<msg timestamp="20201114 07:37:26.514" level="INFO">Page title is 'JSP Page'.</msg>
<status status="PASS" starttime="20201114 07:37:26.507" endtime="20201114 07:37:26.514"></status>
</kw>
<kw name="Page Should Contain" library="Selenium2Library">
<doc>Verifies that current page contains ``text``.</doc>
<arguments>
<arg>JSP Page</arg>
</arguments>
<msg timestamp="20201114 07:37:26.533" level="INFO">Current page contains text 'JSP Page'.</msg>
<status status="PASS" starttime="20201114 07:37:26.515" endtime="20201114 07:37:26.534"></status>
</kw>
<kw name="Capture Page Screenshot" library="Selenium2Library">
<doc>Takes a screenshot of the current page and embeds it into a log file.</doc>
<arguments>
<arg>4.png</arg>
</arguments>
<msg timestamp="20201114 07:37:26.936" level="INFO" html="yes">&lt;/td&gt;&lt;/tr&gt;&lt;tr&gt;&lt;td colspan="3"&gt;&lt;a href="Pruebas/4.png"&gt;&lt;img src="Pruebas/4.png" width="800px"&gt;&lt;/a&gt;</msg>
<status status="PASS" starttime="20201114 07:37:26.534" endtime="20201114 07:37:26.937"></status>
</kw>
<kw name="Sleep" library="BuiltIn">
<doc>Pauses the test executed for the given time.</doc>
<arguments>
<arg>10s</arg>
</arguments>
<msg timestamp="20201114 07:37:36.939" level="INFO">Slept 10 seconds</msg>
<status status="PASS" starttime="20201114 07:37:26.938" endtime="20201114 07:37:36.939"></status>
</kw>
<kw name="Close Browser" library="Selenium2Library">
<doc>Closes the current browser.</doc>
<status status="PASS" starttime="20201114 07:37:36.940" endtime="20201114 07:37:39.413"></status>
</kw>
<status status="PASS" starttime="20201114 07:36:25.394" endtime="20201114 07:37:39.415" critical="yes"></status>
</test>
<doc>Hacer un registro sin llenar los campos requeridos</doc>
<status status="PASS" starttime="20201114 07:36:23.500" endtime="20201114 07:37:39.428"></status>
</suite>
<statistics>
<total>
<stat pass="1" fail="0">Critical Tests</stat>
<stat pass="1" fail="0">All Tests</stat>
</total>
<tag>
</tag>
<suite>
<stat pass="1" fail="0" id="s1" name="CP002">CP002</stat>
</suite>
</statistics>
<errors>
</errors>
</robot>
