<?xml version="1.0" encoding="UTF-8"?>
<robot generator="Robot 3.2.2 (Python 3.9.0 on win32)" generated="20201107 06:22:55.787" rpa="false">
<suite id="s1" name="CP002" source="C:\Users\cesar\PycharmProjects\prueba2\TestCases\casos-prueba-hipertic\registro\CP002\CP002.ROBOT">
<test id="s1-t1" name="CP002 Hacer un registro sin llenar los campos requeridos">
<kw name="Open Browser" library="Selenium2Library">
<doc>Opens a new browser instance to the optional ``url``.</doc>
<arguments>
<arg>http://localhost:8080/Crud-java-web-oracle-Cesar/</arg>
<arg>chrome</arg>
</arguments>
<msg timestamp="20201107 06:22:56.167" level="INFO">Opening browser 'chrome' to base url 'http://localhost:8080/Crud-java-web-oracle-Cesar/'.</msg>
<status status="PASS" starttime="20201107 06:22:56.167" endtime="20201107 06:23:00.942"></status>
</kw>
<kw name="Wait Until Element Is Visible" library="Selenium2Library">
<doc>Waits until the element ``locator`` is visible.</doc>
<arguments>
<arg>xpath=/html/body/div/div/div/div/form/div[5]/a[1]</arg>
</arguments>
<status status="PASS" starttime="20201107 06:23:00.942" endtime="20201107 06:23:01.022"></status>
</kw>
<kw name="Set Screenshot Directory" library="Selenium2Library">
<doc>Sets the directory for captured screenshots.</doc>
<arguments>
<arg>Pruebas</arg>
</arguments>
<status status="PASS" starttime="20201107 06:23:01.022" endtime="20201107 06:23:01.022"></status>
</kw>
<kw name="Capture Page Screenshot" library="Selenium2Library">
<doc>Takes a screenshot of the current page and embeds it into a log file.</doc>
<arguments>
<arg>1.png</arg>
</arguments>
<msg timestamp="20201107 06:23:01.677" level="INFO" html="yes">&lt;/td&gt;&lt;/tr&gt;&lt;tr&gt;&lt;td colspan="3"&gt;&lt;a href="Pruebas/1.png"&gt;&lt;img src="Pruebas/1.png" width="800px"&gt;&lt;/a&gt;</msg>
<status status="PASS" starttime="20201107 06:23:01.027" endtime="20201107 06:23:01.677"></status>
</kw>
<kw name="Click Element" library="Selenium2Library">
<doc>Click the element identified by ``locator``.</doc>
<arguments>
<arg>xpath=/html/body/div/div/div/div/form/div[5]/a[1]</arg>
</arguments>
<msg timestamp="20201107 06:23:01.677" level="INFO">Clicking element 'xpath=/html/body/div/div/div/div/form/div[5]/a[1]'.</msg>
<status status="PASS" starttime="20201107 06:23:01.677" endtime="20201107 06:23:03.028"></status>
</kw>
<kw name="Sleep" library="BuiltIn">
<doc>Pauses the test executed for the given time.</doc>
<arguments>
<arg>3s</arg>
</arguments>
<msg timestamp="20201107 06:23:06.047" level="INFO">Slept 3 seconds</msg>
<status status="PASS" starttime="20201107 06:23:03.028" endtime="20201107 06:23:06.047"></status>
</kw>
<kw name="Capture Page Screenshot" library="Selenium2Library">
<doc>Takes a screenshot of the current page and embeds it into a log file.</doc>
<arguments>
<arg>2.png</arg>
</arguments>
<msg timestamp="20201107 06:23:06.447" level="INFO" html="yes">&lt;/td&gt;&lt;/tr&gt;&lt;tr&gt;&lt;td colspan="3"&gt;&lt;a href="Pruebas/2.png"&gt;&lt;img src="Pruebas/2.png" width="800px"&gt;&lt;/a&gt;</msg>
<status status="PASS" starttime="20201107 06:23:06.047" endtime="20201107 06:23:06.447"></status>
</kw>
<kw name="Click Element" library="Selenium2Library">
<doc>Click the element identified by ``locator``.</doc>
<arguments>
<arg>xpath=/html/body/div/div/div/form/div[7]/input</arg>
</arguments>
<msg timestamp="20201107 06:23:06.447" level="INFO">Clicking element 'xpath=/html/body/div/div/div/form/div[7]/input'.</msg>
<status status="PASS" starttime="20201107 06:23:06.447" endtime="20201107 06:23:06.570"></status>
</kw>
<kw name="Capture Page Screenshot" library="Selenium2Library">
<doc>Takes a screenshot of the current page and embeds it into a log file.</doc>
<arguments>
<arg>3.png</arg>
</arguments>
<msg timestamp="20201107 06:23:07.562" level="INFO" html="yes">&lt;/td&gt;&lt;/tr&gt;&lt;tr&gt;&lt;td colspan="3"&gt;&lt;a href="Pruebas/3.png"&gt;&lt;img src="Pruebas/3.png" width="800px"&gt;&lt;/a&gt;</msg>
<status status="PASS" starttime="20201107 06:23:06.570" endtime="20201107 06:23:07.562"></status>
</kw>
<kw name="Sleep" library="BuiltIn">
<doc>Pauses the test executed for the given time.</doc>
<arguments>
<arg>5s</arg>
</arguments>
<msg timestamp="20201107 06:23:12.567" level="INFO">Slept 5 seconds</msg>
<status status="PASS" starttime="20201107 06:23:07.562" endtime="20201107 06:23:12.567"></status>
</kw>
<kw name="Title Should Be" library="Selenium2Library">
<doc>Verifies that the current page title equals ``title``.</doc>
<arguments>
<arg>JSP Page</arg>
</arguments>
<msg timestamp="20201107 06:23:12.587" level="INFO">Page title is 'JSP Page'.</msg>
<status status="PASS" starttime="20201107 06:23:12.567" endtime="20201107 06:23:12.587"></status>
</kw>
<kw name="Page Should Contain" library="Selenium2Library">
<doc>Verifies that current page contains ``text``.</doc>
<arguments>
<arg>JSP Page</arg>
</arguments>
<msg timestamp="20201107 06:23:12.617" level="INFO">Current page contains text 'JSP Page'.</msg>
<status status="PASS" starttime="20201107 06:23:12.587" endtime="20201107 06:23:12.617"></status>
</kw>
<kw name="Capture Page Screenshot" library="Selenium2Library">
<doc>Takes a screenshot of the current page and embeds it into a log file.</doc>
<arguments>
<arg>4.png</arg>
</arguments>
<msg timestamp="20201107 06:23:13.027" level="INFO" html="yes">&lt;/td&gt;&lt;/tr&gt;&lt;tr&gt;&lt;td colspan="3"&gt;&lt;a href="Pruebas/4.png"&gt;&lt;img src="Pruebas/4.png" width="800px"&gt;&lt;/a&gt;</msg>
<status status="PASS" starttime="20201107 06:23:12.617" endtime="20201107 06:23:13.027"></status>
</kw>
<kw name="Sleep" library="BuiltIn">
<doc>Pauses the test executed for the given time.</doc>
<arguments>
<arg>10s</arg>
</arguments>
<msg timestamp="20201107 06:23:23.047" level="INFO">Slept 10 seconds</msg>
<status status="PASS" starttime="20201107 06:23:13.027" endtime="20201107 06:23:23.047"></status>
</kw>
<kw name="Close Browser" library="Selenium2Library">
<doc>Closes the current browser.</doc>
<status status="PASS" starttime="20201107 06:23:23.047" endtime="20201107 06:23:25.237"></status>
</kw>
<status status="PASS" starttime="20201107 06:22:56.167" endtime="20201107 06:23:25.237" critical="yes"></status>
</test>
<doc>Hacer un registro sin llenar los campos requeridos</doc>
<status status="PASS" starttime="20201107 06:22:55.787" endtime="20201107 06:23:25.237"></status>
</suite>
<statistics>
<total>
<stat pass="1" fail="0">Critical Tests</stat>
<stat pass="1" fail="0">All Tests</stat>
</total>
<tag>
</tag>
<suite>
<stat pass="1" fail="0" id="s1" name="CP002">CP002</stat>
</suite>
</statistics>
<errors>
</errors>
</robot>
