<?xml version="1.0" encoding="UTF-8"?>
<robot generator="Robot 3.2.2 (Python 3.9.0 on win32)" generated="20201114 07:58:15.473" rpa="false">
<suite id="s1" name="CP012" source="C:\Users\cesar\PycharmProjects\prueba2\TestCases\casos-prueba-hipertic\Funciones Admin\CP012\CP012.robot">
<test id="s1-t1" name="CP 012 El administrador registra un usuario (paciente) desde su perfil de administrador">
<kw name="Open Browser" library="Selenium2Library">
<doc>Opens a new browser instance to the optional ``url``.</doc>
<arguments>
<arg>http://localhost:8080/Crud-java-web-oracle-Cesar/</arg>
<arg>chrome</arg>
</arguments>
<msg timestamp="20201114 07:58:16.107" level="INFO">Opening browser 'chrome' to base url 'http://localhost:8080/Crud-java-web-oracle-Cesar/'.</msg>
<status status="PASS" starttime="20201114 07:58:16.107" endtime="20201114 07:58:34.913"></status>
</kw>
<kw name="Wait Until Element Is Visible" library="Selenium2Library">
<doc>Waits until the element ``locator`` is visible.</doc>
<arguments>
<arg>xpath=/html/body/div/div/div/div/form/div[4]/input</arg>
</arguments>
<status status="PASS" starttime="20201114 07:58:34.914" endtime="20201114 07:58:35.314"></status>
</kw>
<kw name="Set Screenshot Directory" library="Selenium2Library">
<doc>Sets the directory for captured screenshots.</doc>
<arguments>
<arg>Pruebas</arg>
</arguments>
<status status="PASS" starttime="20201114 07:58:35.315" endtime="20201114 07:58:35.316"></status>
</kw>
<kw name="Capture Page Screenshot" library="Selenium2Library">
<doc>Takes a screenshot of the current page and embeds it into a log file.</doc>
<arguments>
<arg>Paso1y2.png</arg>
</arguments>
<msg timestamp="20201114 07:58:36.580" level="INFO" html="yes">&lt;/td&gt;&lt;/tr&gt;&lt;tr&gt;&lt;td colspan="3"&gt;&lt;a href="Pruebas/Paso1y2.png"&gt;&lt;img src="Pruebas/Paso1y2.png" width="800px"&gt;&lt;/a&gt;</msg>
<status status="PASS" starttime="20201114 07:58:35.316" endtime="20201114 07:58:36.581"></status>
</kw>
<kw name="Input Text" library="Selenium2Library">
<doc>Types the given ``text`` into the text field identified by ``locator``.</doc>
<arguments>
<arg>xpath=/html/body/div/div/div/div/form/div[2]/input</arg>
<arg>Admin</arg>
</arguments>
<msg timestamp="20201114 07:58:36.582" level="INFO">Typing text 'Admin' into text field 'xpath=/html/body/div/div/div/div/form/div[2]/input'.</msg>
<status status="PASS" starttime="20201114 07:58:36.581" endtime="20201114 07:58:38.079"></status>
</kw>
<kw name="Input Text" library="Selenium2Library">
<doc>Types the given ``text`` into the text field identified by ``locator``.</doc>
<arguments>
<arg>xpath=/html/body/div/div/div/div/form/div[3]/input</arg>
<arg>123</arg>
</arguments>
<msg timestamp="20201114 07:58:38.080" level="INFO">Typing text '123' into text field 'xpath=/html/body/div/div/div/div/form/div[3]/input'.</msg>
<status status="PASS" starttime="20201114 07:58:38.080" endtime="20201114 07:58:38.283"></status>
</kw>
<kw name="Capture Page Screenshot" library="Selenium2Library">
<doc>Takes a screenshot of the current page and embeds it into a log file.</doc>
<arguments>
<arg>Paso3.png</arg>
</arguments>
<msg timestamp="20201114 07:58:38.750" level="INFO" html="yes">&lt;/td&gt;&lt;/tr&gt;&lt;tr&gt;&lt;td colspan="3"&gt;&lt;a href="Pruebas/Paso3.png"&gt;&lt;img src="Pruebas/Paso3.png" width="800px"&gt;&lt;/a&gt;</msg>
<status status="PASS" starttime="20201114 07:58:38.283" endtime="20201114 07:58:38.750"></status>
</kw>
<kw name="Sleep" library="BuiltIn">
<doc>Pauses the test executed for the given time.</doc>
<arguments>
<arg>2s</arg>
</arguments>
<msg timestamp="20201114 07:58:40.752" level="INFO">Slept 2 seconds</msg>
<status status="PASS" starttime="20201114 07:58:38.751" endtime="20201114 07:58:40.752"></status>
</kw>
<kw name="Click Element" library="Selenium2Library">
<doc>Click the element identified by ``locator``.</doc>
<arguments>
<arg>xpath=/html/body/div/div/div/div/form/div[4]/input</arg>
</arguments>
<msg timestamp="20201114 07:58:40.754" level="INFO">Clicking element 'xpath=/html/body/div/div/div/div/form/div[4]/input'.</msg>
<status status="PASS" starttime="20201114 07:58:40.753" endtime="20201114 07:59:10.789"></status>
</kw>
<kw name="Sleep" library="BuiltIn">
<doc>Pauses the test executed for the given time.</doc>
<arguments>
<arg>5s</arg>
</arguments>
<msg timestamp="20201114 07:59:15.796" level="INFO">Slept 5 seconds</msg>
<status status="PASS" starttime="20201114 07:59:10.793" endtime="20201114 07:59:15.796"></status>
</kw>
<kw name="Title Should Be" library="Selenium2Library">
<doc>Verifies that the current page title equals ``title``.</doc>
<arguments>
<arg>Inicio</arg>
</arguments>
<msg timestamp="20201114 07:59:15.803" level="INFO">Page title is 'Inicio'.</msg>
<status status="PASS" starttime="20201114 07:59:15.796" endtime="20201114 07:59:15.803"></status>
</kw>
<kw name="Capture Page Screenshot" library="Selenium2Library">
<doc>Takes a screenshot of the current page and embeds it into a log file.</doc>
<arguments>
<arg>Paso3-2.png</arg>
</arguments>
<msg timestamp="20201114 07:59:16.198" level="INFO" html="yes">&lt;/td&gt;&lt;/tr&gt;&lt;tr&gt;&lt;td colspan="3"&gt;&lt;a href="Pruebas/Paso3-2.png"&gt;&lt;img src="Pruebas/Paso3-2.png" width="800px"&gt;&lt;/a&gt;</msg>
<status status="PASS" starttime="20201114 07:59:15.804" endtime="20201114 07:59:16.199"></status>
</kw>
<kw name="Click Element" library="Selenium2Library">
<doc>Click the element identified by ``locator``.</doc>
<arguments>
<arg>xpath=/html/body/nav/ul/li[4]/a</arg>
</arguments>
<msg timestamp="20201114 07:59:16.200" level="INFO">Clicking element 'xpath=/html/body/nav/ul/li[4]/a'.</msg>
<status status="PASS" starttime="20201114 07:59:16.200" endtime="20201114 07:59:23.453"></status>
</kw>
<kw name="Sleep" library="BuiltIn">
<doc>Pauses the test executed for the given time.</doc>
<arguments>
<arg>3s</arg>
</arguments>
<msg timestamp="20201114 07:59:26.457" level="INFO">Slept 3 seconds</msg>
<status status="PASS" starttime="20201114 07:59:23.456" endtime="20201114 07:59:26.457"></status>
</kw>
<kw name="Capture Page Screenshot" library="Selenium2Library">
<doc>Takes a screenshot of the current page and embeds it into a log file.</doc>
<arguments>
<arg>Paso4.png</arg>
</arguments>
<msg timestamp="20201114 07:59:26.773" level="INFO" html="yes">&lt;/td&gt;&lt;/tr&gt;&lt;tr&gt;&lt;td colspan="3"&gt;&lt;a href="Pruebas/Paso4.png"&gt;&lt;img src="Pruebas/Paso4.png" width="800px"&gt;&lt;/a&gt;</msg>
<status status="PASS" starttime="20201114 07:59:26.458" endtime="20201114 07:59:26.774"></status>
</kw>
<kw name="Click Element" library="Selenium2Library">
<doc>Click the element identified by ``locator``.</doc>
<arguments>
<arg>xpath=//*[@id="form-list-client"]/input[1]</arg>
</arguments>
<msg timestamp="20201114 07:59:26.775" level="INFO">Clicking element 'xpath=//*[@id="form-list-client"]/input[1]'.</msg>
<status status="PASS" starttime="20201114 07:59:26.774" endtime="20201114 07:59:27.549"></status>
</kw>
<kw name="Sleep" library="BuiltIn">
<doc>Pauses the test executed for the given time.</doc>
<arguments>
<arg>3s</arg>
</arguments>
<msg timestamp="20201114 07:59:30.551" level="INFO">Slept 3 seconds</msg>
<status status="PASS" starttime="20201114 07:59:27.550" endtime="20201114 07:59:30.551"></status>
</kw>
<kw name="Click Element" library="Selenium2Library">
<doc>Click the element identified by ``locator``.</doc>
<arguments>
<arg>xpath=//*[@id="form-list-client"]/input[2]</arg>
</arguments>
<msg timestamp="20201114 07:59:30.553" level="INFO">Clicking element 'xpath=//*[@id="form-list-client"]/input[2]'.</msg>
<status status="PASS" starttime="20201114 07:59:30.552" endtime="20201114 07:59:31.824"></status>
</kw>
<kw name="Title Should Be" library="Selenium2Library">
<doc>Verifies that the current page title equals ``title``.</doc>
<arguments>
<arg>JSP Page</arg>
</arguments>
<msg timestamp="20201114 07:59:31.850" level="INFO">Page title is 'JSP Page'.</msg>
<status status="PASS" starttime="20201114 07:59:31.826" endtime="20201114 07:59:31.851"></status>
</kw>
<kw name="Capture Page Screenshot" library="Selenium2Library">
<doc>Takes a screenshot of the current page and embeds it into a log file.</doc>
<arguments>
<arg>Paso5.png</arg>
</arguments>
<msg timestamp="20201114 07:59:32.180" level="INFO" html="yes">&lt;/td&gt;&lt;/tr&gt;&lt;tr&gt;&lt;td colspan="3"&gt;&lt;a href="Pruebas/Paso5.png"&gt;&lt;img src="Pruebas/Paso5.png" width="800px"&gt;&lt;/a&gt;</msg>
<status status="PASS" starttime="20201114 07:59:31.874" endtime="20201114 07:59:32.180"></status>
</kw>
<kw name="Input Text" library="Selenium2Library">
<doc>Types the given ``text`` into the text field identified by ``locator``.</doc>
<arguments>
<arg>xpath=/html/body/center/div[2]/form/input[1]</arg>
<arg>1001004423</arg>
</arguments>
<msg timestamp="20201114 07:59:32.181" level="INFO">Typing text '1001004423' into text field 'xpath=/html/body/center/div[2]/form/input[1]'.</msg>
<status status="PASS" starttime="20201114 07:59:32.181" endtime="20201114 07:59:32.683"></status>
</kw>
<kw name="Sleep" library="BuiltIn">
<doc>Pauses the test executed for the given time.</doc>
<arguments>
<arg>3s</arg>
</arguments>
<msg timestamp="20201114 07:59:35.685" level="INFO">Slept 3 seconds</msg>
<status status="PASS" starttime="20201114 07:59:32.684" endtime="20201114 07:59:35.687"></status>
</kw>
<kw name="Input Text" library="Selenium2Library">
<doc>Types the given ``text`` into the text field identified by ``locator``.</doc>
<arguments>
<arg>xpath=/html/body/center/div[2]/form/input[2]</arg>
<arg>Mateo Rodriguez</arg>
</arguments>
<msg timestamp="20201114 07:59:35.690" level="INFO">Typing text 'Mateo Rodriguez' into text field 'xpath=/html/body/center/div[2]/form/input[2]'.</msg>
<status status="PASS" starttime="20201114 07:59:35.689" endtime="20201114 07:59:35.892"></status>
</kw>
<kw name="Sleep" library="BuiltIn">
<doc>Pauses the test executed for the given time.</doc>
<arguments>
<arg>3s</arg>
</arguments>
<msg timestamp="20201114 07:59:38.895" level="INFO">Slept 3 seconds</msg>
<status status="PASS" starttime="20201114 07:59:35.893" endtime="20201114 07:59:38.895"></status>
</kw>
<kw name="Input Text" library="Selenium2Library">
<doc>Types the given ``text`` into the text field identified by ``locator``.</doc>
<arguments>
<arg>xpath=/html/body/center/div[2]/form/input[3]</arg>
<arg>Mateo@email.com</arg>
</arguments>
<msg timestamp="20201114 07:59:38.900" level="INFO">Typing text 'Mateo@email.com' into text field 'xpath=/html/body/center/div[2]/form/input[3]'.</msg>
<status status="PASS" starttime="20201114 07:59:38.900" endtime="20201114 07:59:39.089"></status>
</kw>
<kw name="Sleep" library="BuiltIn">
<doc>Pauses the test executed for the given time.</doc>
<arguments>
<arg>3s</arg>
</arguments>
<msg timestamp="20201114 07:59:42.093" level="INFO">Slept 3 seconds</msg>
<status status="PASS" starttime="20201114 07:59:39.090" endtime="20201114 07:59:42.093"></status>
</kw>
<kw name="Input Text" library="Selenium2Library">
<doc>Types the given ``text`` into the text field identified by ``locator``.</doc>
<arguments>
<arg>xpath=/html/body/center/div[2]/form/input[4]</arg>
<arg>1234+1234</arg>
</arguments>
<msg timestamp="20201114 07:59:42.094" level="INFO">Typing text '1234+1234' into text field 'xpath=/html/body/center/div[2]/form/input[4]'.</msg>
<status status="PASS" starttime="20201114 07:59:42.094" endtime="20201114 07:59:42.212"></status>
</kw>
<kw name="Sleep" library="BuiltIn">
<doc>Pauses the test executed for the given time.</doc>
<arguments>
<arg>3s</arg>
</arguments>
<msg timestamp="20201114 07:59:45.215" level="INFO">Slept 3 seconds</msg>
<status status="PASS" starttime="20201114 07:59:42.213" endtime="20201114 07:59:45.215"></status>
</kw>
<kw name="Input Text" library="Selenium2Library">
<doc>Types the given ``text`` into the text field identified by ``locator``.</doc>
<arguments>
<arg>xpath=/html/body/center/div[2]/form/input[5]</arg>
<arg>Mateo Rodriguez</arg>
</arguments>
<msg timestamp="20201114 07:59:45.217" level="INFO">Typing text 'Mateo Rodriguez' into text field 'xpath=/html/body/center/div[2]/form/input[5]'.</msg>
<status status="PASS" starttime="20201114 07:59:45.216" endtime="20201114 07:59:45.364"></status>
</kw>
<kw name="Sleep" library="BuiltIn">
<doc>Pauses the test executed for the given time.</doc>
<arguments>
<arg>3s</arg>
</arguments>
<msg timestamp="20201114 07:59:48.367" level="INFO">Slept 3 seconds</msg>
<status status="PASS" starttime="20201114 07:59:45.364" endtime="20201114 07:59:48.367"></status>
</kw>
<kw name="Input Text" library="Selenium2Library">
<doc>Types the given ``text`` into the text field identified by ``locator``.</doc>
<arguments>
<arg>xpath=/html/body/center/div[2]/form/input[6]</arg>
<arg>50</arg>
</arguments>
<msg timestamp="20201114 07:59:48.368" level="INFO">Typing text '50' into text field 'xpath=/html/body/center/div[2]/form/input[6]'.</msg>
<status status="PASS" starttime="20201114 07:59:48.368" endtime="20201114 07:59:48.490"></status>
</kw>
<kw name="Sleep" library="BuiltIn">
<doc>Pauses the test executed for the given time.</doc>
<arguments>
<arg>3s</arg>
</arguments>
<msg timestamp="20201114 07:59:51.492" level="INFO">Slept 3 seconds</msg>
<status status="PASS" starttime="20201114 07:59:48.491" endtime="20201114 07:59:51.492"></status>
</kw>
<kw name="Capture Page Screenshot" library="Selenium2Library">
<doc>Takes a screenshot of the current page and embeds it into a log file.</doc>
<arguments>
<arg>Paso6.png</arg>
</arguments>
<msg timestamp="20201114 07:59:51.788" level="INFO" html="yes">&lt;/td&gt;&lt;/tr&gt;&lt;tr&gt;&lt;td colspan="3"&gt;&lt;a href="Pruebas/Paso6.png"&gt;&lt;img src="Pruebas/Paso6.png" width="800px"&gt;&lt;/a&gt;</msg>
<status status="PASS" starttime="20201114 07:59:51.492" endtime="20201114 07:59:51.788"></status>
</kw>
<kw name="Click Element" library="Selenium2Library">
<doc>Click the element identified by ``locator``.</doc>
<arguments>
<arg>xpath=/html/body/center/div[2]/form/input[7]</arg>
</arguments>
<msg timestamp="20201114 07:59:51.790" level="INFO">Clicking element 'xpath=/html/body/center/div[2]/form/input[7]'.</msg>
<status status="PASS" starttime="20201114 07:59:51.789" endtime="20201114 07:59:52.642"></status>
</kw>
<kw name="Title Should Be" library="Selenium2Library">
<doc>Verifies that the current page title equals ``title``.</doc>
<arguments>
<arg>JSP Page</arg>
</arguments>
<msg timestamp="20201114 07:59:52.649" level="INFO">Page title is 'JSP Page'.</msg>
<status status="PASS" starttime="20201114 07:59:52.643" endtime="20201114 07:59:52.649"></status>
</kw>
<kw name="Capture Page Screenshot" library="Selenium2Library">
<doc>Takes a screenshot of the current page and embeds it into a log file.</doc>
<arguments>
<arg>Paso7.png</arg>
</arguments>
<msg timestamp="20201114 07:59:52.998" level="INFO" html="yes">&lt;/td&gt;&lt;/tr&gt;&lt;tr&gt;&lt;td colspan="3"&gt;&lt;a href="Pruebas/Paso7.png"&gt;&lt;img src="Pruebas/Paso7.png" width="800px"&gt;&lt;/a&gt;</msg>
<status status="PASS" starttime="20201114 07:59:52.650" endtime="20201114 07:59:52.999"></status>
</kw>
<kw name="Sleep" library="BuiltIn">
<doc>Pauses the test executed for the given time.</doc>
<arguments>
<arg>5s</arg>
</arguments>
<msg timestamp="20201114 07:59:58.000" level="INFO">Slept 5 seconds</msg>
<status status="PASS" starttime="20201114 07:59:53.000" endtime="20201114 07:59:58.000"></status>
</kw>
<kw name="Close Browser" library="Selenium2Library">
<doc>Closes the current browser.</doc>
<status status="PASS" starttime="20201114 07:59:58.001" endtime="20201114 08:00:00.477"></status>
</kw>
<status status="PASS" starttime="20201114 07:58:16.105" endtime="20201114 08:00:00.479" critical="yes"></status>
</test>
<doc>El administrador registra un usuario (paciente) desde su perfil de administrador</doc>
<status status="PASS" starttime="20201114 07:58:15.479" endtime="20201114 08:00:00.497"></status>
</suite>
<statistics>
<total>
<stat pass="1" fail="0">Critical Tests</stat>
<stat pass="1" fail="0">All Tests</stat>
</total>
<tag>
</tag>
<suite>
<stat pass="1" fail="0" id="s1" name="CP012">CP012</stat>
</suite>
</statistics>
<errors>
</errors>
</robot>
