<?xml version="1.0" encoding="UTF-8"?>
<robot generator="Robot 3.2.2 (Python 3.9.0 on win32)" generated="20201106 17:08:38.492" rpa="false">
<suite id="s1" name="CP-012" source="C:\Users\Usuario\Desktop\Automatización pruebas\Funciones Admin\CP-012\CP-012.robot">
<test id="s1-t1" name="CP 012 El administrador registra un usuario (paciente) desde su perfil de administrador">
<kw name="Open Browser" library="Selenium2Library">
<doc>Opens a new browser instance to the optional ``url``.</doc>
<arguments>
<arg>http://localhost:8080/Crud-java-web-oracle-Cesar/</arg>
<arg>chrome</arg>
</arguments>
<msg timestamp="20201106 17:08:38.708" level="INFO">Opening browser 'chrome' to base url 'http://localhost:8080/Crud-java-web-oracle-Cesar/'.</msg>
<status status="PASS" starttime="20201106 17:08:38.707" endtime="20201106 17:08:41.780"></status>
</kw>
<kw name="Wait Until Element Is Visible" library="Selenium2Library">
<doc>Waits until the element ``locator`` is visible.</doc>
<arguments>
<arg>xpath=/html/body/div/div/div/div/form/div[4]/input</arg>
</arguments>
<status status="PASS" starttime="20201106 17:08:41.781" endtime="20201106 17:08:41.854"></status>
</kw>
<kw name="Set Screenshot Directory" library="Selenium2Library">
<doc>Sets the directory for captured screenshots.</doc>
<arguments>
<arg>Pruebas</arg>
</arguments>
<status status="PASS" starttime="20201106 17:08:41.854" endtime="20201106 17:08:41.855"></status>
</kw>
<kw name="Capture Page Screenshot" library="Selenium2Library">
<doc>Takes a screenshot of the current page and embeds it into a log file.</doc>
<arguments>
<arg>Paso1y2.png</arg>
</arguments>
<msg timestamp="20201106 17:08:42.275" level="INFO" html="yes">&lt;/td&gt;&lt;/tr&gt;&lt;tr&gt;&lt;td colspan="3"&gt;&lt;a href="Pruebas/Paso1y2.png"&gt;&lt;img src="Pruebas/Paso1y2.png" width="800px"&gt;&lt;/a&gt;</msg>
<status status="PASS" starttime="20201106 17:08:41.855" endtime="20201106 17:08:42.275"></status>
</kw>
<kw name="Input Text" library="Selenium2Library">
<doc>Types the given ``text`` into the text field identified by ``locator``.</doc>
<arguments>
<arg>xpath=/html/body/div/div/div/div/form/div[2]/input</arg>
<arg>Admin</arg>
</arguments>
<msg timestamp="20201106 17:08:42.276" level="INFO">Typing text 'Admin' into text field 'xpath=/html/body/div/div/div/div/form/div[2]/input'.</msg>
<status status="PASS" starttime="20201106 17:08:42.276" endtime="20201106 17:08:42.398"></status>
</kw>
<kw name="Input Text" library="Selenium2Library">
<doc>Types the given ``text`` into the text field identified by ``locator``.</doc>
<arguments>
<arg>xpath=/html/body/div/div/div/div/form/div[3]/input</arg>
<arg>1234+1234</arg>
</arguments>
<msg timestamp="20201106 17:08:42.399" level="INFO">Typing text '1234+1234' into text field 'xpath=/html/body/div/div/div/div/form/div[3]/input'.</msg>
<status status="PASS" starttime="20201106 17:08:42.399" endtime="20201106 17:08:42.566"></status>
</kw>
<kw name="Capture Page Screenshot" library="Selenium2Library">
<doc>Takes a screenshot of the current page and embeds it into a log file.</doc>
<arguments>
<arg>Paso3.png</arg>
</arguments>
<msg timestamp="20201106 17:08:42.920" level="INFO" html="yes">&lt;/td&gt;&lt;/tr&gt;&lt;tr&gt;&lt;td colspan="3"&gt;&lt;a href="Pruebas/Paso3.png"&gt;&lt;img src="Pruebas/Paso3.png" width="800px"&gt;&lt;/a&gt;</msg>
<status status="PASS" starttime="20201106 17:08:42.566" endtime="20201106 17:08:42.920"></status>
</kw>
<kw name="Sleep" library="BuiltIn">
<doc>Pauses the test executed for the given time.</doc>
<arguments>
<arg>2s</arg>
</arguments>
<msg timestamp="20201106 17:08:44.921" level="INFO">Slept 2 seconds</msg>
<status status="PASS" starttime="20201106 17:08:42.920" endtime="20201106 17:08:44.921"></status>
</kw>
<kw name="Click Element" library="Selenium2Library">
<doc>Click the element identified by ``locator``.</doc>
<arguments>
<arg>xpath=/html/body/div/div/div/div/form/div[4]/input</arg>
</arguments>
<msg timestamp="20201106 17:08:44.922" level="INFO">Clicking element 'xpath=/html/body/div/div/div/div/form/div[4]/input'.</msg>
<status status="PASS" starttime="20201106 17:08:44.921" endtime="20201106 17:08:45.540"></status>
</kw>
<kw name="Sleep" library="BuiltIn">
<doc>Pauses the test executed for the given time.</doc>
<arguments>
<arg>5s</arg>
</arguments>
<msg timestamp="20201106 17:08:50.545" level="INFO">Slept 5 seconds</msg>
<status status="PASS" starttime="20201106 17:08:45.543" endtime="20201106 17:08:50.545"></status>
</kw>
<kw name="Title Should Be" library="Selenium2Library">
<doc>Verifies that the current page title equals ``title``.</doc>
<arguments>
<arg>Inicio</arg>
</arguments>
<msg timestamp="20201106 17:08:50.552" level="INFO">Page title is 'Inicio'.</msg>
<status status="PASS" starttime="20201106 17:08:50.545" endtime="20201106 17:08:50.552"></status>
</kw>
<kw name="Capture Page Screenshot" library="Selenium2Library">
<doc>Takes a screenshot of the current page and embeds it into a log file.</doc>
<arguments>
<arg>Paso3-2.png</arg>
</arguments>
<msg timestamp="20201106 17:08:50.915" level="INFO" html="yes">&lt;/td&gt;&lt;/tr&gt;&lt;tr&gt;&lt;td colspan="3"&gt;&lt;a href="Pruebas/Paso3-2.png"&gt;&lt;img src="Pruebas/Paso3-2.png" width="800px"&gt;&lt;/a&gt;</msg>
<status status="PASS" starttime="20201106 17:08:50.553" endtime="20201106 17:08:50.916"></status>
</kw>
<kw name="Click Element" library="Selenium2Library">
<doc>Click the element identified by ``locator``.</doc>
<arguments>
<arg>xpath=/html/body/nav/ul/li[4]/a</arg>
</arguments>
<msg timestamp="20201106 17:08:50.916" level="INFO">Clicking element 'xpath=/html/body/nav/ul/li[4]/a'.</msg>
<status status="PASS" starttime="20201106 17:08:50.916" endtime="20201106 17:08:51.284"></status>
</kw>
<kw name="Sleep" library="BuiltIn">
<doc>Pauses the test executed for the given time.</doc>
<arguments>
<arg>3s</arg>
</arguments>
<msg timestamp="20201106 17:08:54.286" level="INFO">Slept 3 seconds</msg>
<status status="PASS" starttime="20201106 17:08:51.284" endtime="20201106 17:08:54.286"></status>
</kw>
<kw name="Capture Page Screenshot" library="Selenium2Library">
<doc>Takes a screenshot of the current page and embeds it into a log file.</doc>
<arguments>
<arg>Paso4.png</arg>
</arguments>
<msg timestamp="20201106 17:08:54.544" level="INFO" html="yes">&lt;/td&gt;&lt;/tr&gt;&lt;tr&gt;&lt;td colspan="3"&gt;&lt;a href="Pruebas/Paso4.png"&gt;&lt;img src="Pruebas/Paso4.png" width="800px"&gt;&lt;/a&gt;</msg>
<status status="PASS" starttime="20201106 17:08:54.286" endtime="20201106 17:08:54.544"></status>
</kw>
<kw name="Click Element" library="Selenium2Library">
<doc>Click the element identified by ``locator``.</doc>
<arguments>
<arg>xpath=//*[@id="form-list-client"]/input[1]</arg>
</arguments>
<msg timestamp="20201106 17:08:54.545" level="INFO">Clicking element 'xpath=//*[@id="form-list-client"]/input[1]'.</msg>
<status status="PASS" starttime="20201106 17:08:54.545" endtime="20201106 17:08:54.743"></status>
</kw>
<kw name="Sleep" library="BuiltIn">
<doc>Pauses the test executed for the given time.</doc>
<arguments>
<arg>3s</arg>
</arguments>
<msg timestamp="20201106 17:08:57.745" level="INFO">Slept 3 seconds</msg>
<status status="PASS" starttime="20201106 17:08:54.744" endtime="20201106 17:08:57.745"></status>
</kw>
<kw name="Click Element" library="Selenium2Library">
<doc>Click the element identified by ``locator``.</doc>
<arguments>
<arg>xpath=//*[@id="form-list-client"]/input[2]</arg>
</arguments>
<msg timestamp="20201106 17:08:57.746" level="INFO">Clicking element 'xpath=//*[@id="form-list-client"]/input[2]'.</msg>
<status status="PASS" starttime="20201106 17:08:57.746" endtime="20201106 17:08:57.897"></status>
</kw>
<kw name="Title Should Be" library="Selenium2Library">
<doc>Verifies that the current page title equals ``title``.</doc>
<arguments>
<arg>JSP Page</arg>
</arguments>
<msg timestamp="20201106 17:08:57.906" level="INFO">Page title is 'JSP Page'.</msg>
<status status="PASS" starttime="20201106 17:08:57.898" endtime="20201106 17:08:57.906"></status>
</kw>
<kw name="Capture Page Screenshot" library="Selenium2Library">
<doc>Takes a screenshot of the current page and embeds it into a log file.</doc>
<arguments>
<arg>Paso5.png</arg>
</arguments>
<msg timestamp="20201106 17:08:58.163" level="INFO" html="yes">&lt;/td&gt;&lt;/tr&gt;&lt;tr&gt;&lt;td colspan="3"&gt;&lt;a href="Pruebas/Paso5.png"&gt;&lt;img src="Pruebas/Paso5.png" width="800px"&gt;&lt;/a&gt;</msg>
<status status="PASS" starttime="20201106 17:08:57.907" endtime="20201106 17:08:58.163"></status>
</kw>
<kw name="Input Text" library="Selenium2Library">
<doc>Types the given ``text`` into the text field identified by ``locator``.</doc>
<arguments>
<arg>xpath=/html/body/center/div[2]/form/input[1]</arg>
<arg>1001004423</arg>
</arguments>
<msg timestamp="20201106 17:08:58.164" level="INFO">Typing text '1001004423' into text field 'xpath=/html/body/center/div[2]/form/input[1]'.</msg>
<status status="PASS" starttime="20201106 17:08:58.164" endtime="20201106 17:08:58.289"></status>
</kw>
<kw name="Sleep" library="BuiltIn">
<doc>Pauses the test executed for the given time.</doc>
<arguments>
<arg>3s</arg>
</arguments>
<msg timestamp="20201106 17:09:01.292" level="INFO">Slept 3 seconds</msg>
<status status="PASS" starttime="20201106 17:08:58.291" endtime="20201106 17:09:01.292"></status>
</kw>
<kw name="Input Text" library="Selenium2Library">
<doc>Types the given ``text`` into the text field identified by ``locator``.</doc>
<arguments>
<arg>xpath=/html/body/center/div[2]/form/input[2]</arg>
<arg>Mateo Rodriguez</arg>
</arguments>
<msg timestamp="20201106 17:09:01.293" level="INFO">Typing text 'Mateo Rodriguez' into text field 'xpath=/html/body/center/div[2]/form/input[2]'.</msg>
<status status="PASS" starttime="20201106 17:09:01.292" endtime="20201106 17:09:01.427"></status>
</kw>
<kw name="Sleep" library="BuiltIn">
<doc>Pauses the test executed for the given time.</doc>
<arguments>
<arg>3s</arg>
</arguments>
<msg timestamp="20201106 17:09:04.428" level="INFO">Slept 3 seconds</msg>
<status status="PASS" starttime="20201106 17:09:01.427" endtime="20201106 17:09:04.428"></status>
</kw>
<kw name="Input Text" library="Selenium2Library">
<doc>Types the given ``text`` into the text field identified by ``locator``.</doc>
<arguments>
<arg>xpath=/html/body/center/div[2]/form/input[3]</arg>
<arg>Mateo@email.com</arg>
</arguments>
<msg timestamp="20201106 17:09:04.429" level="INFO">Typing text 'Mateo@email.com' into text field 'xpath=/html/body/center/div[2]/form/input[3]'.</msg>
<status status="PASS" starttime="20201106 17:09:04.428" endtime="20201106 17:09:04.569"></status>
</kw>
<kw name="Sleep" library="BuiltIn">
<doc>Pauses the test executed for the given time.</doc>
<arguments>
<arg>3s</arg>
</arguments>
<msg timestamp="20201106 17:09:07.570" level="INFO">Slept 3 seconds</msg>
<status status="PASS" starttime="20201106 17:09:04.570" endtime="20201106 17:09:07.570"></status>
</kw>
<kw name="Input Text" library="Selenium2Library">
<doc>Types the given ``text`` into the text field identified by ``locator``.</doc>
<arguments>
<arg>xpath=/html/body/center/div[2]/form/input[4]</arg>
<arg>1234+1234</arg>
</arguments>
<msg timestamp="20201106 17:09:07.571" level="INFO">Typing text '1234+1234' into text field 'xpath=/html/body/center/div[2]/form/input[4]'.</msg>
<status status="PASS" starttime="20201106 17:09:07.570" endtime="20201106 17:09:07.688"></status>
</kw>
<kw name="Sleep" library="BuiltIn">
<doc>Pauses the test executed for the given time.</doc>
<arguments>
<arg>3s</arg>
</arguments>
<msg timestamp="20201106 17:09:10.691" level="INFO">Slept 3 seconds</msg>
<status status="PASS" starttime="20201106 17:09:07.689" endtime="20201106 17:09:10.691"></status>
</kw>
<kw name="Input Text" library="Selenium2Library">
<doc>Types the given ``text`` into the text field identified by ``locator``.</doc>
<arguments>
<arg>xpath=/html/body/center/div[2]/form/input[5]</arg>
<arg>Mateo Rodriguez</arg>
</arguments>
<msg timestamp="20201106 17:09:10.692" level="INFO">Typing text 'Mateo Rodriguez' into text field 'xpath=/html/body/center/div[2]/form/input[5]'.</msg>
<status status="PASS" starttime="20201106 17:09:10.691" endtime="20201106 17:09:10.812"></status>
</kw>
<kw name="Sleep" library="BuiltIn">
<doc>Pauses the test executed for the given time.</doc>
<arguments>
<arg>3s</arg>
</arguments>
<msg timestamp="20201106 17:09:13.812" level="INFO">Slept 3 seconds</msg>
<status status="PASS" starttime="20201106 17:09:10.812" endtime="20201106 17:09:13.812"></status>
</kw>
<kw name="Input Text" library="Selenium2Library">
<doc>Types the given ``text`` into the text field identified by ``locator``.</doc>
<arguments>
<arg>xpath=/html/body/center/div[2]/form/input[6]</arg>
<arg>50</arg>
</arguments>
<msg timestamp="20201106 17:09:13.814" level="INFO">Typing text '50' into text field 'xpath=/html/body/center/div[2]/form/input[6]'.</msg>
<status status="PASS" starttime="20201106 17:09:13.813" endtime="20201106 17:09:13.925"></status>
</kw>
<kw name="Sleep" library="BuiltIn">
<doc>Pauses the test executed for the given time.</doc>
<arguments>
<arg>3s</arg>
</arguments>
<msg timestamp="20201106 17:09:16.929" level="INFO">Slept 3 seconds</msg>
<status status="PASS" starttime="20201106 17:09:13.926" endtime="20201106 17:09:16.929"></status>
</kw>
<kw name="Capture Page Screenshot" library="Selenium2Library">
<doc>Takes a screenshot of the current page and embeds it into a log file.</doc>
<arguments>
<arg>Paso6.png</arg>
</arguments>
<msg timestamp="20201106 17:09:17.183" level="INFO" html="yes">&lt;/td&gt;&lt;/tr&gt;&lt;tr&gt;&lt;td colspan="3"&gt;&lt;a href="Pruebas/Paso6.png"&gt;&lt;img src="Pruebas/Paso6.png" width="800px"&gt;&lt;/a&gt;</msg>
<status status="PASS" starttime="20201106 17:09:16.930" endtime="20201106 17:09:17.184"></status>
</kw>
<kw name="Click Element" library="Selenium2Library">
<doc>Click the element identified by ``locator``.</doc>
<arguments>
<arg>xpath=/html/body/center/div[2]/form/input[7]</arg>
</arguments>
<msg timestamp="20201106 17:09:17.185" level="INFO">Clicking element 'xpath=/html/body/center/div[2]/form/input[7]'.</msg>
<status status="PASS" starttime="20201106 17:09:17.184" endtime="20201106 17:09:17.371"></status>
</kw>
<kw name="Title Should Be" library="Selenium2Library">
<doc>Verifies that the current page title equals ``title``.</doc>
<arguments>
<arg>JSP Page</arg>
</arguments>
<msg timestamp="20201106 17:09:17.383" level="INFO">Page title is 'JSP Page'.</msg>
<status status="PASS" starttime="20201106 17:09:17.372" endtime="20201106 17:09:17.383"></status>
</kw>
<kw name="Capture Page Screenshot" library="Selenium2Library">
<doc>Takes a screenshot of the current page and embeds it into a log file.</doc>
<arguments>
<arg>Paso7.png</arg>
</arguments>
<msg timestamp="20201106 17:09:17.651" level="INFO" html="yes">&lt;/td&gt;&lt;/tr&gt;&lt;tr&gt;&lt;td colspan="3"&gt;&lt;a href="Pruebas/Paso7.png"&gt;&lt;img src="Pruebas/Paso7.png" width="800px"&gt;&lt;/a&gt;</msg>
<status status="PASS" starttime="20201106 17:09:17.383" endtime="20201106 17:09:17.651"></status>
</kw>
<kw name="Sleep" library="BuiltIn">
<doc>Pauses the test executed for the given time.</doc>
<arguments>
<arg>5s</arg>
</arguments>
<msg timestamp="20201106 17:09:22.651" level="INFO">Slept 5 seconds</msg>
<status status="PASS" starttime="20201106 17:09:17.651" endtime="20201106 17:09:22.651"></status>
</kw>
<kw name="Close Browser" library="Selenium2Library">
<doc>Closes the current browser.</doc>
<status status="PASS" starttime="20201106 17:09:22.651" endtime="20201106 17:09:24.779"></status>
</kw>
<status status="PASS" starttime="20201106 17:08:38.706" endtime="20201106 17:09:24.780" critical="yes"></status>
</test>
<doc>El administrador registra un usuario (paciente) desde su perfil de administrador</doc>
<status status="PASS" starttime="20201106 17:08:38.494" endtime="20201106 17:09:24.781"></status>
</suite>
<statistics>
<total>
<stat pass="1" fail="0">Critical Tests</stat>
<stat pass="1" fail="0">All Tests</stat>
</total>
<tag>
</tag>
<suite>
<stat pass="1" fail="0" id="s1" name="CP-012">CP-012</stat>
</suite>
</statistics>
<errors>
</errors>
</robot>
