<?xml version="1.0" encoding="UTF-8"?>
<robot generator="Robot 3.2.2 (Python 3.9.0 on win32)" generated="20201107 10:27:26.269" rpa="false">
<suite id="s1" name="CP013" source="C:\Users\cesar\PycharmProjects\prueba2\TestCases\casos-prueba-hipertic\Funciones Admin\CP013\CP013.robot">
<test id="s1-t1" name="CP 013 El administrador Edita un usuario (paciente) desde su perfil de administrador">
<kw name="Open Browser" library="Selenium2Library">
<doc>Opens a new browser instance to the optional ``url``.</doc>
<arguments>
<arg>http://localhost:8080/Crud-java-web-oracle-Cesar/</arg>
<arg>chrome</arg>
</arguments>
<msg timestamp="20201107 10:27:27.875" level="INFO">Opening browser 'chrome' to base url 'http://localhost:8080/Crud-java-web-oracle-Cesar/'.</msg>
<status status="PASS" starttime="20201107 10:27:27.871" endtime="20201107 10:27:34.249"></status>
</kw>
<kw name="Wait Until Element Is Visible" library="Selenium2Library">
<doc>Waits until the element ``locator`` is visible.</doc>
<arguments>
<arg>xpath=/html/body/div/div/div/div/form/div[4]/input</arg>
</arguments>
<status status="PASS" starttime="20201107 10:27:34.254" endtime="20201107 10:27:34.464"></status>
</kw>
<kw name="Set Screenshot Directory" library="Selenium2Library">
<doc>Sets the directory for captured screenshots.</doc>
<arguments>
<arg>Pruebas</arg>
</arguments>
<status status="PASS" starttime="20201107 10:27:34.466" endtime="20201107 10:27:34.467"></status>
</kw>
<kw name="Capture Page Screenshot" library="Selenium2Library">
<doc>Takes a screenshot of the current page and embeds it into a log file.</doc>
<arguments>
<arg>Paso1y2.png</arg>
</arguments>
<msg timestamp="20201107 10:27:35.400" level="INFO" html="yes">&lt;/td&gt;&lt;/tr&gt;&lt;tr&gt;&lt;td colspan="3"&gt;&lt;a href="Pruebas/Paso1y2.png"&gt;&lt;img src="Pruebas/Paso1y2.png" width="800px"&gt;&lt;/a&gt;</msg>
<status status="PASS" starttime="20201107 10:27:34.468" endtime="20201107 10:27:35.401"></status>
</kw>
<kw name="Input Text" library="Selenium2Library">
<doc>Types the given ``text`` into the text field identified by ``locator``.</doc>
<arguments>
<arg>xpath=/html/body/div/div/div/div/form/div[2]/input</arg>
<arg>Admin</arg>
</arguments>
<msg timestamp="20201107 10:27:35.421" level="INFO">Typing text 'Admin' into text field 'xpath=/html/body/div/div/div/div/form/div[2]/input'.</msg>
<status status="PASS" starttime="20201107 10:27:35.421" endtime="20201107 10:27:35.879"></status>
</kw>
<kw name="Input Text" library="Selenium2Library">
<doc>Types the given ``text`` into the text field identified by ``locator``.</doc>
<arguments>
<arg>xpath=/html/body/div/div/div/div/form/div[3]/input</arg>
<arg>123</arg>
</arguments>
<msg timestamp="20201107 10:27:35.880" level="INFO">Typing text '123' into text field 'xpath=/html/body/div/div/div/div/form/div[3]/input'.</msg>
<status status="PASS" starttime="20201107 10:27:35.879" endtime="20201107 10:27:36.192"></status>
</kw>
<kw name="Capture Page Screenshot" library="Selenium2Library">
<doc>Takes a screenshot of the current page and embeds it into a log file.</doc>
<arguments>
<arg>Paso3.png</arg>
</arguments>
<msg timestamp="20201107 10:27:36.811" level="INFO" html="yes">&lt;/td&gt;&lt;/tr&gt;&lt;tr&gt;&lt;td colspan="3"&gt;&lt;a href="Pruebas/Paso3.png"&gt;&lt;img src="Pruebas/Paso3.png" width="800px"&gt;&lt;/a&gt;</msg>
<status status="PASS" starttime="20201107 10:27:36.196" endtime="20201107 10:27:36.811"></status>
</kw>
<kw name="Sleep" library="BuiltIn">
<doc>Pauses the test executed for the given time.</doc>
<arguments>
<arg>2s</arg>
</arguments>
<msg timestamp="20201107 10:27:38.822" level="INFO">Slept 2 seconds</msg>
<status status="PASS" starttime="20201107 10:27:36.820" endtime="20201107 10:27:38.823"></status>
</kw>
<kw name="Click Element" library="Selenium2Library">
<doc>Click the element identified by ``locator``.</doc>
<arguments>
<arg>xpath=/html/body/div/div/div/div/form/div[4]/input</arg>
</arguments>
<msg timestamp="20201107 10:27:38.828" level="INFO">Clicking element 'xpath=/html/body/div/div/div/div/form/div[4]/input'.</msg>
<status status="PASS" starttime="20201107 10:27:38.827" endtime="20201107 10:27:40.390"></status>
</kw>
<kw name="Sleep" library="BuiltIn">
<doc>Pauses the test executed for the given time.</doc>
<arguments>
<arg>5s</arg>
</arguments>
<msg timestamp="20201107 10:27:45.392" level="INFO">Slept 5 seconds</msg>
<status status="PASS" starttime="20201107 10:27:40.391" endtime="20201107 10:27:45.393"></status>
</kw>
<kw name="Title Should Be" library="Selenium2Library">
<doc>Verifies that the current page title equals ``title``.</doc>
<arguments>
<arg>Inicio</arg>
</arguments>
<msg timestamp="20201107 10:27:45.449" level="INFO">Page title is 'Inicio'.</msg>
<status status="PASS" starttime="20201107 10:27:45.395" endtime="20201107 10:27:45.450"></status>
</kw>
<kw name="Capture Page Screenshot" library="Selenium2Library">
<doc>Takes a screenshot of the current page and embeds it into a log file.</doc>
<arguments>
<arg>Paso3-2.png</arg>
</arguments>
<msg timestamp="20201107 10:27:46.023" level="INFO" html="yes">&lt;/td&gt;&lt;/tr&gt;&lt;tr&gt;&lt;td colspan="3"&gt;&lt;a href="Pruebas/Paso3-2.png"&gt;&lt;img src="Pruebas/Paso3-2.png" width="800px"&gt;&lt;/a&gt;</msg>
<status status="PASS" starttime="20201107 10:27:45.455" endtime="20201107 10:27:46.023"></status>
</kw>
<kw name="Click Element" library="Selenium2Library">
<doc>Click the element identified by ``locator``.</doc>
<arguments>
<arg>xpath=/html/body/nav/ul/li[4]/a</arg>
</arguments>
<msg timestamp="20201107 10:27:46.033" level="INFO">Clicking element 'xpath=/html/body/nav/ul/li[4]/a'.</msg>
<status status="PASS" starttime="20201107 10:27:46.032" endtime="20201107 10:27:47.087"></status>
</kw>
<kw name="Sleep" library="BuiltIn">
<doc>Pauses the test executed for the given time.</doc>
<arguments>
<arg>3s</arg>
</arguments>
<msg timestamp="20201107 10:27:50.097" level="INFO">Slept 3 seconds</msg>
<status status="PASS" starttime="20201107 10:27:47.093" endtime="20201107 10:27:50.097"></status>
</kw>
<kw name="Capture Page Screenshot" library="Selenium2Library">
<doc>Takes a screenshot of the current page and embeds it into a log file.</doc>
<arguments>
<arg>Paso4.png</arg>
</arguments>
<msg timestamp="20201107 10:27:50.412" level="INFO" html="yes">&lt;/td&gt;&lt;/tr&gt;&lt;tr&gt;&lt;td colspan="3"&gt;&lt;a href="Pruebas/Paso4.png"&gt;&lt;img src="Pruebas/Paso4.png" width="800px"&gt;&lt;/a&gt;</msg>
<status status="PASS" starttime="20201107 10:27:50.098" endtime="20201107 10:27:50.412"></status>
</kw>
<kw name="Click Element" library="Selenium2Library">
<doc>Click the element identified by ``locator``.</doc>
<arguments>
<arg>xpath=//*[@id="form-list-client"]/input[1]</arg>
</arguments>
<msg timestamp="20201107 10:27:50.419" level="INFO">Clicking element 'xpath=//*[@id="form-list-client"]/input[1]'.</msg>
<status status="PASS" starttime="20201107 10:27:50.419" endtime="20201107 10:27:51.349"></status>
</kw>
<kw name="Sleep" library="BuiltIn">
<doc>Pauses the test executed for the given time.</doc>
<arguments>
<arg>3s</arg>
</arguments>
<msg timestamp="20201107 10:27:54.353" level="INFO">Slept 3 seconds</msg>
<status status="PASS" starttime="20201107 10:27:51.350" endtime="20201107 10:27:54.353"></status>
</kw>
<kw name="Capture Page Screenshot" library="Selenium2Library">
<doc>Takes a screenshot of the current page and embeds it into a log file.</doc>
<arguments>
<arg>Paso5.png</arg>
</arguments>
<msg timestamp="20201107 10:27:54.721" level="INFO" html="yes">&lt;/td&gt;&lt;/tr&gt;&lt;tr&gt;&lt;td colspan="3"&gt;&lt;a href="Pruebas/Paso5.png"&gt;&lt;img src="Pruebas/Paso5.png" width="800px"&gt;&lt;/a&gt;</msg>
<status status="PASS" starttime="20201107 10:27:54.354" endtime="20201107 10:27:54.722"></status>
</kw>
<kw name="Click Element" library="Selenium2Library">
<doc>Click the element identified by ``locator``.</doc>
<arguments>
<arg>xpath=//*[@id="form-list-client-body"]/tr[3]/td[7]/form/input[2]</arg>
</arguments>
<msg timestamp="20201107 10:27:54.733" level="INFO">Clicking element 'xpath=//*[@id="form-list-client-body"]/tr[3]/td[7]/form/input[2]'.</msg>
<status status="PASS" starttime="20201107 10:27:54.732" endtime="20201107 10:27:55.480"></status>
</kw>
<kw name="Sleep" library="BuiltIn">
<doc>Pauses the test executed for the given time.</doc>
<arguments>
<arg>2s</arg>
</arguments>
<msg timestamp="20201107 10:27:57.484" level="INFO">Slept 2 seconds</msg>
<status status="PASS" starttime="20201107 10:27:55.482" endtime="20201107 10:27:57.484"></status>
</kw>
<kw name="Title Should Be" library="Selenium2Library">
<doc>Verifies that the current page title equals ``title``.</doc>
<arguments>
<arg>JSP Page</arg>
</arguments>
<msg timestamp="20201107 10:27:57.501" level="INFO">Page title is 'JSP Page'.</msg>
<status status="PASS" starttime="20201107 10:27:57.484" endtime="20201107 10:27:57.501"></status>
</kw>
<kw name="Capture Page Screenshot" library="Selenium2Library">
<doc>Takes a screenshot of the current page and embeds it into a log file.</doc>
<arguments>
<arg>Paso6.png</arg>
</arguments>
<msg timestamp="20201107 10:27:57.870" level="INFO" html="yes">&lt;/td&gt;&lt;/tr&gt;&lt;tr&gt;&lt;td colspan="3"&gt;&lt;a href="Pruebas/Paso6.png"&gt;&lt;img src="Pruebas/Paso6.png" width="800px"&gt;&lt;/a&gt;</msg>
<status status="PASS" starttime="20201107 10:27:57.502" endtime="20201107 10:27:57.870"></status>
</kw>
<kw name="Input Text" library="Selenium2Library">
<doc>Types the given ``text`` into the text field identified by ``locator``.</doc>
<arguments>
<arg>xpath=/html/body/center/div[2]/form/input[2]</arg>
<arg>Juan David</arg>
</arguments>
<msg timestamp="20201107 10:27:57.871" level="INFO">Typing text 'Juan David' into text field 'xpath=/html/body/center/div[2]/form/input[2]'.</msg>
<status status="PASS" starttime="20201107 10:27:57.870" endtime="20201107 10:27:58.501"></status>
</kw>
<kw name="Sleep" library="BuiltIn">
<doc>Pauses the test executed for the given time.</doc>
<arguments>
<arg>3s</arg>
</arguments>
<msg timestamp="20201107 10:28:01.504" level="INFO">Slept 3 seconds</msg>
<status status="PASS" starttime="20201107 10:27:58.503" endtime="20201107 10:28:01.504"></status>
</kw>
<kw name="Capture Page Screenshot" library="Selenium2Library">
<doc>Takes a screenshot of the current page and embeds it into a log file.</doc>
<arguments>
<arg>Paso7.png</arg>
</arguments>
<msg timestamp="20201107 10:28:01.810" level="INFO" html="yes">&lt;/td&gt;&lt;/tr&gt;&lt;tr&gt;&lt;td colspan="3"&gt;&lt;a href="Pruebas/Paso7.png"&gt;&lt;img src="Pruebas/Paso7.png" width="800px"&gt;&lt;/a&gt;</msg>
<status status="PASS" starttime="20201107 10:28:01.505" endtime="20201107 10:28:01.811"></status>
</kw>
<kw name="Click Element" library="Selenium2Library">
<doc>Click the element identified by ``locator``.</doc>
<arguments>
<arg>xpath=/html/body/center/div[2]/form/input[7]</arg>
</arguments>
<msg timestamp="20201107 10:28:01.814" level="INFO">Clicking element 'xpath=/html/body/center/div[2]/form/input[7]'.</msg>
<status status="PASS" starttime="20201107 10:28:01.814" endtime="20201107 10:28:02.724"></status>
</kw>
<kw name="Capture Page Screenshot" library="Selenium2Library">
<doc>Takes a screenshot of the current page and embeds it into a log file.</doc>
<arguments>
<arg>Paso8.png</arg>
</arguments>
<msg timestamp="20201107 10:28:03.167" level="INFO" html="yes">&lt;/td&gt;&lt;/tr&gt;&lt;tr&gt;&lt;td colspan="3"&gt;&lt;a href="Pruebas/Paso8.png"&gt;&lt;img src="Pruebas/Paso8.png" width="800px"&gt;&lt;/a&gt;</msg>
<status status="PASS" starttime="20201107 10:28:02.732" endtime="20201107 10:28:03.170"></status>
</kw>
<kw name="Sleep" library="BuiltIn">
<doc>Pauses the test executed for the given time.</doc>
<arguments>
<arg>3s</arg>
</arguments>
<msg timestamp="20201107 10:28:06.175" level="INFO">Slept 3 seconds</msg>
<status status="PASS" starttime="20201107 10:28:03.172" endtime="20201107 10:28:06.176"></status>
</kw>
<kw name="Close Browser" library="Selenium2Library">
<doc>Closes the current browser.</doc>
<status status="PASS" starttime="20201107 10:28:06.186" endtime="20201107 10:28:09.868"></status>
</kw>
<status status="PASS" starttime="20201107 10:27:27.869" endtime="20201107 10:28:09.869" critical="yes"></status>
</test>
<doc>El administrador Edita un usuario (paciente) desde su perfil de administrador</doc>
<status status="PASS" starttime="20201107 10:27:26.277" endtime="20201107 10:28:09.884"></status>
</suite>
<statistics>
<total>
<stat pass="1" fail="0">Critical Tests</stat>
<stat pass="1" fail="0">All Tests</stat>
</total>
<tag>
</tag>
<suite>
<stat pass="1" fail="0" id="s1" name="CP013">CP013</stat>
</suite>
</statistics>
<errors>
</errors>
</robot>
