<?xml version="1.0" encoding="UTF-8"?>
<robot generator="Robot 3.2.2 (Python 3.9.0 on win32)" generated="20201114 07:37:44.501" rpa="false">
<suite id="s1" name="CP003" source="C:\Users\cesar\PycharmProjects\prueba2\TestCases\casos-prueba-hipertic\registro\CP003\CP003.robot">
<test id="s1-t1" name="CP003 Hacer un registro llenando un solo campo del formulario">
<kw name="Open Browser" library="Selenium2Library">
<doc>Opens a new browser instance to the optional ``url``.</doc>
<arguments>
<arg>http://localhost:8080/Crud-java-web-oracle-Cesar/</arg>
<arg>chrome</arg>
</arguments>
<msg timestamp="20201114 07:37:45.085" level="INFO">Opening browser 'chrome' to base url 'http://localhost:8080/Crud-java-web-oracle-Cesar/'.</msg>
<status status="PASS" starttime="20201114 07:37:45.084" endtime="20201114 07:37:51.923"></status>
</kw>
<kw name="Wait Until Element Is Visible" library="Selenium2Library">
<doc>Waits until the element ``locator`` is visible.</doc>
<arguments>
<arg>xpath=/html/body/div/div/div/div/form/div[5]/a[1]</arg>
</arguments>
<status status="PASS" starttime="20201114 07:37:51.924" endtime="20201114 07:37:51.999"></status>
</kw>
<kw name="Set Screenshot Directory" library="Selenium2Library">
<doc>Sets the directory for captured screenshots.</doc>
<arguments>
<arg>Pruebas</arg>
</arguments>
<status status="PASS" starttime="20201114 07:37:52.000" endtime="20201114 07:37:52.001"></status>
</kw>
<kw name="Capture Page Screenshot" library="Selenium2Library">
<doc>Takes a screenshot of the current page and embeds it into a log file.</doc>
<arguments>
<arg>1.png</arg>
</arguments>
<msg timestamp="20201114 07:37:53.229" level="INFO" html="yes">&lt;/td&gt;&lt;/tr&gt;&lt;tr&gt;&lt;td colspan="3"&gt;&lt;a href="Pruebas/1.png"&gt;&lt;img src="Pruebas/1.png" width="800px"&gt;&lt;/a&gt;</msg>
<status status="PASS" starttime="20201114 07:37:52.001" endtime="20201114 07:37:53.229"></status>
</kw>
<kw name="Sleep" library="BuiltIn">
<doc>Pauses the test executed for the given time.</doc>
<arguments>
<arg>5s</arg>
</arguments>
<msg timestamp="20201114 07:37:58.235" level="INFO">Slept 5 seconds</msg>
<status status="PASS" starttime="20201114 07:37:53.233" endtime="20201114 07:37:58.235"></status>
</kw>
<kw name="Click Element" library="Selenium2Library">
<doc>Click the element identified by ``locator``.</doc>
<arguments>
<arg>xpath=/html/body/div/div/div/div/form/div[5]/a[1]</arg>
</arguments>
<msg timestamp="20201114 07:37:58.237" level="INFO">Clicking element 'xpath=/html/body/div/div/div/div/form/div[5]/a[1]'.</msg>
<status status="PASS" starttime="20201114 07:37:58.236" endtime="20201114 07:38:00.025"></status>
</kw>
<kw name="Capture Page Screenshot" library="Selenium2Library">
<doc>Takes a screenshot of the current page and embeds it into a log file.</doc>
<arguments>
<arg>2.png</arg>
</arguments>
<msg timestamp="20201114 07:38:00.408" level="INFO" html="yes">&lt;/td&gt;&lt;/tr&gt;&lt;tr&gt;&lt;td colspan="3"&gt;&lt;a href="Pruebas/2.png"&gt;&lt;img src="Pruebas/2.png" width="800px"&gt;&lt;/a&gt;</msg>
<status status="PASS" starttime="20201114 07:38:00.026" endtime="20201114 07:38:00.408"></status>
</kw>
<kw name="Sleep" library="BuiltIn">
<doc>Pauses the test executed for the given time.</doc>
<arguments>
<arg>3s</arg>
</arguments>
<msg timestamp="20201114 07:38:03.411" level="INFO">Slept 3 seconds</msg>
<status status="PASS" starttime="20201114 07:38:00.409" endtime="20201114 07:38:03.411"></status>
</kw>
<kw name="Input Text" library="Selenium2Library">
<doc>Types the given ``text`` into the text field identified by ``locator``.</doc>
<arguments>
<arg>xpath=/html/body/div/div/div/form/div[2]/input</arg>
<arg>usuario11</arg>
</arguments>
<msg timestamp="20201114 07:38:03.412" level="INFO">Typing text 'usuario11' into text field 'xpath=/html/body/div/div/div/form/div[2]/input'.</msg>
<status status="PASS" starttime="20201114 07:38:03.412" endtime="20201114 07:38:03.672"></status>
</kw>
<kw name="Capture Page Screenshot" library="Selenium2Library">
<doc>Takes a screenshot of the current page and embeds it into a log file.</doc>
<arguments>
<arg>3.png</arg>
</arguments>
<msg timestamp="20201114 07:38:04.091" level="INFO" html="yes">&lt;/td&gt;&lt;/tr&gt;&lt;tr&gt;&lt;td colspan="3"&gt;&lt;a href="Pruebas/3.png"&gt;&lt;img src="Pruebas/3.png" width="800px"&gt;&lt;/a&gt;</msg>
<status status="PASS" starttime="20201114 07:38:03.675" endtime="20201114 07:38:04.091"></status>
</kw>
<kw name="Sleep" library="BuiltIn">
<doc>Pauses the test executed for the given time.</doc>
<arguments>
<arg>2s</arg>
</arguments>
<msg timestamp="20201114 07:38:06.095" level="INFO">Slept 2 seconds</msg>
<status status="PASS" starttime="20201114 07:38:04.092" endtime="20201114 07:38:06.095"></status>
</kw>
<kw name="Click Element" library="Selenium2Library">
<doc>Click the element identified by ``locator``.</doc>
<arguments>
<arg>xpath=/html/body/div/div/div/form/div[7]/input</arg>
</arguments>
<msg timestamp="20201114 07:38:06.097" level="INFO">Clicking element 'xpath=/html/body/div/div/div/form/div[7]/input'.</msg>
<status status="PASS" starttime="20201114 07:38:06.096" endtime="20201114 07:38:06.270"></status>
</kw>
<kw name="Capture Page Screenshot" library="Selenium2Library">
<doc>Takes a screenshot of the current page and embeds it into a log file.</doc>
<arguments>
<arg>4.png</arg>
</arguments>
<msg timestamp="20201114 07:38:08.286" level="INFO" html="yes">&lt;/td&gt;&lt;/tr&gt;&lt;tr&gt;&lt;td colspan="3"&gt;&lt;a href="Pruebas/4.png"&gt;&lt;img src="Pruebas/4.png" width="800px"&gt;&lt;/a&gt;</msg>
<status status="PASS" starttime="20201114 07:38:06.272" endtime="20201114 07:38:08.287"></status>
</kw>
<kw name="Sleep" library="BuiltIn">
<doc>Pauses the test executed for the given time.</doc>
<arguments>
<arg>5s</arg>
</arguments>
<msg timestamp="20201114 07:38:13.289" level="INFO">Slept 5 seconds</msg>
<status status="PASS" starttime="20201114 07:38:08.288" endtime="20201114 07:38:13.289"></status>
</kw>
<kw name="Title Should Be" library="Selenium2Library">
<doc>Verifies that the current page title equals ``title``.</doc>
<arguments>
<arg>JSP Page</arg>
</arguments>
<msg timestamp="20201114 07:38:13.305" level="INFO">Page title is 'JSP Page'.</msg>
<status status="PASS" starttime="20201114 07:38:13.290" endtime="20201114 07:38:13.305"></status>
</kw>
<kw name="Page Should Contain" library="Selenium2Library">
<doc>Verifies that current page contains ``text``.</doc>
<arguments>
<arg>Registro</arg>
</arguments>
<msg timestamp="20201114 07:38:13.330" level="INFO">Current page contains text 'Registro'.</msg>
<status status="PASS" starttime="20201114 07:38:13.307" endtime="20201114 07:38:13.330"></status>
</kw>
<kw name="Capture Page Screenshot" library="Selenium2Library">
<doc>Takes a screenshot of the current page and embeds it into a log file.</doc>
<arguments>
<arg>5.png</arg>
</arguments>
<msg timestamp="20201114 07:38:13.738" level="INFO" html="yes">&lt;/td&gt;&lt;/tr&gt;&lt;tr&gt;&lt;td colspan="3"&gt;&lt;a href="Pruebas/5.png"&gt;&lt;img src="Pruebas/5.png" width="800px"&gt;&lt;/a&gt;</msg>
<status status="PASS" starttime="20201114 07:38:13.331" endtime="20201114 07:38:13.738"></status>
</kw>
<kw name="Sleep" library="BuiltIn">
<doc>Pauses the test executed for the given time.</doc>
<arguments>
<arg>10s</arg>
</arguments>
<msg timestamp="20201114 07:38:23.742" level="INFO">Slept 10 seconds</msg>
<status status="PASS" starttime="20201114 07:38:13.739" endtime="20201114 07:38:23.743"></status>
</kw>
<kw name="Close Browser" library="Selenium2Library">
<doc>Closes the current browser.</doc>
<status status="PASS" starttime="20201114 07:38:23.745" endtime="20201114 07:38:26.164"></status>
</kw>
<status status="PASS" starttime="20201114 07:37:45.083" endtime="20201114 07:38:26.165" critical="yes"></status>
</test>
<doc>Hacer un registro llenando un solo campo del formulario</doc>
<status status="PASS" starttime="20201114 07:37:44.505" endtime="20201114 07:38:26.228"></status>
</suite>
<statistics>
<total>
<stat pass="1" fail="0">Critical Tests</stat>
<stat pass="1" fail="0">All Tests</stat>
</total>
<tag>
</tag>
<suite>
<stat pass="1" fail="0" id="s1" name="CP003">CP003</stat>
</suite>
</statistics>
<errors>
</errors>
</robot>
