<?xml version="1.0" encoding="UTF-8"?>
<robot generator="Robot 3.2.2 (Python 3.9.0 on win32)" generated="20201106 17:12:08.145" rpa="false">
<suite id="s1" name="CP-013" source="C:\Users\Usuario\Desktop\Automatización pruebas\Funciones Admin\CP-013\CP-013.robot">
<test id="s1-t1" name="CP 013 El administrador Edita un usuario (paciente) desde su perfil de administrador">
<kw name="Open Browser" library="Selenium2Library">
<doc>Opens a new browser instance to the optional ``url``.</doc>
<arguments>
<arg>http://localhost:8080/Crud-java-web-oracle-Cesar/</arg>
<arg>chrome</arg>
</arguments>
<msg timestamp="20201106 17:12:08.355" level="INFO">Opening browser 'chrome' to base url 'http://localhost:8080/Crud-java-web-oracle-Cesar/'.</msg>
<status status="PASS" starttime="20201106 17:12:08.355" endtime="20201106 17:12:11.403"></status>
</kw>
<kw name="Wait Until Element Is Visible" library="Selenium2Library">
<doc>Waits until the element ``locator`` is visible.</doc>
<arguments>
<arg>xpath=/html/body/div/div/div/div/form/div[4]/input</arg>
</arguments>
<status status="PASS" starttime="20201106 17:12:11.404" endtime="20201106 17:12:11.482"></status>
</kw>
<kw name="Set Screenshot Directory" library="Selenium2Library">
<doc>Sets the directory for captured screenshots.</doc>
<arguments>
<arg>Pruebas</arg>
</arguments>
<status status="PASS" starttime="20201106 17:12:11.482" endtime="20201106 17:12:11.483"></status>
</kw>
<kw name="Capture Page Screenshot" library="Selenium2Library">
<doc>Takes a screenshot of the current page and embeds it into a log file.</doc>
<arguments>
<arg>Paso1y2.png</arg>
</arguments>
<msg timestamp="20201106 17:12:11.900" level="INFO" html="yes">&lt;/td&gt;&lt;/tr&gt;&lt;tr&gt;&lt;td colspan="3"&gt;&lt;a href="Pruebas/Paso1y2.png"&gt;&lt;img src="Pruebas/Paso1y2.png" width="800px"&gt;&lt;/a&gt;</msg>
<status status="PASS" starttime="20201106 17:12:11.483" endtime="20201106 17:12:11.900"></status>
</kw>
<kw name="Input Text" library="Selenium2Library">
<doc>Types the given ``text`` into the text field identified by ``locator``.</doc>
<arguments>
<arg>xpath=/html/body/div/div/div/div/form/div[2]/input</arg>
<arg>Admin</arg>
</arguments>
<msg timestamp="20201106 17:12:11.901" level="INFO">Typing text 'Admin' into text field 'xpath=/html/body/div/div/div/div/form/div[2]/input'.</msg>
<status status="PASS" starttime="20201106 17:12:11.900" endtime="20201106 17:12:12.036"></status>
</kw>
<kw name="Input Text" library="Selenium2Library">
<doc>Types the given ``text`` into the text field identified by ``locator``.</doc>
<arguments>
<arg>xpath=/html/body/div/div/div/div/form/div[3]/input</arg>
<arg>1234+1234</arg>
</arguments>
<msg timestamp="20201106 17:12:12.037" level="INFO">Typing text '1234+1234' into text field 'xpath=/html/body/div/div/div/div/form/div[3]/input'.</msg>
<status status="PASS" starttime="20201106 17:12:12.037" endtime="20201106 17:12:12.170"></status>
</kw>
<kw name="Capture Page Screenshot" library="Selenium2Library">
<doc>Takes a screenshot of the current page and embeds it into a log file.</doc>
<arguments>
<arg>Paso3.png</arg>
</arguments>
<msg timestamp="20201106 17:12:12.518" level="INFO" html="yes">&lt;/td&gt;&lt;/tr&gt;&lt;tr&gt;&lt;td colspan="3"&gt;&lt;a href="Pruebas/Paso3.png"&gt;&lt;img src="Pruebas/Paso3.png" width="800px"&gt;&lt;/a&gt;</msg>
<status status="PASS" starttime="20201106 17:12:12.170" endtime="20201106 17:12:12.518"></status>
</kw>
<kw name="Sleep" library="BuiltIn">
<doc>Pauses the test executed for the given time.</doc>
<arguments>
<arg>2s</arg>
</arguments>
<msg timestamp="20201106 17:12:14.519" level="INFO">Slept 2 seconds</msg>
<status status="PASS" starttime="20201106 17:12:12.518" endtime="20201106 17:12:14.519"></status>
</kw>
<kw name="Click Element" library="Selenium2Library">
<doc>Click the element identified by ``locator``.</doc>
<arguments>
<arg>xpath=/html/body/div/div/div/div/form/div[4]/input</arg>
</arguments>
<msg timestamp="20201106 17:12:14.519" level="INFO">Clicking element 'xpath=/html/body/div/div/div/div/form/div[4]/input'.</msg>
<status status="PASS" starttime="20201106 17:12:14.519" endtime="20201106 17:12:15.039"></status>
</kw>
<kw name="Sleep" library="BuiltIn">
<doc>Pauses the test executed for the given time.</doc>
<arguments>
<arg>5s</arg>
</arguments>
<msg timestamp="20201106 17:12:20.040" level="INFO">Slept 5 seconds</msg>
<status status="PASS" starttime="20201106 17:12:15.039" endtime="20201106 17:12:20.040"></status>
</kw>
<kw name="Title Should Be" library="Selenium2Library">
<doc>Verifies that the current page title equals ``title``.</doc>
<arguments>
<arg>Inicio</arg>
</arguments>
<msg timestamp="20201106 17:12:20.047" level="INFO">Page title is 'Inicio'.</msg>
<status status="PASS" starttime="20201106 17:12:20.040" endtime="20201106 17:12:20.048"></status>
</kw>
<kw name="Capture Page Screenshot" library="Selenium2Library">
<doc>Takes a screenshot of the current page and embeds it into a log file.</doc>
<arguments>
<arg>Paso3-2.png</arg>
</arguments>
<msg timestamp="20201106 17:12:20.379" level="INFO" html="yes">&lt;/td&gt;&lt;/tr&gt;&lt;tr&gt;&lt;td colspan="3"&gt;&lt;a href="Pruebas/Paso3-2.png"&gt;&lt;img src="Pruebas/Paso3-2.png" width="800px"&gt;&lt;/a&gt;</msg>
<status status="PASS" starttime="20201106 17:12:20.048" endtime="20201106 17:12:20.379"></status>
</kw>
<kw name="Click Element" library="Selenium2Library">
<doc>Click the element identified by ``locator``.</doc>
<arguments>
<arg>xpath=/html/body/nav/ul/li[4]/a</arg>
</arguments>
<msg timestamp="20201106 17:12:20.380" level="INFO">Clicking element 'xpath=/html/body/nav/ul/li[4]/a'.</msg>
<status status="PASS" starttime="20201106 17:12:20.380" endtime="20201106 17:12:20.699"></status>
</kw>
<kw name="Sleep" library="BuiltIn">
<doc>Pauses the test executed for the given time.</doc>
<arguments>
<arg>3s</arg>
</arguments>
<msg timestamp="20201106 17:12:23.701" level="INFO">Slept 3 seconds</msg>
<status status="PASS" starttime="20201106 17:12:20.700" endtime="20201106 17:12:23.701"></status>
</kw>
<kw name="Capture Page Screenshot" library="Selenium2Library">
<doc>Takes a screenshot of the current page and embeds it into a log file.</doc>
<arguments>
<arg>Paso4.png</arg>
</arguments>
<msg timestamp="20201106 17:12:23.960" level="INFO" html="yes">&lt;/td&gt;&lt;/tr&gt;&lt;tr&gt;&lt;td colspan="3"&gt;&lt;a href="Pruebas/Paso4.png"&gt;&lt;img src="Pruebas/Paso4.png" width="800px"&gt;&lt;/a&gt;</msg>
<status status="PASS" starttime="20201106 17:12:23.701" endtime="20201106 17:12:23.960"></status>
</kw>
<kw name="Click Element" library="Selenium2Library">
<doc>Click the element identified by ``locator``.</doc>
<arguments>
<arg>xpath=//*[@id="form-list-client"]/input[1]</arg>
</arguments>
<msg timestamp="20201106 17:12:23.960" level="INFO">Clicking element 'xpath=//*[@id="form-list-client"]/input[1]'.</msg>
<status status="PASS" starttime="20201106 17:12:23.960" endtime="20201106 17:12:24.118"></status>
</kw>
<kw name="Sleep" library="BuiltIn">
<doc>Pauses the test executed for the given time.</doc>
<arguments>
<arg>3s</arg>
</arguments>
<msg timestamp="20201106 17:12:27.121" level="INFO">Slept 3 seconds</msg>
<status status="PASS" starttime="20201106 17:12:24.119" endtime="20201106 17:12:27.121"></status>
</kw>
<kw name="Capture Page Screenshot" library="Selenium2Library">
<doc>Takes a screenshot of the current page and embeds it into a log file.</doc>
<arguments>
<arg>Paso5.png</arg>
</arguments>
<msg timestamp="20201106 17:12:27.382" level="INFO" html="yes">&lt;/td&gt;&lt;/tr&gt;&lt;tr&gt;&lt;td colspan="3"&gt;&lt;a href="Pruebas/Paso5.png"&gt;&lt;img src="Pruebas/Paso5.png" width="800px"&gt;&lt;/a&gt;</msg>
<status status="PASS" starttime="20201106 17:12:27.121" endtime="20201106 17:12:27.382"></status>
</kw>
<kw name="Click Element" library="Selenium2Library">
<doc>Click the element identified by ``locator``.</doc>
<arguments>
<arg>xpath=//*[@id="form-list-client-body"]/tr[3]/td[7]/form/input[2]</arg>
</arguments>
<msg timestamp="20201106 17:12:27.383" level="INFO">Clicking element 'xpath=//*[@id="form-list-client-body"]/tr[3]/td[7]/form/input[2]'.</msg>
<status status="PASS" starttime="20201106 17:12:27.383" endtime="20201106 17:12:27.538"></status>
</kw>
<kw name="Sleep" library="BuiltIn">
<doc>Pauses the test executed for the given time.</doc>
<arguments>
<arg>2s</arg>
</arguments>
<msg timestamp="20201106 17:12:29.540" level="INFO">Slept 2 seconds</msg>
<status status="PASS" starttime="20201106 17:12:27.538" endtime="20201106 17:12:29.540"></status>
</kw>
<kw name="Title Should Be" library="Selenium2Library">
<doc>Verifies that the current page title equals ``title``.</doc>
<arguments>
<arg>JSP Page</arg>
</arguments>
<msg timestamp="20201106 17:12:29.545" level="INFO">Page title is 'JSP Page'.</msg>
<status status="PASS" starttime="20201106 17:12:29.540" endtime="20201106 17:12:29.545"></status>
</kw>
<kw name="Capture Page Screenshot" library="Selenium2Library">
<doc>Takes a screenshot of the current page and embeds it into a log file.</doc>
<arguments>
<arg>Paso6.png</arg>
</arguments>
<msg timestamp="20201106 17:12:29.775" level="INFO" html="yes">&lt;/td&gt;&lt;/tr&gt;&lt;tr&gt;&lt;td colspan="3"&gt;&lt;a href="Pruebas/Paso6.png"&gt;&lt;img src="Pruebas/Paso6.png" width="800px"&gt;&lt;/a&gt;</msg>
<status status="PASS" starttime="20201106 17:12:29.545" endtime="20201106 17:12:29.775"></status>
</kw>
<kw name="Input Text" library="Selenium2Library">
<doc>Types the given ``text`` into the text field identified by ``locator``.</doc>
<arguments>
<arg>xpath=/html/body/center/div[2]/form/input[2]</arg>
<arg>Juan David</arg>
</arguments>
<msg timestamp="20201106 17:12:29.776" level="INFO">Typing text 'Juan David' into text field 'xpath=/html/body/center/div[2]/form/input[2]'.</msg>
<status status="PASS" starttime="20201106 17:12:29.776" endtime="20201106 17:12:29.895"></status>
</kw>
<kw name="Sleep" library="BuiltIn">
<doc>Pauses the test executed for the given time.</doc>
<arguments>
<arg>3s</arg>
</arguments>
<msg timestamp="20201106 17:12:32.897" level="INFO">Slept 3 seconds</msg>
<status status="PASS" starttime="20201106 17:12:29.896" endtime="20201106 17:12:32.897"></status>
</kw>
<kw name="Capture Page Screenshot" library="Selenium2Library">
<doc>Takes a screenshot of the current page and embeds it into a log file.</doc>
<arguments>
<arg>Paso7.png</arg>
</arguments>
<msg timestamp="20201106 17:12:33.146" level="INFO" html="yes">&lt;/td&gt;&lt;/tr&gt;&lt;tr&gt;&lt;td colspan="3"&gt;&lt;a href="Pruebas/Paso7.png"&gt;&lt;img src="Pruebas/Paso7.png" width="800px"&gt;&lt;/a&gt;</msg>
<status status="PASS" starttime="20201106 17:12:32.897" endtime="20201106 17:12:33.146"></status>
</kw>
<kw name="Click Element" library="Selenium2Library">
<doc>Click the element identified by ``locator``.</doc>
<arguments>
<arg>xpath=/html/body/center/div[2]/form/input[7]</arg>
</arguments>
<msg timestamp="20201106 17:12:33.148" level="INFO">Clicking element 'xpath=/html/body/center/div[2]/form/input[7]'.</msg>
<status status="PASS" starttime="20201106 17:12:33.147" endtime="20201106 17:12:33.288"></status>
</kw>
<kw name="Capture Page Screenshot" library="Selenium2Library">
<doc>Takes a screenshot of the current page and embeds it into a log file.</doc>
<arguments>
<arg>Paso8.png</arg>
</arguments>
<msg timestamp="20201106 17:12:33.563" level="INFO" html="yes">&lt;/td&gt;&lt;/tr&gt;&lt;tr&gt;&lt;td colspan="3"&gt;&lt;a href="Pruebas/Paso8.png"&gt;&lt;img src="Pruebas/Paso8.png" width="800px"&gt;&lt;/a&gt;</msg>
<status status="PASS" starttime="20201106 17:12:33.288" endtime="20201106 17:12:33.563"></status>
</kw>
<kw name="Sleep" library="BuiltIn">
<doc>Pauses the test executed for the given time.</doc>
<arguments>
<arg>3s</arg>
</arguments>
<msg timestamp="20201106 17:12:36.564" level="INFO">Slept 3 seconds</msg>
<status status="PASS" starttime="20201106 17:12:33.563" endtime="20201106 17:12:36.564"></status>
</kw>
<kw name="Close Browser" library="Selenium2Library">
<doc>Closes the current browser.</doc>
<status status="PASS" starttime="20201106 17:12:36.564" endtime="20201106 17:12:38.679"></status>
</kw>
<status status="PASS" starttime="20201106 17:12:08.354" endtime="20201106 17:12:38.679" critical="yes"></status>
</test>
<doc>El administrador Edita un usuario (paciente) desde su perfil de administrador</doc>
<status status="PASS" starttime="20201106 17:12:08.147" endtime="20201106 17:12:38.681"></status>
</suite>
<statistics>
<total>
<stat pass="1" fail="0">Critical Tests</stat>
<stat pass="1" fail="0">All Tests</stat>
</total>
<tag>
</tag>
<suite>
<stat pass="1" fail="0" id="s1" name="CP-013">CP-013</stat>
</suite>
</statistics>
<errors>
</errors>
</robot>
